<?xml version="1.0" encoding="UTF-8"?>
<coverage generated="1781073780468" clover="3.2.0">
  <project timestamp="1781073780468" name="All files">
    <metrics statements="2369" coveredstatements="1900" conditionals="2111" coveredconditionals="1312" methods="420" coveredmethods="361" elements="4900" coveredelements="3573" complexity="0" loc="2369" ncloc="2369" packages="14" files="47" classes="47"/>
    <package name="admin">
      <metrics statements="97" coveredstatements="74" conditionals="103" coveredconditionals="32" methods="22" coveredmethods="18"/>
      <file name="adminController.ts" path="C:\Users\Roberto\OneDrive\Desktop\Licenta\backend\src\modules\admin\adminController.ts">
        <metrics statements="97" coveredstatements="74" conditionals="103" coveredconditionals="32" methods="22" coveredmethods="18"/>
        <line num="2" count="1" type="stmt"/>
        <line num="3" count="1" type="stmt"/>
        <line num="4" count="1" type="stmt"/>
        <line num="5" count="1" type="stmt"/>
        <line num="7" count="2" type="stmt"/>
        <line num="8" count="2" type="stmt"/>
        <line num="9" count="2" type="stmt"/>
        <line num="10" count="1" type="stmt"/>
        <line num="16" count="1" type="stmt"/>
        <line num="17" count="1" type="stmt"/>
        <line num="21" count="5" type="stmt"/>
        <line num="22" count="5" type="stmt"/>
        <line num="23" count="5" type="stmt"/>
        <line num="25" count="5" type="cond" truecount="7" falsecount="0"/>
        <line num="26" count="1" type="stmt"/>
        <line num="27" count="1" type="stmt"/>
        <line num="30" count="4" type="stmt"/>
        <line num="32" count="4" type="cond" truecount="2" falsecount="0"/>
        <line num="33" count="1" type="stmt"/>
        <line num="34" count="1" type="stmt"/>
        <line num="37" count="3" type="cond" truecount="4" falsecount="0"/>
        <line num="38" count="1" type="stmt"/>
        <line num="39" count="1" type="stmt"/>
        <line num="42" count="2" type="stmt"/>
        <line num="63" count="1" type="stmt"/>
        <line num="71" count="1" type="stmt"/>
        <line num="73" count="1" type="stmt"/>
        <line num="74" count="1" type="stmt"/>
        <line num="78" count="3" type="stmt"/>
        <line num="79" count="3" type="stmt"/>
        <line num="84" count="3" type="stmt"/>
        <line num="86" count="3" type="cond" truecount="7" falsecount="0"/>
        <line num="87" count="1" type="stmt"/>
        <line num="88" count="1" type="stmt"/>
        <line num="91" count="2" type="stmt"/>
        <line num="107" count="1" type="stmt"/>
        <line num="115" count="1" type="stmt"/>
        <line num="117" count="1" type="stmt"/>
        <line num="118" count="1" type="stmt"/>
        <line num="122" count="1" type="stmt"/>
        <line num="123" count="1" type="stmt"/>
        <line num="124" count="1" type="cond" truecount="1" falsecount="1"/>
        <line num="125" count="1" type="stmt"/>
        <line num="126" count="1" type="stmt"/>
        <line num="129" count="0" type="stmt"/>
        <line num="130" count="0" type="stmt"/>
        <line num="132" count="0" type="stmt"/>
        <line num="133" count="0" type="stmt"/>
        <line num="134" count="0" type="stmt"/>
        <line num="135" count="0" type="stmt"/>
        <line num="137" count="0" type="stmt"/>
        <line num="138" count="0" type="stmt"/>
        <line num="139" count="0" type="cond" truecount="0" falsecount="7"/>
        <line num="140" count="0" type="stmt"/>
        <line num="141" count="0" type="stmt"/>
        <line num="144" count="0" type="stmt"/>
        <line num="186" count="0" type="stmt"/>
        <line num="188" count="0" type="stmt"/>
        <line num="189" count="0" type="stmt"/>
        <line num="194" count="0" type="stmt"/>
        <line num="196" count="0" type="stmt"/>
        <line num="199" count="0" type="stmt"/>
        <line num="200" count="0" type="stmt"/>
        <line num="204" count="0" type="stmt"/>
        <line num="205" count="0" type="stmt"/>
        <line num="208" count="2" type="stmt"/>
        <line num="209" count="2" type="stmt"/>
        <line num="210" count="2" type="stmt"/>
        <line num="221" count="1" type="stmt"/>
        <line num="223" count="1" type="stmt"/>
        <line num="224" count="1" type="stmt"/>
        <line num="228" count="2" type="stmt"/>
        <line num="229" count="2" type="stmt"/>
        <line num="230" count="2" type="stmt"/>
        <line num="233" count="1" type="stmt"/>
        <line num="235" count="1" type="stmt"/>
        <line num="236" count="1" type="stmt"/>
        <line num="240" count="2" type="stmt"/>
        <line num="241" count="2" type="stmt"/>
        <line num="242" count="2" type="stmt"/>
        <line num="243" count="2" type="stmt"/>
        <line num="245" count="2" type="stmt"/>
        <line num="250" count="1" type="stmt"/>
        <line num="252" count="1" type="stmt"/>
        <line num="253" count="1" type="stmt"/>
        <line num="257" count="2" type="stmt"/>
        <line num="258" count="2" type="stmt"/>
        <line num="259" count="2" type="stmt"/>
        <line num="261" count="2" type="stmt"/>
        <line num="265" count="1" type="stmt"/>
        <line num="267" count="1" type="stmt"/>
        <line num="268" count="1" type="stmt"/>
        <line num="272" count="1" type="stmt"/>
        <line num="273" count="1" type="stmt"/>
        <line num="276" count="1" type="stmt"/>
        <line num="281" count="0" type="stmt"/>
        <line num="282" count="0" type="stmt"/>
      </file>
    </package>
    <package name="ai">
      <metrics statements="292" coveredstatements="141" conditionals="344" coveredconditionals="88" methods="33" coveredmethods="18"/>
      <file name="aiController.ts" path="C:\Users\Roberto\OneDrive\Desktop\Licenta\backend\src\modules\ai\aiController.ts">
        <metrics statements="281" coveredstatements="130" conditionals="344" coveredconditionals="88" methods="26" coveredmethods="11"/>
        <line num="2" count="2" type="stmt"/>
        <line num="3" count="2" type="stmt"/>
        <line num="4" count="2" type="stmt"/>
        <line num="5" count="2" type="stmt"/>
        <line num="6" count="2" type="stmt"/>
        <line num="7" count="2" type="stmt"/>
        <line num="10" count="2" type="stmt"/>
        <line num="11" count="2" type="stmt"/>
        <line num="12" count="2" type="cond" truecount="2" falsecount="0"/>
        <line num="13" count="2" type="stmt"/>
        <line num="16" count="2" type="stmt"/>
        <line num="23" count="5" type="stmt"/>
        <line num="24" count="5" type="stmt"/>
        <line num="26" count="5" type="cond" truecount="2" falsecount="0"/>
        <line num="27" count="2" type="stmt"/>
        <line num="28" count="2" type="stmt"/>
        <line num="32" count="3" type="stmt"/>
        <line num="33" count="3" type="stmt"/>
        <line num="34" count="3" type="stmt"/>
        <line num="35" count="3" type="stmt"/>
        <line num="37" count="3" type="stmt"/>
        <line num="38" count="0" type="stmt"/>
        <line num="39" count="0" type="stmt"/>
        <line num="40" count="0" type="stmt"/>
        <line num="43" count="3" type="stmt"/>
        <line num="46" count="3" type="stmt"/>
        <line num="55" count="10" type="stmt"/>
        <line num="56" count="4" type="cond" truecount="1" falsecount="1"/>
        <line num="57" count="4" type="stmt"/>
        <line num="61" count="2" type="stmt"/>
        <line num="62" count="2" type="stmt"/>
        <line num="63" count="2" type="stmt"/>
        <line num="66" count="1" type="stmt"/>
        <line num="67" count="1" type="cond" truecount="9" falsecount="8"/>
        <line num="68" count="1" type="stmt"/>
        <line num="72" count="0" type="stmt"/>
        <line num="74" count="1" type="stmt"/>
        <line num="75" count="1" type="stmt"/>
        <line num="83" count="3" type="stmt"/>
        <line num="85" count="3" type="stmt"/>
        <line num="86" count="3" type="stmt"/>
        <line num="87" count="3" type="stmt"/>
        <line num="88" count="3" type="stmt"/>
        <line num="89" count="3" type="stmt"/>
        <line num="91" count="3" type="stmt"/>
        <line num="92" count="0" type="stmt"/>
        <line num="93" count="0" type="stmt"/>
        <line num="94" count="0" type="stmt"/>
        <line num="96" count="3" type="stmt"/>
        <line num="100" count="3" type="cond" truecount="2" falsecount="0"/>
        <line num="101" count="1" type="stmt"/>
        <line num="102" count="1" type="cond" truecount="2" falsecount="3"/>
        <line num="103" count="1" type="stmt"/>
        <line num="104" count="1" type="stmt"/>
        <line num="105" count="1" type="stmt"/>
        <line num="106" count="1" type="stmt"/>
        <line num="108" count="0" type="stmt"/>
        <line num="110" count="0" type="stmt"/>
        <line num="132" count="0" type="cond" truecount="0" falsecount="5"/>
        <line num="133" count="0" type="stmt"/>
        <line num="134" count="0" type="stmt"/>
        <line num="135" count="0" type="stmt"/>
        <line num="136" count="0" type="stmt"/>
        <line num="140" count="0" type="stmt"/>
        <line num="141" count="0" type="cond" truecount="0" falsecount="2"/>
        <line num="142" count="0" type="stmt"/>
        <line num="144" count="0" type="stmt"/>
        <line num="145" count="0" type="stmt"/>
        <line num="149" count="0" type="stmt"/>
        <line num="150" count="0" type="stmt"/>
        <line num="151" count="0" type="cond" truecount="0" falsecount="2"/>
        <line num="152" count="0" type="stmt"/>
        <line num="153" count="0" type="stmt"/>
        <line num="154" count="0" type="stmt"/>
        <line num="155" count="0" type="stmt"/>
        <line num="163" count="0" type="stmt"/>
        <line num="174" count="0" type="cond" truecount="0" falsecount="6"/>
        <line num="211" count="2" type="stmt"/>
        <line num="212" count="2" type="stmt"/>
        <line num="213" count="2" type="cond" truecount="4" falsecount="0"/>
        <line num="214" count="1" type="stmt"/>
        <line num="215" count="1" type="stmt"/>
        <line num="216" count="1" type="stmt"/>
        <line num="217" count="1" type="stmt"/>
        <line num="219" count="1" type="stmt"/>
        <line num="226" count="1" type="stmt"/>
        <line num="227" count="1" type="stmt"/>
        <line num="228" count="1" type="stmt"/>
        <line num="229" count="1" type="stmt"/>
        <line num="231" count="1" type="cond" truecount="1" falsecount="1"/>
        <line num="232" count="0" type="stmt"/>
        <line num="234" count="2" type="stmt"/>
        <line num="235" count="1" type="stmt"/>
        <line num="238" count="1" type="stmt"/>
        <line num="239" count="1" type="stmt"/>
        <line num="240" count="1" type="stmt"/>
        <line num="241" count="1" type="stmt"/>
        <line num="242" count="1" type="stmt"/>
        <line num="247" count="1" type="stmt"/>
        <line num="249" count="0" type="stmt"/>
        <line num="250" count="0" type="cond" truecount="0" falsecount="8"/>
        <line num="253" count="1" type="cond" truecount="1" falsecount="1"/>
        <line num="255" count="3" type="stmt"/>
        <line num="256" count="1" type="cond" truecount="1" falsecount="1"/>
        <line num="259" count="1" type="stmt"/>
        <line num="260" count="1" type="stmt"/>
        <line num="261" count="1" type="stmt"/>
        <line num="263" count="0" type="stmt"/>
        <line num="264" count="0" type="stmt"/>
        <line num="265" count="0" type="stmt"/>
        <line num="266" count="0" type="stmt"/>
        <line num="272" count="1" type="stmt"/>
        <line num="273" count="1" type="stmt"/>
        <line num="274" count="1" type="cond" truecount="1" falsecount="1"/>
        <line num="275" count="1" type="stmt"/>
        <line num="276" count="1" type="stmt"/>
        <line num="279" count="0" type="stmt"/>
        <line num="280" count="0" type="stmt"/>
        <line num="281" count="0" type="stmt"/>
        <line num="282" count="0" type="stmt"/>
        <line num="284" count="0" type="stmt"/>
        <line num="285" count="0" type="stmt"/>
        <line num="286" count="0" type="stmt"/>
        <line num="287" count="0" type="stmt"/>
        <line num="290" count="0" type="stmt"/>
        <line num="291" count="0" type="stmt"/>
        <line num="292" count="0" type="stmt"/>
        <line num="297" count="0" type="cond" truecount="0" falsecount="2"/>
        <line num="298" count="0" type="stmt"/>
        <line num="299" count="0" type="stmt"/>
        <line num="300" count="0" type="stmt"/>
        <line num="301" count="0" type="stmt"/>
        <line num="304" count="0" type="cond" truecount="0" falsecount="2"/>
        <line num="305" count="0" type="cond" truecount="0" falsecount="4"/>
        <line num="306" count="0" type="stmt"/>
        <line num="309" count="0" type="stmt"/>
        <line num="316" count="0" type="stmt"/>
        <line num="317" count="0" type="stmt"/>
        <line num="319" count="0" type="stmt"/>
        <line num="320" count="0" type="stmt"/>
        <line num="321" count="0" type="stmt"/>
        <line num="325" count="0" type="stmt"/>
        <line num="327" count="0" type="stmt"/>
        <line num="328" count="0" type="cond" truecount="0" falsecount="15"/>
        <line num="329" count="0" type="cond" truecount="0" falsecount="2"/>
        <line num="330" count="0" type="stmt"/>
        <line num="334" count="0" type="cond" truecount="0" falsecount="2"/>
        <line num="335" count="0" type="stmt"/>
        <line num="338" count="0" type="stmt"/>
        <line num="339" count="0" type="cond" truecount="0" falsecount="2"/>
        <line num="340" count="0" type="stmt"/>
        <line num="344" count="0" type="stmt"/>
        <line num="345" count="0" type="stmt"/>
        <line num="346" count="0" type="stmt"/>
        <line num="348" count="0" type="stmt"/>
        <line num="349" count="0" type="stmt"/>
        <line num="350" count="0" type="stmt"/>
        <line num="351" count="0" type="stmt"/>
        <line num="362" count="2" type="stmt"/>
        <line num="363" count="2" type="stmt"/>
        <line num="365" count="2" type="cond" truecount="2" falsecount="0"/>
        <line num="366" count="1" type="stmt"/>
        <line num="367" count="1" type="stmt"/>
        <line num="370" count="1" type="cond" truecount="1" falsecount="1"/>
        <line num="374" count="1" type="stmt"/>
        <line num="375" count="1" type="stmt"/>
        <line num="377" count="1" type="stmt"/>
        <line num="378" count="1" type="stmt"/>
        <line num="379" count="1" type="stmt"/>
        <line num="387" count="1" type="stmt"/>
        <line num="389" count="0" type="stmt"/>
        <line num="390" count="0" type="cond" truecount="0" falsecount="15"/>
        <line num="391" count="0" type="cond" truecount="0" falsecount="2"/>
        <line num="392" count="0" type="stmt"/>
        <line num="393" count="0" type="stmt"/>
        <line num="395" count="0" type="cond" truecount="0" falsecount="8"/>
        <line num="396" count="0" type="stmt"/>
        <line num="400" count="1" type="cond" truecount="1" falsecount="1"/>
        <line num="401" count="0" type="cond" truecount="0" falsecount="4"/>
        <line num="402" count="0" type="stmt"/>
        <line num="405" count="1" type="cond" truecount="3" falsecount="1"/>
        <line num="406" count="1" type="stmt"/>
        <line num="409" count="0" type="stmt"/>
        <line num="410" count="0" type="stmt"/>
        <line num="420" count="3" type="stmt"/>
        <line num="422" count="3" type="stmt"/>
        <line num="423" count="3" type="stmt"/>
        <line num="424" count="3" type="stmt"/>
        <line num="426" count="3" type="cond" truecount="2" falsecount="0"/>
        <line num="427" count="1" type="stmt"/>
        <line num="428" count="1" type="stmt"/>
        <line num="431" count="2" type="cond" truecount="4" falsecount="0"/>
        <line num="432" count="2" type="cond" truecount="6" falsecount="2"/>
        <line num="434" count="0" type="stmt"/>
        <line num="435" count="0" type="stmt"/>
        <line num="445" count="4" type="stmt"/>
        <line num="447" count="4" type="stmt"/>
        <line num="449" count="4" type="cond" truecount="4" falsecount="0"/>
        <line num="450" count="2" type="stmt"/>
        <line num="451" count="2" type="stmt"/>
        <line num="454" count="2" type="stmt"/>
        <line num="460" count="2" type="stmt"/>
        <line num="462" count="0" type="stmt"/>
        <line num="463" count="0" type="stmt"/>
        <line num="474" count="7" type="stmt"/>
        <line num="475" count="7" type="stmt"/>
        <line num="477" count="7" type="cond" truecount="6" falsecount="0"/>
        <line num="478" count="1" type="stmt"/>
        <line num="479" count="1" type="stmt"/>
        <line num="482" count="6" type="stmt"/>
        <line num="483" count="6" type="cond" truecount="2" falsecount="0"/>
        <line num="484" count="2" type="stmt"/>
        <line num="485" count="2" type="stmt"/>
        <line num="488" count="4" type="stmt"/>
        <line num="489" count="4" type="cond" truecount="4" falsecount="1"/>
        <line num="490" count="0" type="stmt"/>
        <line num="491" count="0" type="stmt"/>
        <line num="495" count="4" type="stmt"/>
        <line num="496" count="4" type="cond" truecount="2" falsecount="0"/>
        <line num="497" count="2" type="stmt"/>
        <line num="498" count="2" type="stmt"/>
        <line num="501" count="2" type="stmt"/>
        <line num="513" count="2" type="stmt"/>
        <line num="515" count="0" type="stmt"/>
        <line num="516" count="0" type="cond" truecount="0" falsecount="4"/>
        <line num="529" count="2" type="stmt"/>
        <line num="530" count="0" type="stmt"/>
        <line num="536" count="0" type="stmt"/>
        <line num="538" count="0" type="cond" truecount="0" falsecount="5"/>
        <line num="539" count="0" type="stmt"/>
        <line num="540" count="0" type="stmt"/>
        <line num="543" count="0" type="stmt"/>
        <line num="544" count="0" type="stmt"/>
        <line num="545" count="0" type="stmt"/>
        <line num="546" count="0" type="stmt"/>
        <line num="548" count="0" type="stmt"/>
        <line num="549" count="0" type="stmt"/>
        <line num="550" count="0" type="stmt"/>
        <line num="551" count="0" type="stmt"/>
        <line num="554" count="0" type="stmt"/>
        <line num="557" count="0" type="stmt"/>
        <line num="558" count="0" type="stmt"/>
        <line num="559" count="0" type="stmt"/>
        <line num="560" count="0" type="stmt"/>
        <line num="562" count="0" type="cond" truecount="0" falsecount="2"/>
        <line num="563" count="0" type="stmt"/>
        <line num="564" count="0" type="stmt"/>
        <line num="565" count="0" type="stmt"/>
        <line num="566" count="0" type="stmt"/>
        <line num="567" count="0" type="stmt"/>
        <line num="570" count="0" type="stmt"/>
        <line num="571" count="0" type="stmt"/>
        <line num="574" count="0" type="cond" truecount="0" falsecount="2"/>
        <line num="578" count="0" type="stmt"/>
        <line num="597" count="0" type="stmt"/>
        <line num="598" count="0" type="stmt"/>
        <line num="600" count="0" type="stmt"/>
        <line num="601" count="0" type="stmt"/>
        <line num="602" count="0" type="stmt"/>
        <line num="607" count="0" type="stmt"/>
        <line num="609" count="0" type="stmt"/>
        <line num="610" count="0" type="cond" truecount="0" falsecount="15"/>
        <line num="611" count="0" type="cond" truecount="0" falsecount="2"/>
        <line num="612" count="0" type="stmt"/>
        <line num="613" count="0" type="stmt"/>
        <line num="615" count="0" type="cond" truecount="0" falsecount="8"/>
        <line num="616" count="0" type="stmt"/>
        <line num="620" count="0" type="cond" truecount="0" falsecount="2"/>
        <line num="621" count="0" type="cond" truecount="0" falsecount="4"/>
        <line num="622" count="0" type="stmt"/>
        <line num="625" count="0" type="stmt"/>
        <line num="626" count="0" type="cond" truecount="0" falsecount="4"/>
        <line num="627" count="0" type="cond" truecount="0" falsecount="2"/>
        <line num="628" count="0" type="stmt"/>
        <line num="632" count="0" type="stmt"/>
        <line num="633" count="0" type="stmt"/>
        <line num="634" count="0" type="stmt"/>
        <line num="637" count="0" type="stmt"/>
        <line num="638" count="0" type="stmt"/>
        <line num="639" count="0" type="stmt"/>
        <line num="640" count="0" type="stmt"/>
      </file>
      <file name="chatSummaryRepository.ts" path="C:\Users\Roberto\OneDrive\Desktop\Licenta\backend\src\modules\ai\chatSummaryRepository.ts">
        <metrics statements="5" coveredstatements="5" conditionals="0" coveredconditionals="0" methods="3" coveredmethods="3"/>
        <line num="1" count="2" type="stmt"/>
        <line num="3" count="2" type="stmt"/>
        <line num="9" count="1" type="stmt"/>
        <line num="22" count="1" type="stmt"/>
        <line num="41" count="1" type="stmt"/>
      </file>
      <file name="normativeChunkRepository.ts" path="C:\Users\Roberto\OneDrive\Desktop\Licenta\backend\src\modules\ai\normativeChunkRepository.ts">
        <metrics statements="6" coveredstatements="6" conditionals="0" coveredconditionals="0" methods="4" coveredmethods="4"/>
        <line num="2" count="1" type="stmt"/>
        <line num="14" count="1" type="stmt"/>
        <line num="17" count="1" type="stmt"/>
        <line num="34" count="1" type="stmt"/>
        <line num="47" count="1" type="stmt"/>
        <line num="57" count="1" type="stmt"/>
      </file>
    </package>
    <package name="ai.services">
      <metrics statements="369" coveredstatements="339" conditionals="373" coveredconditionals="296" methods="57" coveredmethods="52"/>
      <file name="agentOrchestrator.ts" path="C:\Users\Roberto\OneDrive\Desktop\Licenta\backend\src\modules\ai\services\agentOrchestrator.ts">
        <metrics statements="89" coveredstatements="73" conditionals="165" coveredconditionals="121" methods="11" coveredmethods="7"/>
        <line num="2" count="4" type="stmt"/>
        <line num="3" count="4" type="stmt"/>
        <line num="6" count="4" type="stmt"/>
        <line num="7" count="4" type="stmt"/>
        <line num="8" count="4" type="stmt"/>
        <line num="9" count="4" type="stmt"/>
        <line num="10" count="4" type="stmt"/>
        <line num="12" count="4" type="stmt"/>
        <line num="14" count="5" type="stmt"/>
        <line num="30" count="5" type="cond" truecount="2" falsecount="0"/>
        <line num="31" count="1" type="stmt"/>
        <line num="32" count="1" type="stmt"/>
        <line num="36" count="4" type="cond" truecount="3" falsecount="1"/>
        <line num="37" count="4" type="stmt"/>
        <line num="38" count="4" type="stmt"/>
        <line num="41" count="4" type="stmt"/>
        <line num="42" count="4" type="cond" truecount="1" falsecount="1"/>
        <line num="43" count="0" type="stmt"/>
        <line num="44" count="0" type="stmt"/>
        <line num="45" count="0" type="stmt"/>
        <line num="46" count="0" type="stmt"/>
        <line num="48" count="0" type="stmt"/>
        <line num="52" count="4" type="stmt"/>
        <line num="58" count="4" type="stmt"/>
        <line num="60" count="4" type="stmt"/>
        <line num="61" count="4" type="cond" truecount="3" falsecount="1"/>
        <line num="62" count="0" type="stmt"/>
        <line num="66" count="0" type="cond" truecount="0" falsecount="2"/>
        <line num="71" count="4" type="stmt"/>
        <line num="83" count="4" type="stmt"/>
        <line num="85" count="4" type="stmt"/>
        <line num="86" count="6" type="stmt"/>
        <line num="87" count="7" type="stmt"/>
        <line num="88" count="7" type="stmt"/>
        <line num="92" count="3" type="stmt"/>
        <line num="94" count="4" type="stmt"/>
        <line num="95" count="4" type="cond" truecount="7" falsecount="1"/>
        <line num="100" count="4" type="cond" truecount="4" falsecount="0"/>
        <line num="101" count="1" type="stmt"/>
        <line num="102" count="1" type="stmt"/>
        <line num="103" count="1" type="stmt"/>
        <line num="104" count="1" type="stmt"/>
        <line num="107" count="3" type="cond" truecount="6" falsecount="2"/>
        <line num="108" count="3" type="stmt"/>
        <line num="113" count="1" type="cond" truecount="3" falsecount="1"/>
        <line num="114" count="1" type="stmt"/>
        <line num="118" count="4" type="stmt"/>
        <line num="119" count="3" type="stmt"/>
        <line num="123" count="3" type="cond" truecount="3" falsecount="1"/>
        <line num="126" count="3" type="stmt"/>
        <line num="135" count="3" type="stmt"/>
        <line num="137" count="3" type="stmt"/>
        <line num="138" count="15" type="stmt"/>
        <line num="139" count="15" type="cond" truecount="4" falsecount="2"/>
        <line num="140" count="15" type="cond" truecount="1" falsecount="1"/>
        <line num="142" count="15" type="cond" truecount="3" falsecount="1"/>
        <line num="143" count="15" type="stmt"/>
        <line num="144" count="15" type="cond" truecount="1" falsecount="1"/>
        <line num="146" count="0" type="stmt"/>
        <line num="147" count="0" type="stmt"/>
        <line num="150" count="0" type="stmt"/>
        <line num="154" count="3" type="cond" truecount="1" falsecount="1"/>
        <line num="158" count="3" type="stmt"/>
        <line num="165" count="3" type="stmt"/>
        <line num="167" count="3" type="stmt"/>
        <line num="168" count="4" type="stmt"/>
        <line num="169" count="5" type="stmt"/>
        <line num="170" count="5" type="stmt"/>
        <line num="179" count="4" type="cond" truecount="3" falsecount="1"/>
        <line num="180" count="4" type="stmt"/>
        <line num="182" count="3" type="stmt"/>
        <line num="183" count="3" type="stmt"/>
        <line num="186" count="2" type="stmt"/>
        <line num="187" count="2" type="cond" truecount="7" falsecount="1"/>
        <line num="192" count="2" type="cond" truecount="14" falsecount="4"/>
        <line num="194" count="2" type="cond" truecount="2" falsecount="2"/>
        <line num="195" count="0" type="stmt"/>
        <line num="196" count="0" type="stmt"/>
        <line num="197" count="0" type="stmt"/>
        <line num="198" count="0" type="stmt"/>
        <line num="201" count="2" type="cond" truecount="4" falsecount="0"/>
        <line num="202" count="1" type="stmt"/>
        <line num="203" count="1" type="cond" truecount="3" falsecount="1"/>
        <line num="204" count="1" type="stmt"/>
        <line num="205" count="1" type="stmt"/>
        <line num="208" count="1" type="cond" truecount="6" falsecount="2"/>
        <line num="209" count="1" type="stmt"/>
        <line num="214" count="0" type="cond" truecount="0" falsecount="4"/>
        <line num="215" count="0" type="stmt"/>
      </file>
      <file name="agentRouter.ts" path="C:\Users\Roberto\OneDrive\Desktop\Licenta\backend\src\modules\ai\services\agentRouter.ts">
        <metrics statements="63" coveredstatements="56" conditionals="37" coveredconditionals="31" methods="5" coveredmethods="5"/>
        <line num="2" count="5" type="stmt"/>
        <line num="4" count="5" type="stmt"/>
        <line num="16" count="5" type="stmt"/>
        <line num="19" count="54" type="stmt"/>
        <line num="20" count="54" type="stmt"/>
        <line num="21" count="54" type="stmt"/>
        <line num="22" count="54" type="stmt"/>
        <line num="23" count="162" type="stmt"/>
        <line num="24" count="162" type="stmt"/>
        <line num="25" count="162" type="stmt"/>
        <line num="27" count="54" type="stmt"/>
        <line num="30" count="5" type="stmt"/>
        <line num="39" count="5" type="stmt"/>
        <line num="40" count="9" type="stmt"/>
        <line num="43" count="5" type="stmt"/>
        <line num="56" count="5" type="stmt"/>
        <line num="60" count="8" type="stmt"/>
        <line num="61" count="8" type="stmt"/>
        <line num="63" count="8" type="cond" truecount="2" falsecount="0"/>
        <line num="64" count="1" type="stmt"/>
        <line num="66" count="8" type="cond" truecount="1" falsecount="1"/>
        <line num="67" count="0" type="stmt"/>
        <line num="69" count="8" type="cond" truecount="2" falsecount="0"/>
        <line num="70" count="1" type="stmt"/>
        <line num="72" count="8" type="cond" truecount="1" falsecount="1"/>
        <line num="73" count="0" type="stmt"/>
        <line num="75" count="8" type="cond" truecount="1" falsecount="1"/>
        <line num="76" count="0" type="stmt"/>
        <line num="78" count="8" type="cond" truecount="2" falsecount="0"/>
        <line num="79" count="1" type="stmt"/>
        <line num="80" count="1" type="stmt"/>
        <line num="82" count="8" type="cond" truecount="1" falsecount="1"/>
        <line num="83" count="0" type="stmt"/>
        <line num="85" count="8" type="cond" truecount="1" falsecount="1"/>
        <line num="86" count="0" type="stmt"/>
        <line num="88" count="8" type="cond" truecount="1" falsecount="1"/>
        <line num="89" count="0" type="stmt"/>
        <line num="92" count="8" type="cond" truecount="2" falsecount="0"/>
        <line num="93" count="6" type="stmt"/>
        <line num="94" count="6" type="cond" truecount="2" falsecount="0"/>
        <line num="95" count="1" type="stmt"/>
        <line num="96" count="1" type="stmt"/>
        <line num="97" count="9" type="stmt"/>
        <line num="101" count="6" type="stmt"/>
        <line num="102" count="6" type="stmt"/>
        <line num="104" count="6" type="stmt"/>
        <line num="105" count="54" type="stmt"/>
        <line num="106" count="54" type="cond" truecount="2" falsecount="0"/>
        <line num="107" count="3" type="stmt"/>
        <line num="108" count="3" type="stmt"/>
        <line num="109" count="3" type="stmt"/>
        <line num="111" count="3" type="cond" truecount="2" falsecount="0"/>
        <line num="115" count="6" type="cond" truecount="2" falsecount="0"/>
        <line num="116" count="2" type="stmt"/>
        <line num="119" count="0" type="stmt"/>
        <line num="123" count="8" type="cond" truecount="5" falsecount="0"/>
        <line num="124" count="4" type="stmt"/>
        <line num="125" count="2" type="stmt"/>
        <line num="129" count="8" type="cond" truecount="2" falsecount="0"/>
        <line num="130" count="1" type="stmt"/>
        <line num="133" count="8" type="cond" truecount="2" falsecount="0"/>
        <line num="134" count="2" type="stmt"/>
        <line num="137" count="8" type="stmt"/>
      </file>
      <file name="aiClient.ts" path="C:\Users\Roberto\OneDrive\Desktop\Licenta\backend\src\modules\ai\services\aiClient.ts">
        <metrics statements="8" coveredstatements="8" conditionals="2" coveredconditionals="2" methods="1" coveredmethods="1"/>
        <line num="1" count="8" type="stmt"/>
        <line num="3" count="8" type="stmt"/>
        <line num="5" count="8" type="stmt"/>
        <line num="6" count="2" type="cond" truecount="2" falsecount="0"/>
        <line num="7" count="2" type="stmt"/>
        <line num="10" count="8" type="stmt"/>
        <line num="11" count="8" type="stmt"/>
        <line num="12" count="8" type="stmt"/>
      </file>
      <file name="chatPromptBuilder.ts" path="C:\Users\Roberto\OneDrive\Desktop\Licenta\backend\src\modules\ai\services\chatPromptBuilder.ts">
        <metrics statements="24" coveredstatements="24" conditionals="22" coveredconditionals="22" methods="5" coveredmethods="5"/>
        <line num="2" count="4" type="stmt"/>
        <line num="16" count="10" type="cond" truecount="2" falsecount="0"/>
        <line num="17" count="5" type="stmt"/>
        <line num="26" count="5" type="cond" truecount="2" falsecount="0"/>
        <line num="27" count="1" type="stmt"/>
        <line num="36" count="4" type="cond" truecount="2" falsecount="0"/>
        <line num="37" count="1" type="stmt"/>
        <line num="46" count="3" type="cond" truecount="2" falsecount="0"/>
        <line num="47" count="1" type="stmt"/>
        <line num="53" count="2" type="cond" truecount="2" falsecount="0"/>
        <line num="54" count="1" type="stmt"/>
        <line num="66" count="1" type="stmt"/>
        <line num="69" count="4" type="stmt"/>
        <line num="71" count="1" type="stmt"/>
        <line num="72" count="1" type="stmt"/>
        <line num="73" count="1" type="stmt"/>
        <line num="76" count="1" type="stmt"/>
        <line num="79" count="4" type="stmt"/>
        <line num="80" count="10" type="cond" truecount="4" falsecount="0"/>
        <line num="84" count="2" type="cond" truecount="2" falsecount="0"/>
        <line num="89" count="10" type="cond" truecount="2" falsecount="0"/>
        <line num="93" count="10" type="cond" truecount="4" falsecount="0"/>
        <line num="94" count="10" type="stmt"/>
        <line num="96" count="10" type="stmt"/>
      </file>
      <file name="embeddingService.ts" path="C:\Users\Roberto\OneDrive\Desktop\Licenta\backend\src\modules\ai\services\embeddingService.ts">
        <metrics statements="27" coveredstatements="26" conditionals="30" coveredconditionals="25" methods="2" coveredmethods="2"/>
        <line num="1" count="11" type="stmt"/>
        <line num="5" count="11" type="stmt"/>
        <line num="6" count="11" type="stmt"/>
        <line num="7" count="7" type="cond" truecount="2" falsecount="0"/>
        <line num="8" count="7" type="stmt"/>
        <line num="11" count="11" type="stmt"/>
        <line num="17" count="6" type="cond" truecount="4" falsecount="0"/>
        <line num="18" count="2" type="stmt"/>
        <line num="21" count="4" type="cond" truecount="2" falsecount="0"/>
        <line num="22" count="4" type="stmt"/>
        <line num="27" count="4" type="stmt"/>
        <line num="29" count="4" type="stmt"/>
        <line num="30" count="7" type="stmt"/>
        <line num="31" count="7" type="stmt"/>
        <line num="40" count="2" type="cond" truecount="4" falsecount="1"/>
        <line num="41" count="2" type="stmt"/>
        <line num="42" count="2" type="cond" truecount="1" falsecount="1"/>
        <line num="45" count="0" type="stmt"/>
        <line num="47" count="5" type="stmt"/>
        <line num="48" count="5" type="cond" truecount="4" falsecount="2"/>
        <line num="49" count="5" type="cond" truecount="3" falsecount="1"/>
        <line num="50" count="5" type="cond" truecount="3" falsecount="0"/>
        <line num="51" count="5" type="cond" truecount="2" falsecount="0"/>
        <line num="52" count="1" type="stmt"/>
        <line num="53" count="1" type="stmt"/>
        <line num="58" count="1" type="stmt"/>
        <line num="59" count="1" type="stmt"/>
      </file>
      <file name="materialAnalyzer.ts" path="C:\Users\Roberto\OneDrive\Desktop\Licenta\backend\src\modules\ai\services\materialAnalyzer.ts">
        <metrics statements="21" coveredstatements="21" conditionals="4" coveredconditionals="4" methods="3" coveredmethods="3"/>
        <line num="1" count="1" type="stmt"/>
        <line num="2" count="1" type="stmt"/>
        <line num="4" count="1" type="stmt"/>
        <line num="5" count="1" type="stmt"/>
        <line num="6" count="3" type="cond" truecount="2" falsecount="0"/>
        <line num="7" count="3" type="stmt"/>
        <line num="23" count="1" type="stmt"/>
        <line num="71" count="1" type="stmt"/>
        <line num="73" count="3" type="stmt"/>
        <line num="76" count="3" type="stmt"/>
        <line num="79" count="3" type="stmt"/>
        <line num="81" count="3" type="stmt"/>
        <line num="95" count="3" type="stmt"/>
        <line num="96" count="3" type="stmt"/>
        <line num="106" count="2" type="stmt"/>
        <line num="107" count="2" type="cond" truecount="2" falsecount="0"/>
        <line num="109" count="1" type="stmt"/>
        <line num="110" count="1" type="stmt"/>
        <line num="112" count="1" type="stmt"/>
        <line num="113" count="1" type="stmt"/>
        <line num="118" count="1" type="stmt"/>
      </file>
      <file name="normativeCache.ts" path="C:\Users\Roberto\OneDrive\Desktop\Licenta\backend\src\modules\ai\services\normativeCache.ts">
        <metrics statements="19" coveredstatements="19" conditionals="2" coveredconditionals="2" methods="4" coveredmethods="4"/>
        <line num="1" count="1" type="stmt"/>
        <line num="2" count="1" type="stmt"/>
        <line num="4" count="1" type="stmt"/>
        <line num="6" count="1" type="stmt"/>
        <line num="21" count="6" type="cond" truecount="2" falsecount="0"/>
        <line num="23" count="5" type="stmt"/>
        <line num="24" count="21" type="stmt"/>
        <line num="25" count="21" type="stmt"/>
        <line num="28" count="5" type="stmt"/>
        <line num="31" count="4" type="stmt"/>
        <line num="34" count="4" type="stmt"/>
        <line num="37" count="4" type="stmt"/>
        <line num="40" count="4" type="stmt"/>
        <line num="43" count="4" type="stmt"/>
        <line num="50" count="4" type="stmt"/>
        <line num="52" count="4" type="stmt"/>
        <line num="54" count="1" type="stmt"/>
        <line num="55" count="1" type="stmt"/>
        <line num="61" count="5" type="stmt"/>
      </file>
      <file name="promptBuilder.ts" path="C:\Users\Roberto\OneDrive\Desktop\Licenta\backend\src\modules\ai\services\promptBuilder.ts">
        <metrics statements="48" coveredstatements="48" conditionals="60" coveredconditionals="48" methods="9" coveredmethods="9"/>
        <line num="1" count="5" type="stmt"/>
        <line num="2" count="5" type="stmt"/>
        <line num="3" count="5" type="stmt"/>
        <line num="4" count="5" type="stmt"/>
        <line num="6" count="5" type="stmt"/>
        <line num="7" count="8" type="stmt"/>
        <line num="8" count="8" type="cond" truecount="4" falsecount="0"/>
        <line num="9" count="7" type="cond" truecount="2" falsecount="0"/>
        <line num="10" count="6" type="cond" truecount="2" falsecount="0"/>
        <line num="11" count="4" type="cond" truecount="2" falsecount="0"/>
        <line num="12" count="3" type="cond" truecount="2" falsecount="0"/>
        <line num="13" count="2" type="cond" truecount="2" falsecount="0"/>
        <line num="14" count="1" type="cond" truecount="1" falsecount="1"/>
        <line num="16" count="1" type="stmt"/>
        <line num="19" count="5" type="stmt"/>
        <line num="33" count="2" type="stmt"/>
        <line num="34" count="2" type="cond" truecount="1" falsecount="1"/>
        <line num="36" count="2" type="stmt"/>
        <line num="38" count="2" type="stmt"/>
        <line num="39" count="2" type="stmt"/>
        <line num="40" count="2" type="cond" truecount="2" falsecount="0"/>
        <line num="41" count="2" type="stmt"/>
        <line num="42" count="1" type="stmt"/>
        <line num="43" count="1" type="cond" truecount="1" falsecount="1"/>
        <line num="44" count="1" type="stmt"/>
        <line num="47" count="1" type="cond" truecount="3" falsecount="1"/>
        <line num="48" count="1" type="cond" truecount="4" falsecount="2"/>
        <line num="50" count="1" type="cond" truecount="1" falsecount="1"/>
        <line num="52" count="1" type="stmt"/>
        <line num="54" count="1" type="stmt"/>
        <line num="55" count="1" type="cond" truecount="1" falsecount="1"/>
        <line num="57" count="1" type="stmt"/>
        <line num="58" count="1" type="stmt"/>
        <line num="61" count="1" type="stmt"/>
        <line num="65" count="2" type="stmt"/>
        <line num="67" count="2" type="stmt"/>
        <line num="74" count="2" type="stmt"/>
        <line num="86" count="2" type="stmt"/>
        <line num="93" count="5" type="stmt"/>
        <line num="94" count="12" type="stmt"/>
        <line num="107" count="13" type="cond" truecount="2" falsecount="0"/>
        <line num="110" count="5" type="stmt"/>
        <line num="111" count="5" type="stmt"/>
        <line num="112" count="5" type="cond" truecount="2" falsecount="0"/>
        <line num="113" count="2" type="stmt"/>
        <line num="115" count="5" type="cond" truecount="4" falsecount="0"/>
        <line num="116" count="3" type="stmt"/>
        <line num="118" count="5" type="stmt"/>
      </file>
      <file name="ragService.ts" path="C:\Users\Roberto\OneDrive\Desktop\Licenta\backend\src\modules\ai\services\ragService.ts">
        <metrics statements="49" coveredstatements="43" conditionals="29" coveredconditionals="20" methods="11" coveredmethods="10"/>
        <line num="2" count="9" type="stmt"/>
        <line num="3" count="9" type="stmt"/>
        <line num="21" count="9" type="stmt"/>
        <line num="23" count="9" type="stmt"/>
        <line num="24" count="5" type="stmt"/>
        <line num="31" count="5" type="cond" truecount="4" falsecount="0"/>
        <line num="33" count="5" type="cond" truecount="2" falsecount="0"/>
        <line num="34" count="1" type="stmt"/>
        <line num="35" count="1" type="stmt"/>
        <line num="41" count="4" type="stmt"/>
        <line num="42" count="3" type="stmt"/>
        <line num="45" count="3" type="stmt"/>
        <line num="47" count="3" type="cond" truecount="1" falsecount="1"/>
        <line num="49" count="3" type="cond" truecount="2" falsecount="0"/>
        <line num="103" count="3" type="cond" truecount="2" falsecount="0"/>
        <line num="109" count="3" type="cond" truecount="2" falsecount="0"/>
        <line num="115" count="3" type="stmt"/>
        <line num="116" count="3" type="stmt"/>
        <line num="119" count="3" type="stmt"/>
        <line num="120" count="3" type="stmt"/>
        <line num="123" count="9" type="stmt"/>
        <line num="124" count="2" type="stmt"/>
        <line num="127" count="2" type="stmt"/>
        <line num="128" count="1" type="stmt"/>
        <line num="130" count="1" type="stmt"/>
        <line num="156" count="1" type="stmt"/>
        <line num="157" count="1" type="stmt"/>
        <line num="165" count="9" type="stmt"/>
        <line num="170" count="2" type="cond" truecount="1" falsecount="0"/>
        <line num="171" count="2" type="stmt"/>
        <line num="172" count="2" type="stmt"/>
        <line num="174" count="1" type="cond" truecount="3" falsecount="1"/>
        <line num="175" count="0" type="stmt"/>
        <line num="178" count="1" type="stmt"/>
        <line num="179" count="1" type="stmt"/>
        <line num="180" count="1" type="stmt"/>
        <line num="182" count="1" type="stmt"/>
        <line num="184" count="1" type="stmt"/>
        <line num="185" count="1" type="stmt"/>
        <line num="192" count="1" type="cond" truecount="1" falsecount="0"/>
        <line num="193" count="1" type="stmt"/>
        <line num="194" count="1" type="stmt"/>
        <line num="195" count="0" type="cond" truecount="0" falsecount="4"/>
        <line num="196" count="0" type="stmt"/>
        <line num="197" count="0" type="stmt"/>
        <line num="198" count="0" type="stmt"/>
        <line num="200" count="0" type="stmt"/>
        <line num="202" count="1" type="stmt"/>
        <line num="203" count="1" type="stmt"/>
      </file>
      <file name="roomProgramPrompt.ts" path="C:\Users\Roberto\OneDrive\Desktop\Licenta\backend\src\modules\ai\services\roomProgramPrompt.ts">
        <metrics statements="21" coveredstatements="21" conditionals="22" coveredconditionals="21" methods="6" coveredmethods="6"/>
        <line num="1" count="4" type="stmt"/>
        <line num="4" count="4" type="stmt"/>
        <line num="5" count="4" type="stmt"/>
        <line num="6" count="4" type="stmt"/>
        <line num="8" count="4" type="stmt"/>
        <line num="14" count="5" type="stmt"/>
        <line num="16" count="5" type="stmt"/>
        <line num="19" count="6" type="stmt"/>
        <line num="22" count="5" type="stmt"/>
        <line num="40" count="10" type="stmt"/>
        <line num="81" count="4" type="cond" truecount="3" falsecount="1"/>
        <line num="84" count="4" type="stmt"/>
        <line num="85" count="4" type="cond" truecount="5" falsecount="0"/>
        <line num="86" count="1" type="stmt"/>
        <line num="89" count="3" type="cond" truecount="2" falsecount="0"/>
        <line num="90" count="1" type="stmt"/>
        <line num="93" count="2" type="stmt"/>
        <line num="94" count="4" type="stmt"/>
        <line num="95" count="3" type="cond" truecount="5" falsecount="0"/>
        <line num="96" count="2" type="stmt"/>
        <line num="100" count="2" type="stmt"/>
      </file>
    </package>
    <package name="auth">
      <metrics statements="223" coveredstatements="139" conditionals="102" coveredconditionals="62" methods="39" coveredmethods="33"/>
      <file name="authController.ts" path="C:\Users\Roberto\OneDrive\Desktop\Licenta\backend\src\modules\auth\authController.ts">
        <metrics statements="199" coveredstatements="115" conditionals="100" coveredconditionals="60" methods="25" coveredmethods="19"/>
        <line num="2" count="2" type="stmt"/>
        <line num="3" count="2" type="stmt"/>
        <line num="4" count="2" type="stmt"/>
        <line num="5" count="2" type="stmt"/>
        <line num="6" count="2" type="stmt"/>
        <line num="8" count="2" type="stmt"/>
        <line num="10" count="2" type="stmt"/>
        <line num="11" count="2" type="stmt"/>
        <line num="15" count="4" type="stmt"/>
        <line num="16" count="4" type="stmt"/>
        <line num="17" count="4" type="stmt"/>
        <line num="19" count="4" type="cond" truecount="4" falsecount="0"/>
        <line num="20" count="1" type="stmt"/>
        <line num="21" count="1" type="stmt"/>
        <line num="25" count="3" type="cond" truecount="4" falsecount="0"/>
        <line num="30" count="3" type="cond" truecount="2" falsecount="0"/>
        <line num="31" count="1" type="stmt"/>
        <line num="32" count="1" type="stmt"/>
        <line num="35" count="2" type="stmt"/>
        <line num="36" count="2" type="cond" truecount="2" falsecount="0"/>
        <line num="37" count="1" type="stmt"/>
        <line num="38" count="1" type="stmt"/>
        <line num="41" count="1" type="stmt"/>
        <line num="43" count="1" type="stmt"/>
        <line num="51" count="1" type="stmt"/>
        <line num="52" count="1" type="stmt"/>
        <line num="54" count="1" type="stmt"/>
        <line num="60" count="1" type="stmt"/>
        <line num="62" count="1" type="stmt"/>
        <line num="68" count="0" type="stmt"/>
        <line num="69" count="0" type="stmt"/>
        <line num="73" count="3" type="stmt"/>
        <line num="74" count="3" type="stmt"/>
        <line num="75" count="3" type="stmt"/>
        <line num="77" count="3" type="cond" truecount="7" falsecount="0"/>
        <line num="78" count="1" type="stmt"/>
        <line num="79" count="1" type="stmt"/>
        <line num="82" count="2" type="cond" truecount="4" falsecount="0"/>
        <line num="87" count="2" type="cond" truecount="2" falsecount="0"/>
        <line num="88" count="1" type="stmt"/>
        <line num="89" count="1" type="stmt"/>
        <line num="92" count="1" type="stmt"/>
        <line num="93" count="1" type="cond" truecount="1" falsecount="1"/>
        <line num="94" count="1" type="stmt"/>
        <line num="95" count="1" type="stmt"/>
        <line num="98" count="0" type="stmt"/>
        <line num="101" count="0" type="stmt"/>
        <line num="102" count="0" type="stmt"/>
        <line num="113" count="0" type="stmt"/>
        <line num="125" count="0" type="stmt"/>
        <line num="128" count="0" type="stmt"/>
        <line num="129" count="0" type="stmt"/>
        <line num="131" count="0" type="stmt"/>
        <line num="137" count="0" type="stmt"/>
        <line num="139" count="0" type="stmt"/>
        <line num="145" count="0" type="stmt"/>
        <line num="146" count="0" type="stmt"/>
        <line num="152" count="15" type="stmt"/>
        <line num="153" count="15" type="stmt"/>
        <line num="154" count="15" type="stmt"/>
        <line num="156" count="15" type="cond" truecount="3" falsecount="1"/>
        <line num="157" count="0" type="stmt"/>
        <line num="158" count="0" type="stmt"/>
        <line num="161" count="15" type="stmt"/>
        <line num="162" count="15" type="cond" truecount="2" falsecount="0"/>
        <line num="163" count="12" type="stmt"/>
        <line num="164" count="12" type="stmt"/>
        <line num="167" count="3" type="stmt"/>
        <line num="168" count="3" type="cond" truecount="1" falsecount="1"/>
        <line num="169" count="0" type="stmt"/>
        <line num="170" count="0" type="stmt"/>
        <line num="173" count="3" type="cond" truecount="2" falsecount="0"/>
        <line num="174" count="1" type="stmt"/>
        <line num="175" count="1" type="stmt"/>
        <line num="179" count="2" type="stmt"/>
        <line num="185" count="2" type="stmt"/>
        <line num="191" count="2" type="stmt"/>
        <line num="193" count="2" type="stmt"/>
        <line num="200" count="2" type="stmt"/>
        <line num="206" count="0" type="stmt"/>
        <line num="207" count="0" type="stmt"/>
        <line num="212" count="4" type="stmt"/>
        <line num="213" count="4" type="stmt"/>
        <line num="214" count="4" type="stmt"/>
        <line num="216" count="4" type="cond" truecount="4" falsecount="2"/>
        <line num="217" count="0" type="stmt"/>
        <line num="218" count="0" type="stmt"/>
        <line num="221" count="4" type="stmt"/>
        <line num="223" count="4" type="stmt"/>
        <line num="225" count="4" type="cond" truecount="2" falsecount="0"/>
        <line num="226" count="2" type="stmt"/>
        <line num="227" count="2" type="stmt"/>
        <line num="230" count="2" type="stmt"/>
        <line num="234" count="2" type="cond" truecount="4" falsecount="0"/>
        <line num="235" count="1" type="stmt"/>
        <line num="239" count="1" type="stmt"/>
        <line num="245" count="1" type="stmt"/>
        <line num="250" count="0" type="stmt"/>
        <line num="251" count="0" type="stmt"/>
        <line num="255" count="2" type="stmt"/>
        <line num="256" count="1" type="stmt"/>
        <line num="257" count="1" type="stmt"/>
        <line num="258" count="1" type="cond" truecount="4" falsecount="2"/>
        <line num="259" count="0" type="stmt"/>
        <line num="260" count="0" type="stmt"/>
        <line num="263" count="1" type="stmt"/>
        <line num="265" count="1" type="stmt"/>
        <line num="267" count="1" type="stmt"/>
        <line num="268" count="1" type="stmt"/>
        <line num="271" count="0" type="stmt"/>
        <line num="272" count="0" type="stmt"/>
        <line num="276" count="3" type="stmt"/>
        <line num="277" count="3" type="stmt"/>
        <line num="280" count="3" type="stmt"/>
        <line num="284" count="3" type="stmt"/>
        <line num="285" count="3" type="stmt"/>
        <line num="286" count="3" type="cond" truecount="2" falsecount="0"/>
        <line num="289" count="2" type="stmt"/>
        <line num="290" count="2" type="stmt"/>
        <line num="295" count="2" type="stmt"/>
        <line num="301" count="2" type="stmt"/>
        <line num="303" count="2" type="stmt"/>
        <line num="305" count="0" type="stmt"/>
        <line num="306" count="0" type="stmt"/>
        <line num="310" count="2" type="stmt"/>
        <line num="311" count="1" type="stmt"/>
        <line num="313" count="1" type="cond" truecount="4" falsecount="1"/>
        <line num="314" count="0" type="stmt"/>
        <line num="317" count="1" type="cond" truecount="1" falsecount="1"/>
        <line num="318" count="0" type="stmt"/>
        <line num="321" count="1" type="stmt"/>
        <line num="326" count="1" type="stmt"/>
        <line num="328" count="1" type="cond" truecount="2" falsecount="2"/>
        <line num="329" count="1" type="stmt"/>
        <line num="332" count="0" type="stmt"/>
        <line num="333" count="0" type="stmt"/>
        <line num="335" count="0" type="stmt"/>
        <line num="338" count="2" type="stmt"/>
        <line num="339" count="1" type="stmt"/>
        <line num="341" count="1" type="cond" truecount="2" falsecount="2"/>
        <line num="342" count="1" type="stmt"/>
        <line num="345" count="0" type="stmt"/>
        <line num="346" count="0" type="stmt"/>
        <line num="348" count="0" type="cond" truecount="0" falsecount="4"/>
        <line num="349" count="0" type="stmt"/>
        <line num="352" count="0" type="stmt"/>
        <line num="354" count="0" type="stmt"/>
        <line num="360" count="0" type="stmt"/>
        <line num="366" count="0" type="stmt"/>
        <line num="368" count="0" type="stmt"/>
        <line num="375" count="0" type="stmt"/>
        <line num="382" count="2" type="stmt"/>
        <line num="383" count="0" type="stmt"/>
        <line num="385" count="0" type="stmt"/>
        <line num="386" count="0" type="cond" truecount="0" falsecount="2"/>
        <line num="387" count="0" type="stmt"/>
        <line num="390" count="0" type="cond" truecount="0" falsecount="2"/>
        <line num="391" count="0" type="stmt"/>
        <line num="394" count="0" type="stmt"/>
        <line num="395" count="0" type="stmt"/>
        <line num="397" count="0" type="stmt"/>
        <line num="403" count="0" type="stmt"/>
        <line num="405" count="0" type="stmt"/>
        <line num="409" count="2" type="stmt"/>
        <line num="410" count="1" type="stmt"/>
        <line num="411" count="1" type="stmt"/>
        <line num="412" count="1" type="stmt"/>
        <line num="414" count="1" type="cond" truecount="1" falsecount="1"/>
        <line num="415" count="1" type="stmt"/>
        <line num="416" count="1" type="stmt"/>
        <line num="419" count="0" type="stmt"/>
        <line num="420" count="0" type="cond" truecount="0" falsecount="2"/>
        <line num="421" count="0" type="stmt"/>
        <line num="422" count="0" type="stmt"/>
        <line num="425" count="0" type="stmt"/>
        <line num="426" count="0" type="cond" truecount="0" falsecount="2"/>
        <line num="427" count="0" type="stmt"/>
        <line num="428" count="0" type="stmt"/>
        <line num="432" count="0" type="stmt"/>
        <line num="434" count="0" type="stmt"/>
        <line num="435" count="0" type="stmt"/>
        <line num="437" count="0" type="stmt"/>
        <line num="438" count="0" type="stmt"/>
        <line num="442" count="2" type="stmt"/>
        <line num="443" count="0" type="stmt"/>
        <line num="444" count="0" type="stmt"/>
        <line num="445" count="0" type="stmt"/>
        <line num="447" count="0" type="stmt"/>
        <line num="448" count="0" type="cond" truecount="0" falsecount="2"/>
        <line num="450" count="0" type="cond" truecount="0" falsecount="2"/>
        <line num="451" count="0" type="cond" truecount="0" falsecount="4"/>
        <line num="456" count="0" type="cond" truecount="0" falsecount="2"/>
        <line num="457" count="0" type="stmt"/>
        <line num="458" count="0" type="stmt"/>
        <line num="460" count="0" type="stmt"/>
        <line num="463" count="0" type="stmt"/>
        <line num="469" count="0" type="stmt"/>
        <line num="471" count="0" type="stmt"/>
        <line num="472" count="0" type="stmt"/>
      </file>
      <file name="emailService.ts" path="C:\Users\Roberto\OneDrive\Desktop\Licenta\backend\src\modules\auth\emailService.ts">
        <metrics statements="11" coveredstatements="11" conditionals="2" coveredconditionals="2" methods="3" coveredmethods="3"/>
        <line num="1" count="3" type="stmt"/>
        <line num="4" count="3" type="stmt"/>
        <line num="5" count="3" type="stmt"/>
        <line num="6" count="3" type="cond" truecount="2" falsecount="0"/>
        <line num="7" count="2" type="stmt"/>
        <line num="10" count="3" type="stmt"/>
        <line num="14" count="1" type="stmt"/>
        <line num="16" count="1" type="stmt"/>
        <line num="47" count="3" type="stmt"/>
        <line num="51" count="2" type="stmt"/>
        <line num="53" count="1" type="stmt"/>
      </file>
      <file name="userRepository.ts" path="C:\Users\Roberto\OneDrive\Desktop\Licenta\backend\src\modules\auth\userRepository.ts">
        <metrics statements="13" coveredstatements="13" conditionals="0" coveredconditionals="0" methods="11" coveredmethods="11"/>
        <line num="2" count="3" type="stmt"/>
        <line num="4" count="3" type="stmt"/>
        <line num="6" count="13" type="stmt"/>
        <line num="9" count="1" type="stmt"/>
        <line num="12" count="1" type="stmt"/>
        <line num="15" count="1" type="stmt"/>
        <line num="21" count="1" type="stmt"/>
        <line num="27" count="2" type="stmt"/>
        <line num="37" count="2" type="stmt"/>
        <line num="46" count="1" type="stmt"/>
        <line num="57" count="1" type="stmt"/>
        <line num="67" count="1" type="stmt"/>
        <line num="76" count="1" type="stmt"/>
      </file>
    </package>
    <package name="bom">
      <metrics statements="352" coveredstatements="172" conditionals="297" coveredconditionals="104" methods="51" coveredmethods="24"/>
      <file name="bomController.ts" path="C:\Users\Roberto\OneDrive\Desktop\Licenta\backend\src\modules\bom\bomController.ts">
        <metrics statements="214" coveredstatements="36" conditionals="181" coveredconditionals="6" methods="31" coveredmethods="4"/>
        <line num="2" count="1" type="stmt"/>
        <line num="3" count="1" type="stmt"/>
        <line num="4" count="1" type="stmt"/>
        <line num="5" count="1" type="stmt"/>
        <line num="6" count="1" type="stmt"/>
        <line num="7" count="1" type="stmt"/>
        <line num="8" count="1" type="stmt"/>
        <line num="10" count="1" type="stmt"/>
        <line num="22" count="1" type="stmt"/>
        <line num="34" count="1" type="stmt"/>
        <line num="47" count="1" type="stmt"/>
        <line num="49" count="1" type="stmt"/>
        <line num="50" count="1" type="stmt"/>
        <line num="55" count="1" type="stmt"/>
        <line num="56" count="1" type="stmt"/>
        <line num="57" count="0" type="cond" truecount="0" falsecount="2"/>
        <line num="58" count="0" type="stmt"/>
        <line num="62" count="0" type="stmt"/>
        <line num="63" count="0" type="stmt"/>
        <line num="64" count="0" type="cond" truecount="0" falsecount="2"/>
        <line num="66" count="0" type="stmt"/>
        <line num="70" count="0" type="stmt"/>
        <line num="74" count="0" type="stmt"/>
        <line num="78" count="0" type="cond" truecount="0" falsecount="2"/>
        <line num="79" count="0" type="stmt"/>
        <line num="80" count="0" type="cond" truecount="0" falsecount="2"/>
        <line num="81" count="0" type="cond" truecount="0" falsecount="4"/>
        <line num="85" count="0" type="stmt"/>
        <line num="86" count="0" type="cond" truecount="0" falsecount="2"/>
        <line num="88" count="0" type="cond" truecount="0" falsecount="4"/>
        <line num="89" count="0" type="cond" truecount="0" falsecount="2"/>
        <line num="91" count="0" type="stmt"/>
        <line num="92" count="0" type="stmt"/>
        <line num="95" count="0" type="stmt"/>
        <line num="99" count="0" type="stmt"/>
        <line num="103" count="0" type="stmt"/>
        <line num="107" count="0" type="stmt"/>
        <line num="108" count="0" type="stmt"/>
        <line num="113" count="0" type="cond" truecount="0" falsecount="4"/>
        <line num="114" count="0" type="stmt"/>
        <line num="115" count="0" type="cond" truecount="0" falsecount="8"/>
        <line num="116" count="0" type="cond" truecount="0" falsecount="4"/>
        <line num="117" count="0" type="cond" truecount="0" falsecount="2"/>
        <line num="119" count="0" type="stmt"/>
        <line num="130" count="0" type="stmt"/>
        <line num="138" count="0" type="cond" truecount="0" falsecount="2"/>
        <line num="139" count="0" type="stmt"/>
        <line num="143" count="0" type="stmt"/>
        <line num="144" count="0" type="stmt"/>
        <line num="145" count="0" type="stmt"/>
        <line num="147" count="0" type="stmt"/>
        <line num="148" count="0" type="stmt"/>
        <line num="151" count="0" type="stmt"/>
        <line num="152" count="0" type="stmt"/>
        <line num="157" count="1" type="stmt"/>
        <line num="158" count="1" type="stmt"/>
        <line num="159" count="1" type="stmt"/>
        <line num="160" count="1" type="cond" truecount="1" falsecount="1"/>
        <line num="161" count="0" type="stmt"/>
        <line num="162" count="0" type="stmt"/>
        <line num="164" count="1" type="stmt"/>
        <line num="165" count="1" type="stmt"/>
        <line num="167" count="0" type="stmt"/>
        <line num="168" count="0" type="cond" truecount="0" falsecount="10"/>
        <line num="172" count="2" type="stmt"/>
        <line num="173" count="2" type="stmt"/>
        <line num="174" count="2" type="stmt"/>
        <line num="175" count="2" type="cond" truecount="1" falsecount="1"/>
        <line num="176" count="0" type="stmt"/>
        <line num="177" count="0" type="stmt"/>
        <line num="179" count="2" type="stmt"/>
        <line num="180" count="2" type="cond" truecount="4" falsecount="0"/>
        <line num="181" count="1" type="stmt"/>
        <line num="182" count="1" type="stmt"/>
        <line num="184" count="1" type="stmt"/>
        <line num="185" count="1" type="stmt"/>
        <line num="187" count="0" type="stmt"/>
        <line num="188" count="0" type="cond" truecount="0" falsecount="2"/>
        <line num="196" count="1" type="stmt"/>
        <line num="197" count="0" type="stmt"/>
        <line num="198" count="0" type="stmt"/>
        <line num="199" count="0" type="cond" truecount="0" falsecount="2"/>
        <line num="200" count="0" type="stmt"/>
        <line num="201" count="0" type="stmt"/>
        <line num="204" count="0" type="stmt"/>
        <line num="216" count="0" type="cond" truecount="0" falsecount="2"/>
        <line num="217" count="0" type="stmt"/>
        <line num="218" count="0" type="stmt"/>
        <line num="221" count="0" type="stmt"/>
        <line num="222" count="0" type="cond" truecount="0" falsecount="2"/>
        <line num="223" count="0" type="stmt"/>
        <line num="224" count="0" type="cond" truecount="0" falsecount="2"/>
        <line num="225" count="0" type="stmt"/>
        <line num="226" count="0" type="stmt"/>
        <line num="230" count="0" type="stmt"/>
        <line num="239" count="0" type="stmt"/>
        <line num="250" count="0" type="stmt"/>
        <line num="252" count="0" type="stmt"/>
        <line num="253" count="0" type="stmt"/>
        <line num="254" count="0" type="stmt"/>
        <line num="265" count="0" type="cond" truecount="0" falsecount="4"/>
        <line num="266" count="0" type="cond" truecount="0" falsecount="2"/>
        <line num="272" count="0" type="cond" truecount="0" falsecount="2"/>
        <line num="273" count="0" type="stmt"/>
        <line num="276" count="0" type="stmt"/>
        <line num="277" count="0" type="stmt"/>
        <line num="279" count="0" type="stmt"/>
        <line num="280" count="0" type="stmt"/>
        <line num="288" count="1" type="stmt"/>
        <line num="289" count="0" type="stmt"/>
        <line num="290" count="0" type="stmt"/>
        <line num="291" count="0" type="cond" truecount="0" falsecount="2"/>
        <line num="292" count="0" type="stmt"/>
        <line num="293" count="0" type="stmt"/>
        <line num="296" count="0" type="stmt"/>
        <line num="297" count="0" type="stmt"/>
        <line num="299" count="0" type="stmt"/>
        <line num="300" count="0" type="stmt"/>
        <line num="308" count="1" type="stmt"/>
        <line num="309" count="0" type="stmt"/>
        <line num="310" count="0" type="stmt"/>
        <line num="311" count="0" type="cond" truecount="0" falsecount="2"/>
        <line num="312" count="0" type="stmt"/>
        <line num="313" count="0" type="stmt"/>
        <line num="316" count="0" type="stmt"/>
        <line num="319" count="0" type="cond" truecount="0" falsecount="2"/>
        <line num="320" count="0" type="stmt"/>
        <line num="325" count="0" type="stmt"/>
        <line num="326" count="0" type="stmt"/>
        <line num="327" count="0" type="stmt"/>
        <line num="328" count="0" type="cond" truecount="0" falsecount="2"/>
        <line num="329" count="0" type="stmt"/>
        <line num="330" count="0" type="stmt"/>
        <line num="335" count="0" type="stmt"/>
        <line num="336" count="0" type="stmt"/>
        <line num="338" count="0" type="stmt"/>
        <line num="340" count="0" type="stmt"/>
        <line num="341" count="0" type="stmt"/>
        <line num="349" count="1" type="stmt"/>
        <line num="350" count="0" type="stmt"/>
        <line num="351" count="0" type="stmt"/>
        <line num="352" count="0" type="cond" truecount="0" falsecount="2"/>
        <line num="353" count="0" type="stmt"/>
        <line num="354" count="0" type="stmt"/>
        <line num="357" count="0" type="stmt"/>
        <line num="359" count="0" type="stmt"/>
        <line num="360" count="0" type="stmt"/>
        <line num="363" count="0" type="stmt"/>
        <line num="365" count="0" type="stmt"/>
        <line num="366" count="0" type="stmt"/>
        <line num="381" count="1" type="stmt"/>
        <line num="382" count="0" type="stmt"/>
        <line num="383" count="0" type="stmt"/>
        <line num="384" count="0" type="cond" truecount="0" falsecount="2"/>
        <line num="385" count="0" type="stmt"/>
        <line num="386" count="0" type="stmt"/>
        <line num="389" count="0" type="stmt"/>
        <line num="390" count="0" type="cond" truecount="0" falsecount="2"/>
        <line num="391" count="0" type="stmt"/>
        <line num="392" count="0" type="stmt"/>
        <line num="396" count="0" type="stmt"/>
        <line num="406" count="0" type="cond" truecount="0" falsecount="2"/>
        <line num="407" count="0" type="stmt"/>
        <line num="408" count="0" type="stmt"/>
        <line num="412" count="0" type="stmt"/>
        <line num="422" count="0" type="stmt"/>
        <line num="427" count="0" type="stmt"/>
        <line num="428" count="0" type="cond" truecount="0" falsecount="6"/>
        <line num="429" count="0" type="cond" truecount="0" falsecount="2"/>
        <line num="430" count="0" type="cond" truecount="0" falsecount="6"/>
        <line num="431" count="0" type="cond" truecount="0" falsecount="10"/>
        <line num="434" count="0" type="cond" truecount="0" falsecount="2"/>
        <line num="439" count="0" type="stmt"/>
        <line num="440" count="0" type="stmt"/>
        <line num="441" count="0" type="stmt"/>
        <line num="442" count="0" type="stmt"/>
        <line num="445" count="0" type="stmt"/>
        <line num="446" count="0" type="stmt"/>
        <line num="447" count="0" type="stmt"/>
        <line num="449" count="0" type="cond" truecount="0" falsecount="4"/>
        <line num="450" count="0" type="stmt"/>
        <line num="453" count="0" type="cond" truecount="0" falsecount="4"/>
        <line num="454" count="0" type="stmt"/>
        <line num="458" count="0" type="stmt"/>
        <line num="461" count="0" type="cond" truecount="0" falsecount="2"/>
        <line num="462" count="0" type="stmt"/>
        <line num="463" count="0" type="stmt"/>
        <line num="464" count="0" type="stmt"/>
        <line num="466" count="0" type="cond" truecount="0" falsecount="4"/>
        <line num="468" count="0" type="stmt"/>
        <line num="469" count="0" type="stmt"/>
        <line num="473" count="0" type="stmt"/>
        <line num="474" count="0" type="stmt"/>
        <line num="477" count="0" type="stmt"/>
        <line num="478" count="0" type="stmt"/>
        <line num="479" count="0" type="stmt"/>
        <line num="480" count="0" type="stmt"/>
        <line num="483" count="0" type="cond" truecount="0" falsecount="5"/>
        <line num="484" count="0" type="stmt"/>
        <line num="488" count="0" type="stmt"/>
        <line num="493" count="0" type="stmt"/>
        <line num="494" count="0" type="stmt"/>
        <line num="500" count="0" type="stmt"/>
        <line num="516" count="0" type="stmt"/>
        <line num="517" count="0" type="cond" truecount="0" falsecount="2"/>
        <line num="518" count="0" type="stmt"/>
        <line num="519" count="0" type="stmt"/>
        <line num="523" count="0" type="stmt"/>
        <line num="524" count="0" type="stmt"/>
        <line num="525" count="0" type="stmt"/>
        <line num="528" count="0" type="stmt"/>
        <line num="529" count="0" type="stmt"/>
        <line num="530" count="0" type="stmt"/>
        <line num="531" count="0" type="stmt"/>
      </file>
      <file name="bomIntroCacheRepository.ts" path="C:\Users\Roberto\OneDrive\Desktop\Licenta\backend\src\modules\bom\bomIntroCacheRepository.ts">
        <metrics statements="4" coveredstatements="4" conditionals="0" coveredconditionals="0" methods="2" coveredmethods="2"/>
        <line num="1" count="2" type="stmt"/>
        <line num="3" count="2" type="stmt"/>
        <line num="5" count="2" type="stmt"/>
        <line num="9" count="1" type="stmt"/>
      </file>
      <file name="bomPhaseProgressRepository.ts" path="C:\Users\Roberto\OneDrive\Desktop\Licenta\backend\src\modules\bom\bomPhaseProgressRepository.ts">
        <metrics statements="4" coveredstatements="4" conditionals="0" coveredconditionals="0" methods="2" coveredmethods="2"/>
        <line num="1" count="2" type="stmt"/>
        <line num="19" count="2" type="stmt"/>
        <line num="21" count="1" type="stmt"/>
        <line num="25" count="1" type="stmt"/>
      </file>
      <file name="bomRepository.ts" path="C:\Users\Roberto\OneDrive\Desktop\Licenta\backend\src\modules\bom\bomRepository.ts">
        <metrics statements="5" coveredstatements="5" conditionals="0" coveredconditionals="0" methods="3" coveredmethods="3"/>
        <line num="1" count="4" type="stmt"/>
        <line num="6" count="1" type="stmt"/>
        <line num="12" count="1" type="stmt"/>
        <line num="18" count="1" type="stmt"/>
        <line num="30" count="4" type="stmt"/>
      </file>
      <file name="bomService.ts" path="C:\Users\Roberto\OneDrive\Desktop\Licenta\backend\src\modules\bom\bomService.ts">
        <metrics statements="101" coveredstatements="100" conditionals="88" coveredconditionals="71" methods="13" coveredmethods="13"/>
        <line num="14" count="4" type="stmt"/>
        <line num="15" count="4" type="stmt"/>
        <line num="16" count="4" type="stmt"/>
        <line num="18" count="4" type="stmt"/>
        <line num="20" count="4" type="stmt"/>
        <line num="21" count="4" type="stmt"/>
        <line num="22" count="4" type="stmt"/>
        <line num="58" count="4" type="stmt"/>
        <line num="62" count="2" type="cond" truecount="3" falsecount="1"/>
        <line num="63" count="2" type="stmt"/>
        <line num="64" count="2" type="cond" truecount="2" falsecount="0"/>
        <line num="65" count="2" type="stmt"/>
        <line num="66" count="2" type="cond" truecount="2" falsecount="0"/>
        <line num="69" count="2" type="stmt"/>
        <line num="95" count="4" type="stmt"/>
        <line num="97" count="12" type="stmt"/>
        <line num="116" count="12" type="cond" truecount="2" falsecount="0"/>
        <line num="117" count="3" type="stmt"/>
        <line num="120" count="9" type="stmt"/>
        <line num="121" count="9" type="cond" truecount="3" falsecount="1"/>
        <line num="122" count="0" type="stmt"/>
        <line num="124" count="9" type="stmt"/>
        <line num="131" count="4" type="stmt"/>
        <line num="139" count="2" type="stmt"/>
        <line num="143" count="1" type="stmt"/>
        <line num="157" count="5" type="cond" truecount="2" falsecount="0"/>
        <line num="158" count="1" type="stmt"/>
        <line num="159" count="1" type="stmt"/>
        <line num="161" count="4" type="stmt"/>
        <line num="163" count="4" type="stmt"/>
        <line num="164" count="4" type="stmt"/>
        <line num="166" count="4" type="stmt"/>
        <line num="172" count="4" type="stmt"/>
        <line num="173" count="4" type="cond" truecount="2" falsecount="0"/>
        <line num="175" count="3" type="cond" truecount="2" falsecount="0"/>
        <line num="178" count="3" type="stmt"/>
        <line num="187" count="3" type="stmt"/>
        <line num="190" count="3" type="stmt"/>
        <line num="194" count="3" type="cond" truecount="2" falsecount="0"/>
        <line num="195" count="1" type="stmt"/>
        <line num="197" count="2" type="stmt"/>
        <line num="205" count="2" type="stmt"/>
        <line num="212" count="2" type="stmt"/>
        <line num="213" count="2" type="stmt"/>
        <line num="233" count="2" type="cond" truecount="10" falsecount="2"/>
        <line num="234" count="2" type="stmt"/>
        <line num="235" count="2" type="cond" truecount="1" falsecount="1"/>
        <line num="238" count="2" type="stmt"/>
        <line num="239" count="2" type="stmt"/>
        <line num="242" count="2" type="stmt"/>
        <line num="243" count="2" type="stmt"/>
        <line num="246" count="2" type="stmt"/>
        <line num="247" count="2" type="stmt"/>
        <line num="249" count="2" type="stmt"/>
        <line num="251" count="7" type="cond" truecount="2" falsecount="0"/>
        <line num="253" count="5" type="stmt"/>
        <line num="254" count="5" type="stmt"/>
        <line num="255" count="4" type="cond" truecount="4" falsecount="0"/>
        <line num="257" count="1" type="cond" truecount="1" falsecount="1"/>
        <line num="258" count="1" type="stmt"/>
        <line num="261" count="3" type="stmt"/>
        <line num="262" count="3" type="stmt"/>
        <line num="265" count="3" type="stmt"/>
        <line num="266" count="3" type="stmt"/>
        <line num="268" count="3" type="cond" truecount="1" falsecount="1"/>
        <line num="270" count="3" type="stmt"/>
        <line num="271" count="3" type="cond" truecount="1" falsecount="1"/>
        <line num="272" count="3" type="cond" truecount="1" falsecount="1"/>
        <line num="274" count="3" type="stmt"/>
        <line num="275" count="3" type="cond" truecount="2" falsecount="0"/>
        <line num="276" count="2" type="stmt"/>
        <line num="279" count="3" type="cond" truecount="2" falsecount="0"/>
        <line num="283" count="3" type="stmt"/>
        <line num="284" count="3" type="cond" truecount="2" falsecount="0"/>
        <line num="285" count="1" type="stmt"/>
        <line num="286" count="1" type="cond" truecount="1" falsecount="1"/>
        <line num="289" count="3" type="cond" truecount="2" falsecount="0"/>
        <line num="290" count="1" type="stmt"/>
        <line num="291" count="1" type="stmt"/>
        <line num="294" count="2" type="stmt"/>
        <line num="295" count="2" type="stmt"/>
        <line num="296" count="2" type="stmt"/>
        <line num="299" count="1" type="stmt"/>
        <line num="304" count="2" type="stmt"/>
        <line num="305" count="2" type="stmt"/>
        <line num="306" count="2" type="cond" truecount="1" falsecount="1"/>
        <line num="307" count="2" type="stmt"/>
        <line num="309" count="2" type="stmt"/>
        <line num="318" count="2" type="stmt"/>
        <line num="319" count="2" type="stmt"/>
        <line num="325" count="4" type="stmt"/>
        <line num="329" count="4" type="cond" truecount="2" falsecount="0"/>
        <line num="330" count="2" type="stmt"/>
        <line num="333" count="2" type="stmt"/>
        <line num="340" count="2" type="stmt"/>
        <line num="353" count="1" type="stmt"/>
        <line num="362" count="1" type="stmt"/>
        <line num="388" count="2" type="stmt"/>
        <line num="391" count="2" type="stmt"/>
        <line num="400" count="2" type="cond" truecount="1" falsecount="1"/>
        <line num="404" count="2" type="stmt"/>
      </file>
      <file name="materialSelector.ts" path="C:\Users\Roberto\OneDrive\Desktop\Licenta\backend\src\modules\bom\materialSelector.ts">
        <metrics statements="24" coveredstatements="23" conditionals="28" coveredconditionals="27" methods="0" coveredmethods="0"/>
        <line num="1" count="4" type="stmt"/>
        <line num="18" count="4" type="stmt"/>
        <line num="26" count="6" type="cond" truecount="2" falsecount="0"/>
        <line num="27" count="2" type="cond" truecount="2" falsecount="0"/>
        <line num="28" count="1" type="stmt"/>
        <line num="30" count="1" type="stmt"/>
        <line num="34" count="1" type="stmt"/>
        <line num="38" count="4" type="stmt"/>
        <line num="42" count="4" type="cond" truecount="1" falsecount="1"/>
        <line num="43" count="0" type="stmt"/>
        <line num="47" count="4" type="cond" truecount="2" falsecount="0"/>
        <line num="49" count="2" type="cond" truecount="6" falsecount="0"/>
        <line num="50" count="1" type="stmt"/>
        <line num="52" count="2" type="cond" truecount="6" falsecount="0"/>
        <line num="53" count="1" type="stmt"/>
        <line num="55" count="2" type="cond" truecount="2" falsecount="0"/>
        <line num="56" count="1" type="stmt"/>
        <line num="68" count="4" type="cond" truecount="2" falsecount="0"/>
        <line num="72" count="4" type="stmt"/>
        <line num="77" count="4" type="cond" truecount="2" falsecount="0"/>
        <line num="78" count="1" type="stmt"/>
        <line num="82" count="3" type="cond" truecount="2" falsecount="0"/>
        <line num="83" count="1" type="stmt"/>
        <line num="86" count="2" type="stmt"/>
      </file>
    </package>
    <package name="construction">
      <metrics statements="69" coveredstatements="69" conditionals="35" coveredconditionals="34" methods="14" coveredmethods="14"/>
      <file name="constructionController.ts" path="C:\Users\Roberto\OneDrive\Desktop\Licenta\backend\src\modules\construction\constructionController.ts">
        <metrics statements="34" coveredstatements="34" conditionals="21" coveredconditionals="20" methods="4" coveredmethods="4"/>
        <line num="2" count="2" type="stmt"/>
        <line num="5" count="7" type="stmt"/>
        <line num="6" count="7" type="stmt"/>
        <line num="7" count="7" type="stmt"/>
        <line num="8" count="7" type="cond" truecount="2" falsecount="0"/>
        <line num="9" count="1" type="stmt"/>
        <line num="10" count="1" type="stmt"/>
        <line num="13" count="6" type="cond" truecount="5" falsecount="1"/>
        <line num="14" count="2" type="stmt"/>
        <line num="15" count="2" type="stmt"/>
        <line num="18" count="4" type="stmt"/>
        <line num="19" count="2" type="stmt"/>
        <line num="21" count="2" type="cond" truecount="4" falsecount="0"/>
        <line num="22" count="1" type="stmt"/>
        <line num="23" count="1" type="stmt"/>
[...]
        <line num="14" count="1" type="stmt"/>
        <line num="18" count="5" type="stmt"/>
        <line num="19" count="5" type="stmt"/>
        <line num="20" count="5" type="stmt"/>
        <line num="22" count="5" type="stmt"/>
        <line num="24" count="4" type="cond" truecount="2" falsecount="0"/>
        <line num="25" count="1" type="stmt"/>
        <line num="26" count="1" type="stmt"/>
        <line num="29" count="3" type="cond" truecount="2" falsecount="0"/>
        <line num="31" count="1" type="stmt"/>
        <line num="32" count="1" type="stmt"/>
      </file>
      <file name="materialRepository.ts" path="C:\Users\Roberto\OneDrive\Desktop\Licenta\backend\src\modules\materials\materialRepository.ts">
        <metrics statements="4" coveredstatements="4" conditionals="0" coveredconditionals="0" methods="2" coveredmethods="2"/>
        <line num="2" count="3" type="stmt"/>
        <line num="4" count="3" type="stmt"/>
        <line num="6" count="2" type="stmt"/>
        <line num="10" count="4" type="stmt"/>
      </file>
    </package>
    <package name="project">
      <metrics statements="72" coveredstatements="72" conditionals="48" coveredconditionals="44" methods="21" coveredmethods="21"/>
      <file name="projectController.ts" path="C:\Users\Roberto\OneDrive\Desktop\Licenta\backend\src\modules\project\projectController.ts">
        <metrics statements="33" coveredstatements="33" conditionals="8" coveredconditionals="7" methods="10" coveredmethods="10"/>
        <line num="3" count="2" type="stmt"/>
        <line num="6" count="4" type="stmt"/>
        <line num="7" count="4" type="stmt"/>
        <line num="8" count="4" type="stmt"/>
        <line num="9" count="4" type="cond" truecount="5" falsecount="1"/>
        <line num="10" count="4" type="stmt"/>
        <line num="11" count="3" type="stmt"/>
        <line num="13" count="1" type="stmt"/>
        <line num="14" count="1" type="stmt"/>
        <line num="19" count="3" type="stmt"/>
        <line num="20" count="3" type="stmt"/>
        <line num="21" count="3" type="stmt"/>
        <line num="22" count="2" type="stmt"/>
        <line num="24" count="1" type="stmt"/>
        <line num="25" count="1" type="stmt"/>
        <line num="31" count="2" type="stmt"/>
        <line num="33" count="1" type="stmt"/>
        <line num="38" count="3" type="stmt"/>
        <line num="39" count="3" type="stmt"/>
        <line num="40" count="3" type="stmt"/>
        <line num="41" count="3" type="stmt"/>
        <line num="42" count="1" type="stmt"/>
        <line num="44" count="2" type="cond" truecount="2" falsecount="0"/>
        <line num="45" count="1" type="stmt"/>
        <line num="47" count="1" type="stmt"/>
        <line num="48" count="1" type="stmt"/>
        <line num="55" count="2" type="stmt"/>
        <line num="56" count="2" type="stmt"/>
        <line num="57" count="2" type="stmt"/>
        <line num="58" count="2" type="stmt"/>
        <line num="59" count="1" type="stmt"/>
        <line num="61" count="1" type="stmt"/>
        <line num="62" count="1" type="stmt"/>
      </file>
      <file name="projectRepository.ts" path="C:\Users\Roberto\OneDrive\Desktop\Licenta\backend\src\modules\project\projectRepository.ts">
        <metrics statements="8" coveredstatements="8" conditionals="0" coveredconditionals="0" methods="5" coveredmethods="5"/>
        <line num="2" count="9" type="stmt"/>
        <line num="4" count="9" type="stmt"/>
        <line num="6" count="13" type="stmt"/>
        <line num="18" count="2" type="stmt"/>
        <line num="27" count="2" type="stmt"/>
        <line num="38" count="2" type="stmt"/>
        <line num="48" count="1" type="stmt"/>
        <line num="51" count="1" type="stmt"/>
      </file>
      <file name="projectService.ts" path="C:\Users\Roberto\OneDrive\Desktop\Licenta\backend\src\modules\project\projectService.ts">
        <metrics statements="31" coveredstatements="31" conditionals="40" coveredconditionals="37" methods="6" coveredmethods="6"/>
        <line num="1" count="3" type="stmt"/>
        <line num="2" count="3" type="stmt"/>
        <line num="5" count="3" type="stmt"/>
        <line num="7" count="5" type="cond" truecount="3" falsecount="1"/>
        <line num="8" count="5" type="cond" truecount="3" falsecount="1"/>
        <line num="9" count="5" type="cond" truecount="3" falsecount="1"/>
        <line num="13" count="2" type="stmt"/>
        <line num="17" count="2" type="stmt"/>
        <line num="26" count="7" type="cond" truecount="4" falsecount="0"/>
        <line num="27" count="7" type="cond" truecount="2" falsecount="0"/>
        <line num="30" count="6" type="cond" truecount="2" falsecount="0"/>
        <line num="35" count="1" type="stmt"/>
        <line num="38" count="6" type="cond" truecount="2" falsecount="0"/>
        <line num="40" count="6" type="stmt"/>
        <line num="41" count="6" type="stmt"/>
        <line num="49" count="6" type="stmt"/>
        <line num="50" count="126" type="cond" truecount="2" falsecount="0"/>
        <line num="51" count="4" type="stmt"/>
        <line num="55" count="6" type="cond" truecount="2" falsecount="0"/>
        <line num="56" count="6" type="cond" truecount="2" falsecount="0"/>
        <line num="58" count="6" type="cond" truecount="5" falsecount="0"/>
        <line num="59" count="3" type="stmt"/>
        <line num="60" count="10" type="stmt"/>
        <line num="61" count="2" type="cond" truecount="4" falsecount="0"/>
        <line num="62" count="1" type="stmt"/>
        <line num="64" count="2" type="stmt"/>
        <line num="65" count="2" type="stmt"/>
        <line num="66" count="2" type="stmt"/>
        <line num="68" count="1" type="stmt"/>
        <line num="72" count="6" type="stmt"/>
        <line num="80" count="1" type="stmt"/>
      </file>
    </package>
    <package name="quote">
      <metrics statements="136" coveredstatements="136" conditionals="98" coveredconditionals="89" methods="26" coveredmethods="26"/>
      <file name="quoteController.ts" path="C:\Users\Roberto\OneDrive\Desktop\Licenta\backend\src\modules\quote\quoteController.ts">
        <metrics statements="53" coveredstatements="53" conditionals="29" coveredconditionals="27" methods="10" coveredmethods="10"/>
        <line num="3" count="2" type="stmt"/>
        <line num="5" count="6" type="stmt"/>
        <line num="6" count="6" type="stmt"/>
        <line num="7" count="6" type="stmt"/>
        <line num="8" count="6" type="cond" truecount="5" falsecount="0"/>
        <line num="9" count="1" type="stmt"/>
        <line num="12" count="5" type="stmt"/>
        <line num="13" count="3" type="cond" truecount="2" falsecount="0"/>
        <line num="14" count="2" type="stmt"/>
        <line num="16" count="1" type="stmt"/>
        <line num="19" count="2" type="stmt"/>
        <line num="20" count="2" type="cond" truecount="2" falsecount="0"/>
        <line num="21" count="1" type="stmt"/>
        <line num="25" count="5" type="stmt"/>
        <line num="26" count="5" type="stmt"/>
        <line num="27" count="5" type="stmt"/>
        <line num="28" count="5" type="stmt"/>
        <line num="29" count="5" type="stmt"/>
        <line num="30" count="2" type="stmt"/>
        <line num="32" count="3" type="stmt"/>
        <line num="33" count="3" type="cond" truecount="2" falsecount="0"/>
        <line num="34" count="2" type="cond" truecount="2" falsecount="0"/>
        <line num="35" count="1" type="stmt"/>
        <line num="39" count="3" type="stmt"/>
        <line num="40" count="3" type="stmt"/>
        <line num="41" count="3" type="stmt"/>
        <line num="42" count="3" type="stmt"/>
        <line num="43" count="1" type="stmt"/>
        <line num="45" count="2" type="stmt"/>
        <line num="46" count="2" type="cond" truecount="2" falsecount="0"/>
        <line num="47" count="1" type="stmt"/>
        <line num="51" count="6" type="stmt"/>
        <line num="52" count="6" type="stmt"/>
        <line num="53" count="6" type="cond" truecount="1" falsecount="1"/>
        <line num="54" count="6" type="stmt"/>
        <line num="55" count="6" type="stmt"/>
        <line num="56" count="2" type="stmt"/>
        <line num="58" count="4" type="stmt"/>
        <line num="59" count="4" type="cond" truecount="2" falsecount="0"/>
        <line num="60" count="3" type="cond" truecount="2" falsecount="0"/>
        <line num="61" count="2" type="cond" truecount="2" falsecount="0"/>
        <line num="62" count="1" type="stmt"/>
        <line num="66" count="5" type="stmt"/>
        <line num="67" count="5" type="stmt"/>
        <line num="68" count="5" type="stmt"/>
        <line num="69" count="5" type="stmt"/>
        <line num="70" count="5" type="stmt"/>
        <line num="71" count="2" type="stmt"/>
        <line num="73" count="3" type="stmt"/>
        <line num="74" count="3" type="cond" truecount="2" falsecount="0"/>
        <line num="75" count="2" type="cond" truecount="2" falsecount="0"/>
        <line num="76" count="1" type="cond" truecount="1" falsecount="1"/>
        <line num="77" count="1" type="stmt"/>
      </file>
      <file name="quoteService.ts" path="C:\Users\Roberto\OneDrive\Desktop\Licenta\backend\src\modules\quote\quoteService.ts">
        <metrics statements="83" coveredstatements="83" conditionals="69" coveredconditionals="62" methods="16" coveredmethods="16"/>
        <line num="1" count="3" type="stmt"/>
        <line num="2" count="3" type="stmt"/>
        <line num="4" count="3" type="stmt"/>
        <line num="5" count="21" type="cond" truecount="10" falsecount="0"/>
        <line num="6" count="2" type="stmt"/>
        <line num="7" count="1" type="stmt"/>
        <line num="8" count="1" type="stmt"/>
        <line num="9" count="1" type="stmt"/>
        <line num="10" count="1" type="stmt"/>
        <line num="11" count="1" type="stmt"/>
        <line num="12" count="1" type="stmt"/>
        <line num="13" count="1" type="stmt"/>
        <line num="14" count="1" type="stmt"/>
        <line num="15" count="11" type="stmt"/>
        <line num="19" count="3" type="stmt"/>
        <line num="21" count="6" type="stmt"/>
        <line num="26" count="6" type="cond" truecount="1" falsecount="1"/>
        <line num="28" count="6" type="stmt"/>
        <line num="32" count="6" type="stmt"/>
        <line num="34" count="6" type="stmt"/>
        <line num="35" count="11" type="stmt"/>
        <line num="36" count="19" type="stmt"/>
        <line num="37" count="39" type="stmt"/>
        <line num="39" count="19" type="cond" truecount="1" falsecount="1"/>
        <line num="41" count="19" type="stmt"/>
        <line num="51" count="19" type="cond" truecount="2" falsecount="0"/>
        <line num="52" count="15" type="stmt"/>
        <line num="61" count="15" type="stmt"/>
        <line num="63" count="4" type="cond" truecount="1" falsecount="1"/>
        <line num="64" count="4" type="stmt"/>
        <line num="74" count="6" type="cond" truecount="2" falsecount="0"/>
        <line num="75" count="1" type="stmt"/>
        <line num="78" count="5" type="stmt"/>
        <line num="82" count="4" type="stmt"/>
        <line num="83" count="4" type="cond" truecount="2" falsecount="0"/>
        <line num="84" count="3" type="cond" truecount="2" falsecount="0"/>
        <line num="85" count="1" type="stmt"/>
        <line num="88" count="2" type="stmt"/>
        <line num="101" count="3" type="stmt"/>
        <line num="102" count="3" type="cond" truecount="2" falsecount="0"/>
        <line num="104" count="2" type="stmt"/>
        <line num="121" count="14" type="cond" truecount="4" falsecount="0"/>
        <line num="122" count="2" type="stmt"/>
        <line num="125" count="12" type="stmt"/>
        <line num="126" count="12" type="cond" truecount="2" falsecount="0"/>
        <line num="130" count="11" type="cond" truecount="2" falsecount="0"/>
        <line num="131" count="4" type="cond" truecount="5" falsecount="0"/>
        <line num="132" count="1" type="stmt"/>
        <line num="135" count="3" type="stmt"/>
        <line num="136" count="3" type="cond" truecount="4" falsecount="0"/>
        <line num="139" count="2" type="stmt"/>
        <line num="140" count="2" type="stmt"/>
        <line num="141" count="2" type="stmt"/>
        <line num="142" count="2" type="cond" truecount="2" falsecount="0"/>
        <line num="143" count="1" type="stmt"/>
        <line num="147" count="1" type="stmt"/>
        <line num="162" count="1" type="stmt"/>
        <line num="175" count="1" type="stmt"/>
        <line num="179" count="1" type="stmt"/>
        <line num="182" count="7" type="cond" truecount="2" falsecount="0"/>
        <line num="183" count="1" type="stmt"/>
        <line num="186" count="6" type="stmt"/>
        <line num="187" count="6" type="cond" truecount="2" falsecount="0"/>
        <line num="188" count="5" type="cond" truecount="2" falsecount="0"/>
        <line num="189" count="1" type="stmt"/>
        <line num="192" count="4" type="cond" truecount="2" falsecount="0"/>
        <line num="193" count="1" type="stmt"/>
        <line num="196" count="3" type="stmt"/>
        <line num="206" count="2" type="stmt"/>
        <line num="213" count="6" type="stmt"/>
        <line num="218" count="6" type="cond" truecount="2" falsecount="0"/>
        <line num="219" count="5" type="cond" truecount="2" falsecount="0"/>
        <line num="220" count="1" type="stmt"/>
        <line num="223" count="4" type="cond" truecount="2" falsecount="0"/>
        <line num="224" count="1" type="stmt"/>
        <line num="227" count="3" type="stmt"/>
        <line num="228" count="2" type="stmt"/>
        <line num="233" count="2" type="cond" truecount="1" falsecount="1"/>
        <line num="234" count="2" type="stmt"/>
        <line num="235" count="2" type="stmt"/>
        <line num="243" count="2" type="stmt"/>
        <line num="246" count="2" type="stmt"/>
        <line num="256" count="2" type="stmt"/>
      </file>
    </package>
    <package name="terrain">
      <metrics statements="85" coveredstatements="85" conditionals="74" coveredconditionals="57" methods="12" coveredmethods="12"/>
      <file name="geospatialService.ts" path="C:\Users\Roberto\OneDrive\Desktop\Licenta\backend\src\modules\terrain\geospatialService.ts">
        <metrics statements="56" coveredstatements="56" conditionals="42" coveredconditionals="26" methods="8" coveredmethods="8"/>
        <line num="1" count="3" type="stmt"/>
        <line num="2" count="3" type="stmt"/>
        <line num="3" count="3" type="stmt"/>
        <line num="4" count="3" type="stmt"/>
        <line num="6" count="3" type="stmt"/>
        <line num="7" count="3" type="stmt"/>
        <line num="8" count="3" type="stmt"/>
        <line num="10" count="3" type="stmt"/>
        <line num="12" count="3" type="stmt"/>
        <line num="15" count="8" type="stmt"/>
        <line num="16" count="8" type="stmt"/>
        <line num="18" count="7" type="cond" truecount="1" falsecount="1"/>
        <line num="19" count="7" type="stmt"/>
        <line num="20" count="7" type="stmt"/>
        <line num="21" count="6" type="cond" truecount="2" falsecount="0"/>
        <line num="23" count="1" type="stmt"/>
        <line num="28" count="6" type="stmt"/>
        <line num="29" count="6" type="stmt"/>
        <line num="30" count="6" type="stmt"/>
        <line num="32" count="6" type="stmt"/>
        <line num="33" count="10" type="stmt"/>
        <line num="34" count="10" type="cond" truecount="4" falsecount="2"/>
        <line num="35" count="10" type="stmt"/>
        <line num="37" count="3" type="cond" truecount="1" falsecount="1"/>
        <line num="38" count="3" type="cond" truecount="1" falsecount="6"/>
        <line num="39" count="3" type="stmt"/>
        <line num="40" count="3" type="cond" truecount="3" falsecount="2"/>
        <line num="42" count="3" type="stmt"/>
        <line num="44" count="3" type="cond" truecount="1" falsecount="1"/>
        <line num="45" count="3" type="stmt"/>
        <line num="46" count="3" type="stmt"/>
        <line num="48" count="1" type="stmt"/>
        <line num="52" count="3" type="stmt"/>
        <line num="54" count="7" type="stmt"/>
        <line num="55" count="7" type="cond" truecount="5" falsecount="0"/>
        <line num="56" count="1" type="stmt"/>
        <line num="57" count="1" type="stmt"/>
        <line num="59" count="6" type="stmt"/>
        <line num="60" count="6" type="stmt"/>
        <line num="61" count="6" type="stmt"/>
        <line num="65" count="3" type="stmt"/>
        <line num="66" count="3" type="stmt"/>
        <line num="68" count="1" type="stmt"/>
        <line num="69" count="1" type="stmt"/>
        <line num="74" count="1" type="stmt"/>
        <line num="75" count="1" type="stmt"/>
        <line num="76" count="1" type="stmt"/>
        <line num="77" count="1" type="cond" truecount="1" falsecount="1"/>
        <line num="81" count="1" type="stmt"/>
        <line num="82" count="1" type="stmt"/>
        <line num="83" count="13" type="stmt"/>
        <line num="84" count="1" type="cond" truecount="1" falsecount="1"/>
        <line num="88" count="2" type="stmt"/>
        <line num="89" count="2" type="cond" truecount="2" falsecount="0"/>
        <line num="90" count="1" type="cond" truecount="3" falsecount="0"/>
        <line num="94" count="17" type="cond" truecount="1" falsecount="1"/>
      </file>
      <file name="terrainController.ts" path="C:\Users\Roberto\OneDrive\Desktop\Licenta\backend\src\modules\terrain\terrainController.ts">
        <metrics statements="9" coveredstatements="9" conditionals="8" coveredconditionals="7" methods="2" coveredmethods="2"/>
        <line num="2" count="2" type="stmt"/>
        <line num="4" count="9" type="stmt"/>
        <line num="5" count="9" type="stmt"/>
        <line num="6" count="9" type="stmt"/>
        <line num="7" count="5" type="stmt"/>
        <line num="9" count="4" type="cond" truecount="7" falsecount="1"/>
        <line num="10" count="3" type="stmt"/>
        <line num="12" count="1" type="stmt"/>
        <line num="13" count="1" type="stmt"/>
      </file>
      <file name="terrainRepository.ts" path="C:\Users\Roberto\OneDrive\Desktop\Licenta\backend\src\modules\terrain\terrainRepository.ts">
        <metrics statements="3" coveredstatements="3" conditionals="0" coveredconditionals="0" methods="1" coveredmethods="1"/>
        <line num="2" count="1" type="stmt"/>
        <line num="4" count="1" type="stmt"/>
        <line num="6" count="1" type="stmt"/>
      </file>
      <file name="terrainService.ts" path="C:\Users\Roberto\OneDrive\Desktop\Licenta\backend\src\modules\terrain\terrainService.ts">
        <metrics statements="17" coveredstatements="17" conditionals="24" coveredconditionals="24" methods="1" coveredmethods="1"/>
        <line num="1" count="3" type="stmt"/>
        <line num="4" count="3" type="stmt"/>
        <line num="6" count="10" type="stmt"/>
        <line num="7" count="10" type="cond" truecount="2" falsecount="0"/>
        <line num="8" count="10" type="stmt"/>
        <line num="10" count="10" type="cond" truecount="4" falsecount="0"/>
        <line num="11" count="5" type="cond" truecount="4" falsecount="0"/>
        <line num="12" count="1" type="stmt"/>
        <line num="14" count="4" type="stmt"/>
        <line num="15" count="4" type="cond" truecount="2" falsecount="0"/>
        <line num="16" count="3" type="cond" truecount="2" falsecount="0"/>
        <line num="17" count="3" type="stmt"/>
        <line num="21" count="9" type="cond" truecount="2" falsecount="0"/>
        <line num="22" count="2" type="stmt"/>
        <line num="25" count="7" type="stmt"/>
        <line num="26" count="7" type="stmt"/>
        <line num="28" count="7" type="stmt"/>
      </file>
    </package>
  </project>
</coverage>
