{"C:\\Users\\Roberto\\OneDrive\\Desktop\\Licenta\\backend\\src\\modules\\admin\\adminController.ts": {"path":"C:\\Users\\Roberto\\OneDrive\\Desktop\\Licenta\\backend\\src\\modules\\admin\\adminController.ts","statementMap":{"0":{"start":{"line":2,"column":0},"end":{"line":2,"column":20}},"1":{"start":{"line":3,"column":0},"end":{"line":3,"column":35}},"2":{"start":{"line":4,"column":0},"end":{"line":4,"column":74}},"3":{"start":{"line":5,"column":0},"end":{"line":5,"column":42}},"4":{"start":{"line":7,"column":36},"end":{"line":19,"column":2}},"5":{"start":{"line":7,"column":89},"end":{"line":19,"column":2}},"6":{"start":{"line":8,"column":2},"end":{"line":18,"column":3}},"7":{"start":{"line":9,"column":19},"end":{"line":9,"column":58}},"8":{"start":{"line":10,"column":4},"end":{"line":14,"column":7}},"9":{"start":{"line":16,"column":4},"end":{"line":16,"column":59}},"10":{"start":{"line":17,"column":4},"end":{"line":17,"column":93}},"11":{"start":{"line":7,"column":13},"end":{"line":7,"column":36}},"12":{"start":{"line":21,"column":34},"end":{"line":76,"column":2}},"13":{"start":{"line":21,"column":87},"end":{"line":76,"column":2}},"14":{"start":{"line":22,"column":2},"end":{"line":75,"column":3}},"15":{"start":{"line":23,"column":125},"end":{"line":23,"column":133}},"16":{"start":{"line":25,"column":4},"end":{"line":28,"column":5}},"17":{"start":{"line":26,"column":6},"end":{"line":26,"column":125}},"18":{"start":{"line":27,"column":6},"end":{"line":27,"column":13}},"19":{"start":{"line":30,"column":20},"end":{"line":30,"column":63}},"20":{"start":{"line":32,"column":4},"end":{"line":35,"column":5}},"21":{"start":{"line":33,"column":6},"end":{"line":33,"column":130}},"22":{"start":{"line":34,"column":6},"end":{"line":34,"column":13}},"23":{"start":{"line":37,"column":4},"end":{"line":40,"column":5}},"24":{"start":{"line":38,"column":6},"end":{"line":38,"column":129}},"25":{"start":{"line":39,"column":6},"end":{"line":39,"column":13}},"26":{"start":{"line":42,"column":21},"end":{"line":60,"column":6}},"27":{"start":{"line":63,"column":4},"end":{"line":69,"column":7}},"28":{"start":{"line":71,"column":4},"end":{"line":71,"column":42}},"29":{"start":{"line":73,"column":4},"end":{"line":73,"column":66}},"30":{"start":{"line":74,"column":4},"end":{"line":74,"column":89}},"31":{"start":{"line":21,"column":13},"end":{"line":21,"column":34}},"32":{"start":{"line":78,"column":33},"end":{"line":120,"column":2}},"33":{"start":{"line":78,"column":86},"end":{"line":120,"column":2}},"34":{"start":{"line":79,"column":2},"end":{"line":119,"column":3}},"35":{"start":{"line":84,"column":8},"end":{"line":84,"column":16}},"36":{"start":{"line":86,"column":4},"end":{"line":89,"column":5}},"37":{"start":{"line":87,"column":6},"end":{"line":87,"column":134}},"38":{"start":{"line":88,"column":6},"end":{"line":88,"column":13}},"39":{"start":{"line":91,"column":21},"end":{"line":105,"column":6}},"40":{"start":{"line":107,"column":4},"end":{"line":113,"column":7}},"41":{"start":{"line":115,"column":4},"end":{"line":115,"column":42}},"42":{"start":{"line":117,"column":4},"end":{"line":117,"column":72}},"43":{"start":{"line":118,"column":4},"end":{"line":118,"column":99}},"44":{"start":{"line":78,"column":13},"end":{"line":78,"column":33}},"45":{"start":{"line":122,"column":34},"end":{"line":207,"column":2}},"46":{"start":{"line":122,"column":87},"end":{"line":207,"column":2}},"47":{"start":{"line":123,"column":2},"end":{"line":206,"column":3}},"48":{"start":{"line":124,"column":4},"end":{"line":127,"column":5}},"49":{"start":{"line":125,"column":6},"end":{"line":125,"column":89}},"50":{"start":{"line":126,"column":6},"end":{"line":126,"column":13}},"51":{"start":{"line":129,"column":27},"end":{"line":129,"column":29}},"52":{"start":{"line":130,"column":4},"end":{"line":201,"column":9}},"53":{"start":{"line":132,"column":28},"end":{"line":132,"column":46}},"54":{"start":{"line":133,"column":28},"end":{"line":197,"column":8}},"55":{"start":{"line":134,"column":23},"end":{"line":134,"column":24}},"56":{"start":{"line":135,"column":21},"end":{"line":135,"column":22}},"57":{"start":{"line":137,"column":8},"end":{"line":191,"column":9}},"58":{"start":{"line":138,"column":10},"end":{"line":190,"column":11}},"59":{"start":{"line":139,"column":12},"end":{"line":142,"column":13}},"60":{"start":{"line":140,"column":14},"end":{"line":140,"column":23}},"61":{"start":{"line":141,"column":14},"end":{"line":141,"column":23}},"62":{"start":{"line":144,"column":12},"end":{"line":185,"column":15}},"63":{"start":{"line":186,"column":12},"end":{"line":186,"column":23}},"64":{"start":{"line":188,"column":12},"end":{"line":188,"column":66}},"65":{"start":{"line":189,"column":12},"end":{"line":189,"column":21}},"66":{"start":{"line":194,"column":8},"end":{"line":194,"column":38}},"67":{"start":{"line":196,"column":8},"end":{"line":196,"column":118}},"68":{"start":{"line":199,"column":8},"end":{"line":199,"column":81}},"69":{"start":{"line":200,"column":8},"end":{"line":200,"column":96}},"70":{"start":{"line":204,"column":4},"end":{"line":204,"column":73}},"71":{"start":{"line":205,"column":4},"end":{"line":205,"column":88}},"72":{"start":{"line":122,"column":13},"end":{"line":122,"column":34}},"73":{"start":{"line":208,"column":24},"end":{"line":226,"column":2}},"74":{"start":{"line":208,"column":77},"end":{"line":226,"column":2}},"75":{"start":{"line":209,"column":2},"end":{"line":225,"column":3}},"76":{"start":{"line":210,"column":18},"end":{"line":220,"column":6}},"77":{"start":{"line":221,"column":4},"end":{"line":221,"column":39}},"78":{"start":{"line":223,"column":4},"end":{"line":223,"column":63}},"79":{"start":{"line":224,"column":4},"end":{"line":224,"column":91}},"80":{"start":{"line":208,"column":13},"end":{"line":208,"column":24}},"81":{"start":{"line":228,"column":31},"end":{"line":238,"column":2}},"82":{"start":{"line":228,"column":84},"end":{"line":238,"column":2}},"83":{"start":{"line":229,"column":2},"end":{"line":237,"column":3}},"84":{"start":{"line":230,"column":22},"end":{"line":232,"column":6}},"85":{"start":{"line":233,"column":4},"end":{"line":233,"column":43}},"86":{"start":{"line":235,"column":4},"end":{"line":235,"column":70}},"87":{"start":{"line":236,"column":4},"end":{"line":236,"column":89}},"88":{"start":{"line":228,"column":13},"end":{"line":228,"column":31}},"89":{"start":{"line":240,"column":30},"end":{"line":255,"column":2}},"90":{"start":{"line":240,"column":83},"end":{"line":255,"column":2}},"91":{"start":{"line":241,"column":2},"end":{"line":254,"column":3}},"92":{"start":{"line":242,"column":23},"end":{"line":242,"column":60}},"93":{"start":{"line":243,"column":17},"end":{"line":243,"column":25}},"94":{"start":{"line":245,"column":21},"end":{"line":248,"column":6}},"95":{"start":{"line":250,"column":4},"end":{"line":250,"column":42}},"96":{"start":{"line":252,"column":4},"end":{"line":252,"column":69}},"97":{"start":{"line":253,"column":4},"end":{"line":253,"column":92}},"98":{"start":{"line":240,"column":13},"end":{"line":240,"column":30}},"99":{"start":{"line":257,"column":30},"end":{"line":270,"column":2}},"100":{"start":{"line":257,"column":83},"end":{"line":270,"column":2}},"101":{"start":{"line":258,"column":2},"end":{"line":269,"column":3}},"102":{"start":{"line":259,"column":23},"end":{"line":259,"column":60}},"103":{"start":{"line":261,"column":4},"end":{"line":263,"column":7}},"104":{"start":{"line":265,"column":4},"end":{"line":265,"column":70}},"105":{"start":{"line":267,"column":4},"end":{"line":267,"column":69}},"106":{"start":{"line":268,"column":4},"end":{"line":268,"column":89}},"107":{"start":{"line":257,"column":13},"end":{"line":257,"column":30}},"108":{"start":{"line":272,"column":32},"end":{"line":284,"column":2}},"109":{"start":{"line":272,"column":85},"end":{"line":284,"column":2}},"110":{"start":{"line":273,"column":2},"end":{"line":283,"column":3}},"111":{"start":{"line":276,"column":4},"end":{"line":279,"column":7}},"112":{"start":{"line":281,"column":4},"end":{"line":281,"column":71}},"113":{"start":{"line":282,"column":4},"end":{"line":282,"column":87}},"114":{"start":{"line":272,"column":13},"end":{"line":272,"column":32}}},"fnMap":{"0":{"name":"(anonymous_8)","decl":{"start":{"line":7,"column":36},"end":{"line":7,"column":43}},"loc":{"start":{"line":7,"column":89},"end":{"line":19,"column":2}}},"1":{"name":"(anonymous_9)","decl":{"start":{"line":7,"column":89},"end":{"line":7,"column":null}},"loc":{"start":{"line":7,"column":89},"end":{"line":19,"column":1}}},"2":{"name":"(anonymous_10)","decl":{"start":{"line":21,"column":34},"end":{"line":21,"column":41}},"loc":{"start":{"line":21,"column":87},"end":{"line":76,"column":2}}},"3":{"name":"(anonymous_11)","decl":{"start":{"line":21,"column":87},"end":{"line":21,"column":null}},"loc":{"start":{"line":21,"column":87},"end":{"line":76,"column":1}}},"4":{"name":"(anonymous_12)","decl":{"start":{"line":78,"column":33},"end":{"line":78,"column":40}},"loc":{"start":{"line":78,"column":86},"end":{"line":120,"column":2}}},"5":{"name":"(anonymous_13)","decl":{"start":{"line":78,"column":86},"end":{"line":78,"column":null}},"loc":{"start":{"line":78,"column":86},"end":{"line":120,"column":1}}},"6":{"name":"(anonymous_14)","decl":{"start":{"line":122,"column":34},"end":{"line":122,"column":41}},"loc":{"start":{"line":122,"column":87},"end":{"line":207,"column":2}}},"7":{"name":"(anonymous_15)","decl":{"start":{"line":122,"column":87},"end":{"line":122,"column":null}},"loc":{"start":{"line":122,"column":87},"end":{"line":207,"column":1}}},"8":{"name":"(anonymous_16)","decl":{"start":{"line":132,"column":18},"end":{"line":132,"column":19}},"loc":{"start":{"line":132,"column":28},"end":{"line":132,"column":46}}},"9":{"name":"(anonymous_17)","decl":{"start":{"line":133,"column":17},"end":{"line":133,"column":26}},"loc":{"start":{"line":133,"column":28},"end":{"line":197,"column":8}}},"10":{"name":"(anonymous_18)","decl":{"start":{"line":133,"column":28},"end":{"line":133,"column":null}},"loc":{"start":{"line":133,"column":28},"end":{"line":197,"column":7}}},"11":{"name":"(anonymous_19)","decl":{"start":{"line":198,"column":19},"end":{"line":198,"column":20}},"loc":{"start":{"line":198,"column":27},"end":{"line":201,"column":7}}},"12":{"name":"(anonymous_20)","decl":{"start":{"line":208,"column":24},"end":{"line":208,"column":31}},"loc":{"start":{"line":208,"column":77},"end":{"line":226,"column":2}}},"13":{"name":"(anonymous_21)","decl":{"start":{"line":208,"column":77},"end":{"line":208,"column":null}},"loc":{"start":{"line":208,"column":77},"end":{"line":226,"column":1}}},"14":{"name":"(anonymous_22)","decl":{"start":{"line":228,"column":31},"end":{"line":228,"column":38}},"loc":{"start":{"line":228,"column":84},"end":{"line":238,"column":2}}},"15":{"name":"(anonymous_23)","decl":{"start":{"line":228,"column":84},"end":{"line":228,"column":null}},"loc":{"start":{"line":228,"column":84},"end":{"line":238,"column":1}}},"16":{"name":"(anonymous_24)","decl":{"start":{"line":240,"column":30},"end":{"line":240,"column":37}},"loc":{"start":{"line":240,"column":83},"end":{"line":255,"column":2}}},"17":{"name":"(anonymous_25)","decl":{"start":{"line":240,"column":83},"end":{"line":240,"column":null}},"loc":{"start":{"line":240,"column":83},"end":{"line":255,"column":1}}},"18":{"name":"(anonymous_26)","decl":{"start":{"line":257,"column":30},"end":{"line":257,"column":37}},"loc":{"start":{"line":257,"column":83},"end":{"line":270,"column":2}}},"19":{"name":"(anonymous_27)","decl":{"start":{"line":257,"column":83},"end":{"line":257,"column":null}},"loc":{"start":{"line":257,"column":83},"end":{"line":270,"column":1}}},"20":{"name":"(anonymous_28)","decl":{"start":{"line":272,"column":32},"end":{"line":272,"column":39}},"loc":{"start":{"line":272,"column":85},"end":{"line":284,"column":2}}},"21":{"name":"(anonymous_29)","decl":{"start":{"line":272,"column":85},"end":{"line":272,"column":null}},"loc":{"start":{"line":272,"column":85},"end":{"line":284,"column":1}}}},"branchMap":{"0":{"loc":{"start":{"line":25,"column":4},"end":{"line":28,"column":5}},"type":"if","locations":[{"start":{"line":25,"column":4},"end":{"line":28,"column":5}},{"start":{},"end":{}}]},"1":{"loc":{"start":{"line":25,"column":8},"end":{"line":25,"column":60}},"type":"binary-expr","locations":[{"start":{"line":25,"column":8},"end":{"line":25,"column":12}},{"start":{"line":25,"column":16},"end":{"line":25,"column":29}},{"start":{"line":25,"column":33},"end":{"line":25,"column":38}},{"start":{"line":25,"column":42},"end":{"line":25,"column":51}},{"start":{"line":25,"column":55},"end":{"line":25,"column":60}}]},"2":{"loc":{"start":{"line":32,"column":4},"end":{"line":35,"column":5}},"type":"if","locations":[{"start":{"line":32,"column":4},"end":{"line":35,"column":5}},{"start":{},"end":{}}]},"3":{"loc":{"start":{"line":37,"column":4},"end":{"line":40,"column":5}},"type":"if","locations":[{"start":{"line":37,"column":4},"end":{"line":40,"column":5}},{"start":{},"end":{}}]},"4":{"loc":{"start":{"line":37,"column":8},"end":{"line":37,"column":47}},"type":"binary-expr","locations":[{"start":{"line":37,"column":8},"end":{"line":37,"column":27}},{"start":{"line":37,"column":31},"end":{"line":37,"column":47}}]},"5":{"loc":{"start":{"line":54,"column":16},"end":{"line":54,"column":55}},"type":"cond-expr","locations":[{"start":{"line":54,"column":25},"end":{"line":54,"column":43}},{"start":{"line":54,"column":46},"end":{"line":54,"column":55}}]},"6":{"loc":{"start":{"line":55,"column":29},"end":{"line":55,"column":94}},"type":"cond-expr","locations":[{"start":{"line":55,"column":51},"end":{"line":55,"column":82}},{"start":{"line":55,"column":85},"end":{"line":55,"column":94}}]},"7":{"loc":{"start":{"line":56,"column":24},"end":{"line":56,"column":79}},"type":"cond-expr","locations":[{"start":{"line":56,"column":41},"end":{"line":56,"column":67}},{"start":{"line":56,"column":70},"end":{"line":56,"column":79}}]},"8":{"loc":{"start":{"line":57,"column":19},"end":{"line":57,"column":66}},"type":"cond-expr","locations":[{"start":{"line":57,"column":31},"end":{"line":57,"column":54}},{"start":{"line":57,"column":57},"end":{"line":57,"column":66}}]},"9":{"loc":{"start":{"line":86,"column":4},"end":{"line":89,"column":5}},"type":"if","locations":[{"start":{"line":86,"column":4},"end":{"line":89,"column":5}},{"start":{},"end":{}}]},"10":{"loc":{"start":{"line":86,"column":8},"end":{"line":86,"column":82}},"type":"binary-expr","locations":[{"start":{"line":86,"column":8},"end":{"line":86,"column":21}},{"start":{"line":86,"column":25},"end":{"line":86,"column":30}},{"start":{"line":86,"column":34},"end":{"line":86,"column":43}},{"start":{"line":86,"column":47},"end":{"line":86,"column":52}},{"start":{"line":86,"column":56},"end":{"line":86,"column":82}}]},"11":{"loc":{"start":{"line":96,"column":17},"end":{"line":96,"column":55}},"type":"cond-expr","locations":[{"start":{"line":96,"column":41},"end":{"line":96,"column":48}},{"start":{"line":96,"column":51},"end":{"line":96,"column":55}}]},"12":{"loc":{"start":{"line":97,"column":23},"end":{"line":97,"column":76}},"type":"cond-expr","locations":[{"start":{"line":97,"column":39},"end":{"line":97,"column":64}},{"start":{"line":97,"column":67},"end":{"line":97,"column":76}}]},"13":{"loc":{"start":{"line":98,"column":16},"end":{"line":98,"column":55}},"type":"cond-expr","locations":[{"start":{"line":98,"column":25},"end":{"line":98,"column":43}},{"start":{"line":98,"column":46},"end":{"line":98,"column":55}}]},"14":{"loc":{"start":{"line":99,"column":29},"end":{"line":99,"column":94}},"type":"cond-expr","locations":[{"start":{"line":99,"column":51},"end":{"line":99,"column":82}},{"start":{"line":99,"column":85},"end":{"line":99,"column":94}}]},"15":{"loc":{"start":{"line":100,"column":24},"end":{"line":100,"column":79}},"type":"cond-expr","locations":[{"start":{"line":100,"column":41},"end":{"line":100,"column":67}},{"start":{"line":100,"column":70},"end":{"line":100,"column":79}}]},"16":{"loc":{"start":{"line":101,"column":19},"end":{"line":101,"column":66}},"type":"cond-expr","locations":[{"start":{"line":101,"column":31},"end":{"line":101,"column":54}},{"start":{"line":101,"column":57},"end":{"line":101,"column":66}}]},"17":{"loc":{"start":{"line":103,"column":20},"end":{"line":103,"column":64}},"type":"cond-expr","locations":[{"start":{"line":103,"column":47},"end":{"line":103,"column":57}},{"start":{"line":103,"column":60},"end":{"line":103,"column":64}}]},"18":{"loc":{"start":{"line":124,"column":4},"end":{"line":127,"column":5}},"type":"if","locations":[{"start":{"line":124,"column":4},"end":{"line":127,"column":5}},{"start":{},"end":{}}]},"19":{"loc":{"start":{"line":139,"column":12},"end":{"line":142,"column":13}},"type":"if","locations":[{"start":{"line":139,"column":12},"end":{"line":142,"column":13}},{"start":{},"end":{}}]},"20":{"loc":{"start":{"line":139,"column":16},"end":{"line":139,"column":97}},"type":"binary-expr","locations":[{"start":{"line":139,"column":16},"end":{"line":139,"column":33}},{"start":{"line":139,"column":37},"end":{"line":139,"column":46}},{"start":{"line":139,"column":50},"end":{"line":139,"column":63}},{"start":{"line":139,"column":67},"end":{"line":139,"column":76}},{"start":{"line":139,"column":80},"end":{"line":139,"column":97}}]},"21":{"loc":{"start":{"line":149,"column":29},"end":{"line":149,"column":52}},"type":"binary-expr","locations":[{"start":{"line":149,"column":29},"end":{"line":149,"column":44}},{"start":{"line":149,"column":48},"end":{"line":149,"column":52}}]},"22":{"loc":{"start":{"line":152,"column":23},"end":{"line":152,"column":40}},"type":"binary-expr","locations":[{"start":{"line":152,"column":23},"end":{"line":152,"column":32}},{"start":{"line":152,"column":36},"end":{"line":152,"column":40}}]},"23":{"loc":{"start":{"line":153,"column":26},"end":{"line":153,"column":46}},"type":"binary-expr","locations":[{"start":{"line":153,"column":26},"end":{"line":153,"column":38}},{"start":{"line":153,"column":42},"end":{"line":153,"column":46}}]},"24":{"loc":{"start":{"line":154,"column":29},"end":{"line":154,"column":52}},"type":"binary-expr","locations":[{"start":{"line":154,"column":29},"end":{"line":154,"column":44}},{"start":{"line":154,"column":48},"end":{"line":154,"column":52}}]},"25":{"loc":{"start":{"line":155,"column":24},"end":{"line":155,"column":66}},"type":"cond-expr","locations":[{"start":{"line":155,"column":37},"end":{"line":155,"column":59}},{"start":{"line":155,"column":62},"end":{"line":155,"column":66}}]},"26":{"loc":{"start":{"line":156,"column":25},"end":{"line":156,"column":82}},"type":"cond-expr","locations":[{"start":{"line":156,"column":39},"end":{"line":156,"column":75}},{"start":{"line":156,"column":78},"end":{"line":156,"column":82}}]},"27":{"loc":{"start":{"line":157,"column":31},"end":{"line":157,"column":87}},"type":"cond-expr","locations":[{"start":{"line":157,"column":51},"end":{"line":157,"column":80}},{"start":{"line":157,"column":83},"end":{"line":157,"column":87}}]},"28":{"loc":{"start":{"line":158,"column":37},"end":{"line":158,"column":105}},"type":"cond-expr","locations":[{"start":{"line":158,"column":63},"end":{"line":158,"column":98}},{"start":{"line":158,"column":101},"end":{"line":158,"column":105}}]},"29":{"loc":{"start":{"line":159,"column":32},"end":{"line":159,"column":90}},"type":"cond-expr","locations":[{"start":{"line":159,"column":53},"end":{"line":159,"column":83}},{"start":{"line":159,"column":86},"end":{"line":159,"column":90}}]},"30":{"loc":{"start":{"line":160,"column":27},"end":{"line":160,"column":77}},"type":"cond-expr","locations":[{"start":{"line":160,"column":43},"end":{"line":160,"column":70}},{"start":{"line":160,"column":73},"end":{"line":160,"column":77}}]},"31":{"loc":{"start":{"line":161,"column":31},"end":{"line":161,"column":56}},"type":"binary-expr","locations":[{"start":{"line":161,"column":31},"end":{"line":161,"column":48}},{"start":{"line":161,"column":52},"end":{"line":161,"column":56}}]},"32":{"loc":{"start":{"line":162,"column":34},"end":{"line":162,"column":62}},"type":"binary-expr","locations":[{"start":{"line":162,"column":34},"end":{"line":162,"column":54}},{"start":{"line":162,"column":58},"end":{"line":162,"column":62}}]},"33":{"loc":{"start":{"line":163,"column":28},"end":{"line":163,"column":91}},"type":"cond-expr","locations":[{"start":{"line":163,"column":45},"end":{"line":163,"column":84}},{"start":{"line":163,"column":87},"end":{"line":163,"column":91}}]},"34":{"loc":{"start":{"line":169,"column":29},"end":{"line":169,"column":52}},"type":"binary-expr","locations":[{"start":{"line":169,"column":29},"end":{"line":169,"column":44}},{"start":{"line":169,"column":48},"end":{"line":169,"column":52}}]},"35":{"loc":{"start":{"line":172,"column":23},"end":{"line":172,"column":40}},"type":"binary-expr","locations":[{"start":{"line":172,"column":23},"end":{"line":172,"column":32}},{"start":{"line":172,"column":36},"end":{"line":172,"column":40}}]},"36":{"loc":{"start":{"line":173,"column":26},"end":{"line":173,"column":46}},"type":"binary-expr","locations":[{"start":{"line":173,"column":26},"end":{"line":173,"column":38}},{"start":{"line":173,"column":42},"end":{"line":173,"column":46}}]},"37":{"loc":{"start":{"line":174,"column":29},"end":{"line":174,"column":52}},"type":"binary-expr","locations":[{"start":{"line":174,"column":29},"end":{"line":174,"column":44}},{"start":{"line":174,"column":48},"end":{"line":174,"column":52}}]},"38":{"loc":{"start":{"line":175,"column":24},"end":{"line":175,"column":71}},"type":"cond-expr","locations":[{"start":{"line":175,"column":37},"end":{"line":175,"column":59}},{"start":{"line":175,"column":62},"end":{"line":175,"column":71}}]},"39":{"loc":{"start":{"line":176,"column":25},"end":{"line":176,"column":82}},"type":"cond-expr","locations":[{"start":{"line":176,"column":39},"end":{"line":176,"column":75}},{"start":{"line":176,"column":78},"end":{"line":176,"column":82}}]},"40":{"loc":{"start":{"line":177,"column":31},"end":{"line":177,"column":92}},"type":"cond-expr","locations":[{"start":{"line":177,"column":51},"end":{"line":177,"column":80}},{"start":{"line":177,"column":83},"end":{"line":177,"column":92}}]},"41":{"loc":{"start":{"line":178,"column":37},"end":{"line":178,"column":110}},"type":"cond-expr","locations":[{"start":{"line":178,"column":63},"end":{"line":178,"column":98}},{"start":{"line":178,"column":101},"end":{"line":178,"column":110}}]},"42":{"loc":{"start":{"line":179,"column":32},"end":{"line":179,"column":95}},"type":"cond-expr","locations":[{"start":{"line":179,"column":53},"end":{"line":179,"column":83}},{"start":{"line":179,"column":86},"end":{"line":179,"column":95}}]},"43":{"loc":{"start":{"line":180,"column":27},"end":{"line":180,"column":82}},"type":"cond-expr","locations":[{"start":{"line":180,"column":43},"end":{"line":180,"column":70}},{"start":{"line":180,"column":73},"end":{"line":180,"column":82}}]},"44":{"loc":{"start":{"line":181,"column":31},"end":{"line":181,"column":56}},"type":"binary-expr","locations":[{"start":{"line":181,"column":31},"end":{"line":181,"column":48}},{"start":{"line":181,"column":52},"end":{"line":181,"column":56}}]},"45":{"loc":{"start":{"line":182,"column":34},"end":{"line":182,"column":62}},"type":"binary-expr","locations":[{"start":{"line":182,"column":34},"end":{"line":182,"column":54}},{"start":{"line":182,"column":58},"end":{"line":182,"column":62}}]},"46":{"loc":{"start":{"line":183,"column":28},"end":{"line":183,"column":91}},"type":"cond-expr","locations":[{"start":{"line":183,"column":45},"end":{"line":183,"column":84}},{"start":{"line":183,"column":87},"end":{"line":183,"column":91}}]}},"s":{"0":0,"1":0,"2":0,"3":0,"4":0,"5":0,"6":0,"7":0,"8":0,"9":0,"10":0,"11":0,"12":0,"13":0,"14":0,"15":0,"16":0,"17":0,"18":0,"19":0,"20":0,"21":0,"22":0,"23":0,"24":0,"25":0,"26":0,"27":0,"28":0,"29":0,"30":0,"31":0,"32":0,"33":0,"34":0,"35":0,"36":0,"37":0,"38":0,"39":0,"40":0,"41":0,"42":0,"43":0,"44":0,"45":0,"46":0,"47":0,"48":0,"49":0,"50":0,"51":0,"52":0,"53":0,"54":0,"55":0,"56":0,"57":0,"58":0,"59":0,"60":0,"61":0,"62":0,"63":0,"64":0,"65":0,"66":0,"67":0,"68":0,"69":0,"70":0,"71":0,"72":0,"73":0,"74":0,"75":0,"76":0,"77":0,"78":0,"79":0,"80":0,"81":0,"82":0,"83":0,"84":0,"85":0,"86":0,"87":0,"88":0,"89":0,"90":0,"91":0,"92":0,"93":0,"94":0,"95":0,"96":0,"97":0,"98":0,"99":0,"100":0,"101":0,"102":0,"103":0,"104":0,"105":0,"106":0,"107":0,"108":0,"109":0,"110":0,"111":0,"112":0,"113":0,"114":0},"f":{"0":0,"1":0,"2":0,"3":0,"4":0,"5":0,"6":0,"7":0,"8":0,"9":0,"10":0,"11":0,"12":0,"13":0,"14":0,"15":0,"16":0,"17":0,"18":0,"19":0,"20":0,"21":0},"b":{"0":[0,0],"1":[0,0,0,0,0],"2":[0,0],"3":[0,0],"4":[0,0],"5":[0,0],"6":[0,0],"7":[0,0],"8":[0,0],"9":[0,0],"10":[0,0,0,0,0],"11":[0,0],"12":[0,0],"13":[0,0],"14":[0,0],"15":[0,0],"16":[0,0],"17":[0,0],"18":[0,0],"19":[0,0],"20":[0,0,0,0,0],"21":[0,0],"22":[0,0],"23":[0,0],"24":[0,0],"25":[0,0],"26":[0,0],"27":[0,0],"28":[0,0],"29":[0,0],"30":[0,0],"31":[0,0],"32":[0,0],"33":[0,0],"34":[0,0],"35":[0,0],"36":[0,0],"37":[0,0],"38":[0,0],"39":[0,0],"40":[0,0],"41":[0,0],"42":[0,0],"43":[0,0],"44":[0,0],"45":[0,0],"46":[0,0]}}
,"C:\\Users\\Roberto\\OneDrive\\Desktop\\Licenta\\backend\\src\\modules\\admin\\adminRoutes.ts": {"path":"C:\\Users\\Roberto\\OneDrive\\Desktop\\Licenta\\backend\\src\\modules\\admin\\adminRoutes.ts","statementMap":{"0":{"start":{"line":1,"column":0},"end":{"line":1,"column":33}},"1":{"start":{"line":2,"column":0},"end":{"line":2,"column":28}},"2":{"start":{"line":3,"column":0},"end":{"line":3,"column":null}},"3":{"start":{"line":14,"column":0},"end":{"line":14,"column":63}},"4":{"start":{"line":15,"column":0},"end":{"line":15,"column":66}},"5":{"start":{"line":17,"column":15},"end":{"line":17,"column":23}},"6":{"start":{"line":18,"column":15},"end":{"line":18,"column":43}},"7":{"start":{"line":21,"column":0},"end":{"line":21,"column":20}},"8":{"start":{"line":24,"column":0},"end":{"line":24,"column":47}},"9":{"start":{"line":27,"column":0},"end":{"line":27,"column":25}},"10":{"start":{"line":29,"column":0},"end":{"line":29,"column":31}},"11":{"start":{"line":30,"column":0},"end":{"line":30,"column":42}},"12":{"start":{"line":31,"column":0},"end":{"line":31,"column":52}},"13":{"start":{"line":32,"column":0},"end":{"line":32,"column":83}},"14":{"start":{"line":33,"column":0},"end":{"line":33,"column":45}},"15":{"start":{"line":34,"column":0},"end":{"line":34,"column":48}},"16":{"start":{"line":35,"column":0},"end":{"line":35,"column":50}},"17":{"start":{"line":37,"column":0},"end":{"line":37,"column":52}},"18":{"start":{"line":39,"column":0},"end":{"line":39,"column":22}}},"fnMap":{},"branchMap":{},"s":{"0":0,"1":0,"2":0,"3":0,"4":0,"5":0,"6":0,"7":0,"8":0,"9":0,"10":0,"11":0,"12":0,"13":0,"14":0,"15":0,"16":0,"17":0,"18":0},"f":{},"b":{}}
,"C:\\Users\\Roberto\\OneDrive\\Desktop\\Licenta\\backend\\src\\modules\\ai\\aiController.ts": {"path":"C:\\Users\\Roberto\\OneDrive\\Desktop\\Licenta\\backend\\src\\modules\\ai\\aiController.ts","statementMap":{"0":{"start":{"line":517,"column":0},"end":{"line":517,"column":22}},"1":{"start":{"line":2,"column":0},"end":{"line":2,"column":85}},"2":{"start":{"line":3,"column":0},"end":{"line":3,"column":64}},"3":{"start":{"line":4,"column":0},"end":{"line":4,"column":65}},"4":{"start":{"line":5,"column":0},"end":{"line":5,"column":44}},"5":{"start":{"line":6,"column":0},"end":{"line":6,"column":53}},"6":{"start":{"line":7,"column":0},"end":{"line":7,"column":59}},"7":{"start":{"line":10,"column":37},"end":{"line":10,"column":41}},"8":{"start":{"line":11,"column":14},"end":{"line":14,"column":1}},"9":{"start":{"line":12,"column":2},"end":{"line":12,"column":88}},"10":{"start":{"line":12,"column":19},"end":{"line":12,"column":88}},"11":{"start":{"line":13,"column":2},"end":{"line":13,"column":20}},"12":{"start":{"line":16,"column":13},"end":{"line":507,"column":2}},"13":{"start":{"line":23,"column":4},"end":{"line":76,"column":5}},"14":{"start":{"line":24,"column":93},"end":{"line":24,"column":101}},"15":{"start":{"line":26,"column":6},"end":{"line":29,"column":7}},"16":{"start":{"line":27,"column":8},"end":{"line":27,"column":69}},"17":{"start":{"line":28,"column":8},"end":{"line":28,"column":15}},"18":{"start":{"line":32,"column":6},"end":{"line":32,"column":57}},"19":{"start":{"line":33,"column":6},"end":{"line":33,"column":49}},"20":{"start":{"line":34,"column":6},"end":{"line":34,"column":48}},"21":{"start":{"line":35,"column":6},"end":{"line":35,"column":25}},"22":{"start":{"line":37,"column":24},"end":{"line":41,"column":15}},"23":{"start":{"line":38,"column":8},"end":{"line":38,"column":106}},"24":{"start":{"line":39,"column":8},"end":{"line":39,"column":38}},"25":{"start":{"line":40,"column":8},"end":{"line":40,"column":18}},"26":{"start":{"line":43,"column":6},"end":{"line":43,"column":53}},"27":{"start":{"line":43,"column":28},"end":{"line":43,"column":51}},"28":{"start":{"line":46,"column":21},"end":{"line":51,"column":null}},"29":{"start":{"line":55,"column":6},"end":{"line":59,"column":7}},"30":{"start":{"line":55,"column":32},"end":{"line":55,"column":38}},"31":{"start":{"line":55,"column":32},"end":{"line":55,"column":40}},"32":{"start":{"line":55,"column":28},"end":{"line":55,"column":32}},"33":{"start":{"line":56,"column":8},"end":{"line":58,"column":9}},"34":{"start":{"line":57,"column":10},"end":{"line":57,"column":73}},"35":{"start":{"line":61,"column":6},"end":{"line":61,"column":30}},"36":{"start":{"line":62,"column":6},"end":{"line":62,"column":36}},"37":{"start":{"line":63,"column":6},"end":{"line":63,"column":16}},"38":{"start":{"line":66,"column":6},"end":{"line":66,"column":60}},"39":{"start":{"line":67,"column":6},"end":{"line":73,"column":7}},"40":{"start":{"line":68,"column":8},"end":{"line":70,"column":18}},"41":{"start":{"line":72,"column":8},"end":{"line":72,"column":89}},"42":{"start":{"line":74,"column":6},"end":{"line":74,"column":36}},"43":{"start":{"line":75,"column":6},"end":{"line":75,"column":16}},"44":{"start":{"line":83,"column":19},"end":{"line":83,"column":40}},"45":{"start":{"line":85,"column":4},"end":{"line":255,"column":5}},"46":{"start":{"line":86,"column":6},"end":{"line":86,"column":57}},"47":{"start":{"line":87,"column":6},"end":{"line":87,"column":49}},"48":{"start":{"line":88,"column":6},"end":{"line":88,"column":48}},"49":{"start":{"line":89,"column":6},"end":{"line":89,"column":25}},"50":{"start":{"line":91,"column":24},"end":{"line":95,"column":15}},"51":{"start":{"line":92,"column":8},"end":{"line":92,"column":86}},"52":{"start":{"line":93,"column":8},"end":{"line":93,"column":38}},"53":{"start":{"line":94,"column":8},"end":{"line":94,"column":18}},"54":{"start":{"line":96,"column":6},"end":{"line":96,"column":53}},"55":{"start":{"line":96,"column":28},"end":{"line":96,"column":51}},"56":{"start":{"line":100,"column":6},"end":{"line":211,"column":7}},"57":{"start":{"line":101,"column":76},"end":{"line":101,"column":84}},"58":{"start":{"line":102,"column":8},"end":{"line":107,"column":9}},"59":{"start":{"line":103,"column":10},"end":{"line":103,"column":140}},"60":{"start":{"line":104,"column":10},"end":{"line":104,"column":40}},"61":{"start":{"line":105,"column":10},"end":{"line":105,"column":20}},"62":{"start":{"line":106,"column":10},"end":{"line":106,"column":17}},"63":{"start":{"line":108,"column":27},"end":{"line":108,"column":59}},"64":{"start":{"line":110,"column":56},"end":{"line":125,"column":10}},"65":{"start":{"line":127,"column":8},"end":{"line":132,"column":9}},"66":{"start":{"line":128,"column":10},"end":{"line":128,"column":120}},"67":{"start":{"line":129,"column":10},"end":{"line":129,"column":40}},"68":{"start":{"line":130,"column":10},"end":{"line":130,"column":20}},"69":{"start":{"line":131,"column":10},"end":{"line":131,"column":17}},"70":{"start":{"line":135,"column":24},"end":{"line":138,"column":14}},"71":{"start":{"line":136,"column":10},"end":{"line":136,"column":69}},"72":{"start":{"line":137,"column":10},"end":{"line":137,"column":21}},"73":{"start":{"line":139,"column":27},"end":{"line":141,"column":21}},"74":{"start":{"line":140,"column":35},"end":{"line":140,"column":99}},"75":{"start":{"line":144,"column":31},"end":{"line":144,"column":105}},"76":{"start":{"line":144,"column":57},"end":{"line":144,"column":104}},"77":{"start":{"line":145,"column":35},"end":{"line":145,"column":37}},"78":{"start":{"line":146,"column":8},"end":{"line":156,"column":9}},"79":{"start":{"line":147,"column":30},"end":{"line":147,"column":55}},"80":{"start":{"line":148,"column":26},"end":{"line":148,"column":71}},"81":{"start":{"line":149,"column":24},"end":{"line":149,"column":45}},"82":{"start":{"line":150,"column":10},"end":{"line":155,"column":118}},"83":{"start":{"line":158,"column":8},"end":{"line":195,"column":104}},"84":{"start":{"line":199,"column":21},"end":{"line":199,"column":45}},"85":{"start":{"line":200,"column":20},"end":{"line":200,"column":43}},"86":{"start":{"line":201,"column":8},"end":{"line":206,"column":9}},"87":{"start":{"line":202,"column":10},"end":{"line":202,"column":90}},"88":{"start":{"line":203,"column":10},"end":{"line":203,"column":40}},"89":{"start":{"line":204,"column":10},"end":{"line":204,"column":20}},"90":{"start":{"line":205,"column":10},"end":{"line":205,"column":17}},"91":{"start":{"line":207,"column":8},"end":{"line":210,"column":46}},"92":{"start":{"line":214,"column":23},"end":{"line":214,"column":47}},"93":{"start":{"line":215,"column":31},"end":{"line":215,"column":102}},"94":{"start":{"line":216,"column":30},"end":{"line":216,"column":100}},"95":{"start":{"line":217,"column":29},"end":{"line":217,"column":70}},"96":{"start":{"line":219,"column":6},"end":{"line":224,"column":7}},"97":{"start":{"line":220,"column":8},"end":{"line":220,"column":80}},"98":{"start":{"line":222,"column":27},"end":{"line":222,"column":110}},"99":{"start":{"line":222,"column":51},"end":{"line":222,"column":96}},"100":{"start":{"line":223,"column":8},"end":{"line":223,"column":86}},"101":{"start":{"line":226,"column":24},"end":{"line":226,"column":28}},"102":{"start":{"line":227,"column":27},"end":{"line":227,"column":31}},"103":{"start":{"line":228,"column":6},"end":{"line":240,"column":7}},"104":{"start":{"line":229,"column":8},"end":{"line":239,"column":9}},"105":{"start":{"line":230,"column":10},"end":{"line":234,"column":13}},"106":{"start":{"line":235,"column":10},"end":{"line":235,"column":16}},"107":{"start":{"line":237,"column":10},"end":{"line":237,"column":24}},"108":{"start":{"line":238,"column":10},"end":{"line":238,"column":100}},"109":{"start":{"line":241,"column":6},"end":{"line":241,"column":76}},"110":{"start":{"line":241,"column":19},"end":{"line":241,"column":76}},"111":{"start":{"line":243,"column":6},"end":{"line":245,"column":7}},"112":{"start":{"line":243,"column":32},"end":{"line":243,"column":38}},"113":{"start":{"line":243,"column":32},"end":{"line":243,"column":40}},"114":{"start":{"line":243,"column":28},"end":{"line":243,"column":32}},"115":{"start":{"line":244,"column":8},"end":{"line":244,"column":87}},"116":{"start":{"line":244,"column":24},"end":{"line":244,"column":87}},"117":{"start":{"line":247,"column":6},"end":{"line":247,"column":30}},"118":{"start":{"line":248,"column":6},"end":{"line":248,"column":36}},"119":{"start":{"line":249,"column":6},"end":{"line":249,"column":16}},"120":{"start":{"line":251,"column":6},"end":{"line":251,"column":65}},"121":{"start":{"line":252,"column":6},"end":{"line":252,"column":97}},"122":{"start":{"line":253,"column":6},"end":{"line":253,"column":36}},"123":{"start":{"line":254,"column":6},"end":{"line":254,"column":16}},"124":{"start":{"line":260,"column":4},"end":{"line":340,"column":5}},"125":{"start":{"line":261,"column":25},"end":{"line":261,"column":70}},"126":{"start":{"line":262,"column":6},"end":{"line":265,"column":7}},"127":{"start":{"line":263,"column":8},"end":{"line":263,"column":63}},"128":{"start":{"line":264,"column":8},"end":{"line":264,"column":15}},"129":{"start":{"line":267,"column":6},"end":{"line":267,"column":57}},"130":{"start":{"line":268,"column":6},"end":{"line":268,"column":49}},"131":{"start":{"line":269,"column":6},"end":{"line":269,"column":48}},"132":{"start":{"line":270,"column":6},"end":{"line":270,"column":25}},"133":{"start":{"line":272,"column":24},"end":{"line":276,"column":15}},"134":{"start":{"line":273,"column":8},"end":{"line":273,"column":86}},"135":{"start":{"line":274,"column":8},"end":{"line":274,"column":38}},"136":{"start":{"line":275,"column":8},"end":{"line":275,"column":18}},"137":{"start":{"line":278,"column":6},"end":{"line":278,"column":53}},"138":{"start":{"line":278,"column":28},"end":{"line":278,"column":51}},"139":{"start":{"line":279,"column":25},"end":{"line":279,"column":57}},"140":{"start":{"line":280,"column":28},"end":{"line":283,"column":8}},"141":{"start":{"line":285,"column":6},"end":{"line":290,"column":7}},"142":{"start":{"line":286,"column":8},"end":{"line":286,"column":106}},"143":{"start":{"line":287,"column":8},"end":{"line":287,"column":38}},"144":{"start":{"line":288,"column":8},"end":{"line":288,"column":18}},"145":{"start":{"line":289,"column":8},"end":{"line":289,"column":15}},"146":{"start":{"line":292,"column":18},"end":{"line":292,"column":44}},"147":{"start":{"line":293,"column":6},"end":{"line":295,"column":7}},"148":{"start":{"line":294,"column":8},"end":{"line":294,"column":80}},"149":{"start":{"line":294,"column":58},"end":{"line":294,"column":67}},"150":{"start":{"line":297,"column":21},"end":{"line":302,"column":139}},"151":{"start":{"line":304,"column":24},"end":{"line":304,"column":28}},"152":{"start":{"line":305,"column":27},"end":{"line":305,"column":31}},"153":{"start":{"line":307,"column":6},"end":{"line":320,"column":7}},"154":{"start":{"line":308,"column":8},"end":{"line":319,"column":9}},"155":{"start":{"line":309,"column":10},"end":{"line":312,"column":13}},"156":{"start":{"line":313,"column":10},"end":{"line":313,"column":16}},"157":{"start":{"line":315,"column":10},"end":{"line":315,"column":24}},"158":{"start":{"line":316,"column":24},"end":{"line":316,"column":139}},"159":{"start":{"line":317,"column":10},"end":{"line":317,"column":30}},"160":{"start":{"line":317,"column":21},"end":{"line":317,"column":30}},"161":{"start":{"line":318,"column":10},"end":{"line":318,"column":16}},"162":{"start":{"line":322,"column":6},"end":{"line":324,"column":7}},"163":{"start":{"line":323,"column":8},"end":{"line":323,"column":56}},"164":{"start":{"line":326,"column":6},"end":{"line":330,"column":7}},"165":{"start":{"line":326,"column":32},"end":{"line":326,"column":38}},"166":{"start":{"line":326,"column":32},"end":{"line":326,"column":40}},"167":{"start":{"line":326,"column":28},"end":{"line":326,"column":32}},"168":{"start":{"line":327,"column":8},"end":{"line":329,"column":9}},"169":{"start":{"line":328,"column":10},"end":{"line":328,"column":73}},"170":{"start":{"line":332,"column":6},"end":{"line":332,"column":30}},"171":{"start":{"line":333,"column":6},"end":{"line":333,"column":36}},"172":{"start":{"line":334,"column":6},"end":{"line":334,"column":16}},"173":{"start":{"line":336,"column":6},"end":{"line":336,"column":69}},"174":{"start":{"line":337,"column":6},"end":{"line":337,"column":97}},"175":{"start":{"line":338,"column":6},"end":{"line":338,"column":36}},"176":{"start":{"line":339,"column":6},"end":{"line":339,"column":16}},"177":{"start":{"line":350,"column":4},"end":{"line":399,"column":5}},"178":{"start":{"line":351,"column":37},"end":{"line":351,"column":45}},"179":{"start":{"line":353,"column":6},"end":{"line":356,"column":7}},"180":{"start":{"line":354,"column":8},"end":{"line":354,"column":81}},"181":{"start":{"line":355,"column":8},"end":{"line":355,"column":15}},"182":{"start":{"line":358,"column":25},"end":{"line":360,"column":14}},"183":{"start":{"line":362,"column":24},"end":{"line":362,"column":28}},"184":{"start":{"line":363,"column":27},"end":{"line":363,"column":31}},"185":{"start":{"line":365,"column":6},"end":{"line":386,"column":7}},"186":{"start":{"line":366,"column":8},"end":{"line":385,"column":9}},"187":{"start":{"line":367,"column":10},"end":{"line":374,"column":13}},"188":{"start":{"line":375,"column":10},"end":{"line":375,"column":16}},"189":{"start":{"line":377,"column":10},"end":{"line":377,"column":24}},"190":{"start":{"line":378,"column":24},"end":{"line":378,"column":139}},"191":{"start":{"line":379,"column":10},"end":{"line":382,"column":11}},"192":{"start":{"line":380,"column":12},"end":{"line":380,"column":95}},"193":{"start":{"line":381,"column":12},"end":{"line":381,"column":21}},"194":{"start":{"line":383,"column":10},"end":{"line":383,"column":139}},"195":{"start":{"line":384,"column":10},"end":{"line":384,"column":19}},"196":{"start":{"line":388,"column":6},"end":{"line":391,"column":7}},"197":{"start":{"line":389,"column":8},"end":{"line":389,"column":109}},"198":{"start":{"line":390,"column":8},"end":{"line":390,"column":65}},"199":{"start":{"line":393,"column":22},"end":{"line":393,"column":39}},"200":{"start":{"line":394,"column":6},"end":{"line":394,"column":28}},"201":{"start":{"line":397,"column":6},"end":{"line":397,"column":71}},"202":{"start":{"line":398,"column":6},"end":{"line":398,"column":83}},"203":{"start":{"line":408,"column":4},"end":{"line":424,"column":5}},"204":{"start":{"line":410,"column":24},"end":{"line":410,"column":64}},"205":{"start":{"line":411,"column":20},"end":{"line":411,"column":45}},"206":{"start":{"line":412,"column":21},"end":{"line":412,"column":59}},"207":{"start":{"line":414,"column":6},"end":{"line":417,"column":7}},"208":{"start":{"line":415,"column":8},"end":{"line":415,"column":67}},"209":{"start":{"line":416,"column":8},"end":{"line":416,"column":15}},"210":{"start":{"line":419,"column":22},"end":{"line":419,"column":90}},"211":{"start":{"line":420,"column":6},"end":{"line":420,"column":54}},"212":{"start":{"line":422,"column":6},"end":{"line":422,"column":60}},"213":{"start":{"line":423,"column":6},"end":{"line":423,"column":72}},"214":{"start":{"line":433,"column":4},"end":{"line":452,"column":5}},"215":{"start":{"line":435,"column":52},"end":{"line":435,"column":60}},"216":{"start":{"line":437,"column":6},"end":{"line":440,"column":7}},"217":{"start":{"line":438,"column":8},"end":{"line":438,"column":78}},"218":{"start":{"line":439,"column":8},"end":{"line":439,"column":15}},"219":{"start":{"line":442,"column":21},"end":{"line":446,"column":null}},"220":{"start":{"line":448,"column":6},"end":{"line":448,"column":49}},"221":{"start":{"line":450,"column":6},"end":{"line":450,"column":61}},"222":{"start":{"line":451,"column":6},"end":{"line":451,"column":73}},"223":{"start":{"line":462,"column":4},"end":{"line":505,"column":5}},"224":{"start":{"line":463,"column":70},"end":{"line":463,"column":78}},"225":{"start":{"line":465,"column":6},"end":{"line":468,"column":7}},"226":{"start":{"line":466,"column":8},"end":{"line":466,"column":115}},"227":{"start":{"line":467,"column":8},"end":{"line":467,"column":15}},"228":{"start":{"line":470,"column":27},"end":{"line":470,"column":48}},"229":{"start":{"line":471,"column":6},"end":{"line":474,"column":7}},"230":{"start":{"line":472,"column":8},"end":{"line":472,"column":112}},"231":{"start":{"line":473,"column":8},"end":{"line":473,"column":15}},"232":{"start":{"line":476,"column":28},"end":{"line":476,"column":52}},"233":{"start":{"line":477,"column":6},"end":{"line":480,"column":7}},"234":{"start":{"line":478,"column":8},"end":{"line":478,"column":93}},"235":{"start":{"line":479,"column":8},"end":{"line":479,"column":15}},"236":{"start":{"line":483,"column":22},"end":{"line":483,"column":79}},"237":{"start":{"line":484,"column":6},"end":{"line":487,"column":7}},"238":{"start":{"line":485,"column":8},"end":{"line":485,"column":60}},"239":{"start":{"line":486,"column":8},"end":{"line":486,"column":15}},"240":{"start":{"line":489,"column":25},"end":{"line":499,"column":8}},"241":{"start":{"line":501,"column":6},"end":{"line":501,"column":27}},"242":{"start":{"line":503,"column":6},"end":{"line":503,"column":62}},"243":{"start":{"line":504,"column":6},"end":{"line":504,"column":70}},"244":{"start":{"line":518,"column":2},"end":{"line":629,"column":3}},"245":{"start":{"line":524,"column":8},"end":{"line":524,"column":16}},"246":{"start":{"line":526,"column":4},"end":{"line":529,"column":5}},"247":{"start":{"line":527,"column":6},"end":{"line":527,"column":109}},"248":{"start":{"line":528,"column":6},"end":{"line":528,"column":13}},"249":{"start":{"line":531,"column":4},"end":{"line":531,"column":55}},"250":{"start":{"line":532,"column":4},"end":{"line":532,"column":47}},"251":{"start":{"line":533,"column":4},"end":{"line":533,"column":46}},"252":{"start":{"line":534,"column":4},"end":{"line":534,"column":23}},"253":{"start":{"line":536,"column":22},"end":{"line":540,"column":13}},"254":{"start":{"line":537,"column":6},"end":{"line":537,"column":84}},"255":{"start":{"line":538,"column":6},"end":{"line":538,"column":36}},"256":{"start":{"line":539,"column":6},"end":{"line":539,"column":16}},"257":{"start":{"line":542,"column":4},"end":{"line":542,"column":51}},"258":{"start":{"line":542,"column":26},"end":{"line":542,"column":49}},"259":{"start":{"line":545,"column":21},"end":{"line":545,"column":150}},"260":{"start":{"line":546,"column":29},"end":{"line":546,"column":100}},"261":{"start":{"line":547,"column":28},"end":{"line":547,"column":98}},"262":{"start":{"line":548,"column":27},"end":{"line":548,"column":68}},"263":{"start":{"line":550,"column":4},"end":{"line":556,"column":5}},"264":{"start":{"line":551,"column":6},"end":{"line":551,"column":78}},"265":{"start":{"line":552,"column":6},"end":{"line":552,"column":175}},"266":{"start":{"line":553,"column":6},"end":{"line":553,"column":36}},"267":{"start":{"line":554,"column":6},"end":{"line":554,"column":16}},"268":{"start":{"line":555,"column":6},"end":{"line":555,"column":13}},"269":{"start":{"line":558,"column":23},"end":{"line":560,"column":19}},"270":{"start":{"line":559,"column":16},"end":{"line":559,"column":61}},"271":{"start":{"line":562,"column":25},"end":{"line":564,"column":10}},"272":{"start":{"line":566,"column":19},"end":{"line":583,"column":76}},"273":{"start":{"line":585,"column":22},"end":{"line":585,"column":26}},"274":{"start":{"line":586,"column":25},"end":{"line":586,"column":29}},"275":{"start":{"line":588,"column":4},"end":{"line":606,"column":5}},"276":{"start":{"line":589,"column":6},"end":{"line":605,"column":7}},"277":{"start":{"line":590,"column":8},"end":{"line":594,"column":11}},"278":{"start":{"line":595,"column":8},"end":{"line":595,"column":14}},"279":{"start":{"line":597,"column":8},"end":{"line":597,"column":22}},"280":{"start":{"line":598,"column":22},"end":{"line":598,"column":137}},"281":{"start":{"line":599,"column":8},"end":{"line":602,"column":9}},"282":{"start":{"line":600,"column":10},"end":{"line":600,"column":96}},"283":{"start":{"line":601,"column":10},"end":{"line":601,"column":19}},"284":{"start":{"line":603,"column":8},"end":{"line":603,"column":140}},"285":{"start":{"line":604,"column":8},"end":{"line":604,"column":17}},"286":{"start":{"line":608,"column":4},"end":{"line":611,"column":5}},"287":{"start":{"line":609,"column":6},"end":{"line":609,"column":110}},"288":{"start":{"line":610,"column":6},"end":{"line":610,"column":63}},"289":{"start":{"line":613,"column":4},"end":{"line":618,"column":5}},"290":{"start":{"line":613,"column":30},"end":{"line":613,"column":36}},"291":{"start":{"line":613,"column":30},"end":{"line":613,"column":38}},"292":{"start":{"line":613,"column":26},"end":{"line":613,"column":30}},"293":{"start":{"line":614,"column":19},"end":{"line":614,"column":35}},"294":{"start":{"line":615,"column":6},"end":{"line":617,"column":7}},"295":{"start":{"line":616,"column":8},"end":{"line":616,"column":59}},"296":{"start":{"line":620,"column":4},"end":{"line":620,"column":28}},"297":{"start":{"line":621,"column":4},"end":{"line":621,"column":34}},"298":{"start":{"line":622,"column":4},"end":{"line":622,"column":14}},"299":{"start":{"line":625,"column":4},"end":{"line":625,"column":59}},"300":{"start":{"line":626,"column":4},"end":{"line":626,"column":140}},"301":{"start":{"line":627,"column":4},"end":{"line":627,"column":34}},"302":{"start":{"line":628,"column":4},"end":{"line":628,"column":14}}},"fnMap":{"0":{"name":"(anonymous_23)","decl":{"start":{"line":11,"column":14},"end":{"line":11,"column":17}},"loc":{"start":{"line":11,"column":19},"end":{"line":14,"column":1}}},"1":{"name":"(anonymous_24)","decl":{"start":{"line":22,"column":8},"end":{"line":22,"column":18}},"loc":{"start":{"line":22,"column":46},"end":{"line":77,"column":null}}},"2":{"name":"(anonymous_26)","decl":{"start":{"line":37,"column":35},"end":{"line":37,"column":38}},"loc":{"start":{"line":37,"column":40},"end":{"line":41,"column":7}}},"3":{"name":"(anonymous_27)","decl":{"start":{"line":43,"column":22},"end":{"line":43,"column":25}},"loc":{"start":{"line":43,"column":28},"end":{"line":43,"column":51}}},"4":{"name":"(anonymous_28)","decl":{"start":{"line":79,"column":8},"end":{"line":79,"column":23}},"loc":{"start":{"line":79,"column":51},"end":{"line":256,"column":null}}},"5":{"name":"(anonymous_30)","decl":{"start":{"line":91,"column":35},"end":{"line":91,"column":38}},"loc":{"start":{"line":91,"column":40},"end":{"line":95,"column":7}}},"6":{"name":"(anonymous_31)","decl":{"start":{"line":96,"column":22},"end":{"line":96,"column":25}},"loc":{"start":{"line":96,"column":28},"end":{"line":96,"column":51}}},"7":{"name":"(anonymous_32)","decl":{"start":{"line":108,"column":27},"end":{"line":108,"column":40}},"loc":{"start":{"line":108,"column":27},"end":{"line":108,"column":59}}},"8":{"name":"(anonymous_33)","decl":{"start":{"line":135,"column":40},"end":{"line":135,"column":41}},"loc":{"start":{"line":135,"column":83},"end":{"line":138,"column":9}}},"9":{"name":"(anonymous_34)","decl":{"start":{"line":140,"column":15},"end":{"line":140,"column":16}},"loc":{"start":{"line":140,"column":35},"end":{"line":140,"column":99}}},"10":{"name":"(anonymous_35)","decl":{"start":{"line":144,"column":45},"end":{"line":144,"column":46}},"loc":{"start":{"line":144,"column":57},"end":{"line":144,"column":104}}},"11":{"name":"(anonymous_36)","decl":{"start":{"line":222,"column":46},"end":{"line":222,"column":47}},"loc":{"start":{"line":222,"column":51},"end":{"line":222,"column":96}}},"12":{"name":"(anonymous_37)","decl":{"start":{"line":259,"column":8},"end":{"line":259,"column":27}},"loc":{"start":{"line":259,"column":55},"end":{"line":341,"column":null}}},"13":{"name":"(anonymous_39)","decl":{"start":{"line":272,"column":35},"end":{"line":272,"column":38}},"loc":{"start":{"line":272,"column":40},"end":{"line":276,"column":7}}},"14":{"name":"(anonymous_40)","decl":{"start":{"line":278,"column":22},"end":{"line":278,"column":25}},"loc":{"start":{"line":278,"column":28},"end":{"line":278,"column":51}}},"15":{"name":"(anonymous_41)","decl":{"start":{"line":279,"column":25},"end":{"line":279,"column":38}},"loc":{"start":{"line":279,"column":25},"end":{"line":279,"column":57}}},"16":{"name":"(anonymous_42)","decl":{"start":{"line":294,"column":46},"end":{"line":294,"column":47}},"loc":{"start":{"line":294,"column":58},"end":{"line":294,"column":67}}},"17":{"name":"(anonymous_43)","decl":{"start":{"line":349,"column":8},"end":{"line":349,"column":29}},"loc":{"start":{"line":349,"column":57},"end":{"line":400,"column":null}}},"18":{"name":"(anonymous_45)","decl":{"start":{"line":407,"column":8},"end":{"line":407,"column":18}},"loc":{"start":{"line":407,"column":46},"end":{"line":425,"column":null}}},"19":{"name":"(anonymous_47)","decl":{"start":{"line":432,"column":8},"end":{"line":432,"column":19}},"loc":{"start":{"line":432,"column":47},"end":{"line":453,"column":null}}},"20":{"name":"(anonymous_49)","decl":{"start":{"line":461,"column":8},"end":{"line":461,"column":20}},"loc":{"start":{"line":461,"column":48},"end":{"line":506,"column":null}}},"21":{"name":"validateMaterialOverride","decl":{"start":{"line":517,"column":22},"end":{"line":517,"column":46}},"loc":{"start":{"line":517,"column":74},"end":{"line":630,"column":null}}},"22":{"name":"(anonymous_53)","decl":{"start":{"line":536,"column":33},"end":{"line":536,"column":36}},"loc":{"start":{"line":536,"column":38},"end":{"line":540,"column":5}}},"23":{"name":"(anonymous_54)","decl":{"start":{"line":542,"column":20},"end":{"line":542,"column":23}},"loc":{"start":{"line":542,"column":26},"end":{"line":542,"column":49}}},"24":{"name":"(anonymous_55)","decl":{"start":{"line":559,"column":11},"end":{"line":559,"column":12}},"loc":{"start":{"line":559,"column":16},"end":{"line":559,"column":61}}}},"branchMap":{"0":{"loc":{"start":{"line":12,"column":2},"end":{"line":12,"column":88}},"type":"if","locations":[{"start":{"line":12,"column":2},"end":{"line":12,"column":88}},{"start":{},"end":{}}]},"1":{"loc":{"start":{"line":26,"column":6},"end":{"line":29,"column":7}},"type":"if","locations":[{"start":{"line":26,"column":6},"end":{"line":29,"column":7}},{"start":{},"end":{}}]},"2":{"loc":{"start":{"line":48,"column":8},"end":{"line":48,"column":80}},"type":"binary-expr","locations":[{"start":{"line":48,"column":8},"end":{"line":48,"column":21}},{"start":{"line":48,"column":25},"end":{"line":48,"column":80}}]},"3":{"loc":{"start":{"line":49,"column":8},"end":{"line":49,"column":33}},"type":"binary-expr","locations":[{"start":{"line":49,"column":8},"end":{"line":49,"column":27}},{"start":{"line":49,"column":31},"end":{"line":49,"column":33}}]},"4":{"loc":{"start":{"line":51,"column":8},"end":{"line":51,"column":30}},"type":"cond-expr","locations":[{"start":{"line":51,"column":8},"end":{"line":51,"column":22}},{"start":{"line":51,"column":26},"end":{"line":51,"column":30}}]},"5":{"loc":{"start":{"line":51,"column":8},"end":{"line":51,"column":26}},"type":"binary-expr","locations":[{"start":{"line":51,"column":8},"end":{"line":51,"column":26}},{"start":{"line":51,"column":8},"end":{"line":51,"column":26}}]},"6":{"loc":{"start":{"line":56,"column":8},"end":{"line":58,"column":9}},"type":"if","locations":[{"start":{"line":56,"column":8},"end":{"line":58,"column":9}},{"start":{},"end":{}}]},"7":{"loc":{"start":{"line":67,"column":6},"end":{"line":73,"column":7}},"type":"if","locations":[{"start":{"line":67,"column":6},"end":{"line":73,"column":7}},{"start":{"line":71,"column":13},"end":{"line":73,"column":7}}]},"8":{"loc":{"start":{"line":67,"column":10},"end":{"line":67,"column":112}},"type":"binary-expr","locations":[{"start":{"line":67,"column":10},"end":{"line":67,"column":27}},{"start":{"line":67,"column":31},"end":{"line":67,"column":65}},{"start":{"line":67,"column":69},"end":{"line":67,"column":112}}]},"9":{"loc":{"start":{"line":67,"column":10},"end":{"line":67,"column":19}},"type":"cond-expr","locations":[{"start":{"line":67,"column":11},"end":{"line":67,"column":13}},{"start":{"line":67,"column":10},"end":{"line":67,"column":19}}]},"10":{"loc":{"start":{"line":67,"column":10},"end":{"line":67,"column":13}},"type":"binary-expr","locations":[{"start":{"line":67,"column":10},"end":{"line":67,"column":13}},{"start":{"line":67,"column":10},"end":{"line":67,"column":13}}]},"11":{"loc":{"start":{"line":67,"column":38},"end":{"line":67,"column":48}},"type":"cond-expr","locations":[{"start":{"line":67,"column":39},"end":{"line":67,"column":41}},{"start":{"line":67,"column":38},"end":{"line":67,"column":48}}]},"12":{"loc":{"start":{"line":67,"column":38},"end":{"line":67,"column":41}},"type":"binary-expr","locations":[{"start":{"line":67,"column":38},"end":{"line":67,"column":41}},{"start":{"line":67,"column":38},"end":{"line":67,"column":41}}]},"13":{"loc":{"start":{"line":67,"column":76},"end":{"line":67,"column":86}},"type":"cond-expr","locations":[{"start":{"line":67,"column":77},"end":{"line":67,"column":79}},{"start":{"line":67,"column":76},"end":{"line":67,"column":86}}]},"14":{"loc":{"start":{"line":67,"column":76},"end":{"line":67,"column":79}},"type":"binary-expr","locations":[{"start":{"line":67,"column":76},"end":{"line":67,"column":79}},{"start":{"line":67,"column":76},"end":{"line":67,"column":79}}]},"15":{"loc":{"start":{"line":100,"column":6},"end":{"line":211,"column":7}},"type":"if","locations":[{"start":{"line":100,"column":6},"end":{"line":211,"column":7}},{"start":{"line":197,"column":13},"end":{"line":211,"column":7}}]},"16":{"loc":{"start":{"line":102,"column":8},"end":{"line":107,"column":9}},"type":"if","locations":[{"start":{"line":102,"column":8},"end":{"line":107,"column":9}},{"start":{},"end":{}}]},"17":{"loc":{"start":{"line":102,"column":12},"end":{"line":102,"column":74}},"type":"binary-expr","locations":[{"start":{"line":102,"column":12},"end":{"line":102,"column":22}},{"start":{"line":102,"column":26},"end":{"line":102,"column":46}},{"start":{"line":102,"column":50},"end":{"line":102,"column":74}}]},"18":{"loc":{"start":{"line":127,"column":8},"end":{"line":132,"column":9}},"type":"if","locations":[{"start":{"line":127,"column":8},"end":{"line":132,"column":9}},{"start":{},"end":{}}]},"19":{"loc":{"start":{"line":127,"column":12},"end":{"line":127,"column":46}},"type":"binary-expr","locations":[{"start":{"line":127,"column":12},"end":{"line":127,"column":20}},{"start":{"line":127,"column":24},"end":{"line":127,"column":35}},{"start":{"line":127,"column":39},"end":{"line":127,"column":46}}]},"20":{"loc":{"start":{"line":136,"column":29},"end":{"line":136,"column":49}},"type":"binary-expr","locations":[{"start":{"line":136,"column":29},"end":{"line":136,"column":44}},{"start":{"line":136,"column":48},"end":{"line":136,"column":49}}]},"21":{"loc":{"start":{"line":146,"column":8},"end":{"line":156,"column":9}},"type":"if","locations":[{"start":{"line":146,"column":8},"end":{"line":156,"column":9}},{"start":{},"end":{}}]},"22":{"loc":{"start":{"line":155,"column":15},"end":{"line":155,"column":36}},"type":"cond-expr","locations":[{"start":{"line":155,"column":28},"end":{"line":155,"column":31}},{"start":{"line":155,"column":34},"end":{"line":155,"column":36}}]},"23":{"loc":{"start":{"line":155,"column":77},"end":{"line":155,"column":114}},"type":"cond-expr","locations":[{"start":{"line":155,"column":90},"end":{"line":155,"column":101}},{"start":{"line":155,"column":104},"end":{"line":155,"column":114}}]},"24":{"loc":{"start":{"line":161,"column":11},"end":{"line":161,"column":43}},"type":"cond-expr","locations":[{"start":{"line":161,"column":25},"end":{"line":161,"column":29}},{"start":{"line":161,"column":29},"end":{"line":161,"column":43}}]},"25":{"loc":{"start":{"line":161,"column":11},"end":{"line":161,"column":29}},"type":"binary-expr","locations":[{"start":{"line":161,"column":11},"end":{"line":161,"column":29}},{"start":{"line":161,"column":25},"end":{"line":161,"column":29}}]},"26":{"loc":{"start":{"line":161,"column":60},"end":{"line":161,"column":94}},"type":"cond-expr","locations":[{"start":{"line":161,"column":76},"end":{"line":161,"column":80}},{"start":{"line":161,"column":80},"end":{"line":161,"column":94}}]},"27":{"loc":{"start":{"line":161,"column":60},"end":{"line":161,"column":80}},"type":"binary-expr","locations":[{"start":{"line":161,"column":60},"end":{"line":161,"column":80}},{"start":{"line":161,"column":76},"end":{"line":161,"column":80}}]},"28":{"loc":{"start":{"line":162,"column":19},"end":{"line":162,"column":55}},"type":"cond-expr","locations":[{"start":{"line":162,"column":38},"end":{"line":162,"column":42}},{"start":{"line":162,"column":42},"end":{"line":162,"column":55}}]},"29":{"loc":{"start":{"line":162,"column":19},"end":{"line":162,"column":42}},"type":"binary-expr","locations":[{"start":{"line":162,"column":19},"end":{"line":162,"column":42}},{"start":{"line":162,"column":38},"end":{"line":162,"column":42}}]},"30":{"loc":{"start":{"line":163,"column":21},"end":{"line":163,"column":48}},"type":"cond-expr","locations":[{"start":{"line":163,"column":41},"end":{"line":163,"column":45}},{"start":{"line":163,"column":45},"end":{"line":163,"column":48}}]},"31":{"loc":{"start":{"line":163,"column":21},"end":{"line":163,"column":45}},"type":"binary-expr","locations":[{"start":{"line":163,"column":21},"end":{"line":163,"column":45}},{"start":{"line":163,"column":41},"end":{"line":163,"column":45}}]},"32":{"loc":{"start":{"line":164,"column":13},"end":{"line":164,"column":45}},"type":"cond-expr","locations":[{"start":{"line":164,"column":29},"end":{"line":164,"column":33}},{"start":{"line":164,"column":33},"end":{"line":164,"column":45}}]},"33":{"loc":{"start":{"line":164,"column":13},"end":{"line":164,"column":33}},"type":"binary-expr","locations":[{"start":{"line":164,"column":13},"end":{"line":164,"column":33}},{"start":{"line":164,"column":29},"end":{"line":164,"column":33}}]},"34":{"loc":{"start":{"line":165,"column":15},"end":{"line":165,"column":51}},"type":"cond-expr","locations":[{"start":{"line":165,"column":33},"end":{"line":165,"column":37}},{"start":{"line":165,"column":37},"end":{"line":165,"column":51}}]},"35":{"loc":{"start":{"line":165,"column":15},"end":{"line":165,"column":37}},"type":"binary-expr","locations":[{"start":{"line":165,"column":15},"end":{"line":165,"column":37}},{"start":{"line":165,"column":33},"end":{"line":165,"column":37}}]},"36":{"loc":{"start":{"line":165,"column":56},"end":{"line":165,"column":80}},"type":"cond-expr","locations":[{"start":{"line":165,"column":75},"end":{"line":165,"column":79}},{"start":{"line":165,"column":79},"end":{"line":165,"column":80}}]},"37":{"loc":{"start":{"line":165,"column":56},"end":{"line":165,"column":79}},"type":"binary-expr","locations":[{"start":{"line":165,"column":56},"end":{"line":165,"column":79}},{"start":{"line":165,"column":75},"end":{"line":165,"column":79}}]},"38":{"loc":{"start":{"line":166,"column":16},"end":{"line":166,"column":56}},"type":"cond-expr","locations":[{"start":{"line":166,"column":39},"end":{"line":166,"column":43}},{"start":{"line":166,"column":43},"end":{"line":166,"column":56}}]},"39":{"loc":{"start":{"line":166,"column":16},"end":{"line":166,"column":43}},"type":"binary-expr","locations":[{"start":{"line":166,"column":16},"end":{"line":166,"column":43}},{"start":{"line":166,"column":39},"end":{"line":166,"column":43}}]},"40":{"loc":{"start":{"line":171,"column":40},"end":{"line":171,"column":69}},"type":"cond-expr","locations":[{"start":{"line":171,"column":62},"end":{"line":171,"column":66}},{"start":{"line":171,"column":66},"end":{"line":171,"column":69}}]},"41":{"loc":{"start":{"line":171,"column":40},"end":{"line":171,"column":66}},"type":"binary-expr","locations":[{"start":{"line":171,"column":40},"end":{"line":171,"column":66}},{"start":{"line":171,"column":62},"end":{"line":171,"column":66}}]},"42":{"loc":{"start":{"line":173,"column":13},"end":{"line":173,"column":48}},"type":"cond-expr","locations":[{"start":{"line":173,"column":30},"end":{"line":173,"column":34}},{"start":{"line":173,"column":34},"end":{"line":173,"column":48}}]},"43":{"loc":{"start":{"line":173,"column":13},"end":{"line":173,"column":34}},"type":"binary-expr","locations":[{"start":{"line":173,"column":13},"end":{"line":173,"column":34}},{"start":{"line":173,"column":30},"end":{"line":173,"column":34}}]},"44":{"loc":{"start":{"line":174,"column":15},"end":{"line":174,"column":44}},"type":"cond-expr","locations":[{"start":{"line":174,"column":37},"end":{"line":174,"column":41}},{"start":{"line":174,"column":41},"end":{"line":174,"column":44}}]},"45":{"loc":{"start":{"line":174,"column":15},"end":{"line":174,"column":41}},"type":"binary-expr","locations":[{"start":{"line":174,"column":15},"end":{"line":174,"column":41}},{"start":{"line":174,"column":37},"end":{"line":174,"column":41}}]},"46":{"loc":{"start":{"line":179,"column":36},"end":{"line":179,"column":61}},"type":"cond-expr","locations":[{"start":{"line":179,"column":54},"end":{"line":179,"column":58}},{"start":{"line":179,"column":58},"end":{"line":179,"column":61}}]},"47":{"loc":{"start":{"line":179,"column":36},"end":{"line":179,"column":58}},"type":"binary-expr","locations":[{"start":{"line":179,"column":36},"end":{"line":179,"column":58}},{"start":{"line":179,"column":54},"end":{"line":179,"column":58}}]},"48":{"loc":{"start":{"line":181,"column":13},"end":{"line":181,"column":44}},"type":"cond-expr","locations":[{"start":{"line":181,"column":26},"end":{"line":181,"column":30}},{"start":{"line":181,"column":30},"end":{"line":181,"column":44}}]},"49":{"loc":{"start":{"line":181,"column":13},"end":{"line":181,"column":30}},"type":"binary-expr","locations":[{"start":{"line":181,"column":13},"end":{"line":181,"column":30}},{"start":{"line":181,"column":26},"end":{"line":181,"column":30}}]},"50":{"loc":{"start":{"line":182,"column":15},"end":{"line":182,"column":40}},"type":"cond-expr","locations":[{"start":{"line":182,"column":33},"end":{"line":182,"column":37}},{"start":{"line":182,"column":37},"end":{"line":182,"column":40}}]},"51":{"loc":{"start":{"line":182,"column":15},"end":{"line":182,"column":37}},"type":"binary-expr","locations":[{"start":{"line":182,"column":15},"end":{"line":182,"column":37}},{"start":{"line":182,"column":33},"end":{"line":182,"column":37}}]},"52":{"loc":{"start":{"line":185,"column":2},"end":{"line":185,"column":31}},"type":"binary-expr","locations":[{"start":{"line":185,"column":2},"end":{"line":185,"column":12}},{"start":{"line":185,"column":16},"end":{"line":185,"column":31}}]},"53":{"loc":{"start":{"line":189,"column":72},"end":{"line":189,"column":98}},"type":"cond-expr","locations":[{"start":{"line":189,"column":91},"end":{"line":189,"column":95}},{"start":{"line":189,"column":95},"end":{"line":189,"column":98}}]},"54":{"loc":{"start":{"line":189,"column":72},"end":{"line":189,"column":95}},"type":"binary-expr","locations":[{"start":{"line":189,"column":72},"end":{"line":189,"column":95}},{"start":{"line":189,"column":91},"end":{"line":189,"column":95}}]},"55":{"loc":{"start":{"line":189,"column":111},"end":{"line":189,"column":134}},"type":"cond-expr","locations":[{"start":{"line":189,"column":127},"end":{"line":189,"column":131}},{"start":{"line":189,"column":131},"end":{"line":189,"column":134}}]},"56":{"loc":{"start":{"line":189,"column":111},"end":{"line":189,"column":131}},"type":"binary-expr","locations":[{"start":{"line":189,"column":111},"end":{"line":189,"column":131}},{"start":{"line":189,"column":127},"end":{"line":189,"column":131}}]},"57":{"loc":{"start":{"line":201,"column":8},"end":{"line":206,"column":9}},"type":"if","locations":[{"start":{"line":201,"column":8},"end":{"line":206,"column":9}},{"start":{},"end":{}}]},"58":{"loc":{"start":{"line":201,"column":12},"end":{"line":201,"column":25}},"type":"binary-expr","locations":[{"start":{"line":201,"column":12},"end":{"line":201,"column":17}},{"start":{"line":201,"column":21},"end":{"line":201,"column":25}}]},"59":{"loc":{"start":{"line":219,"column":6},"end":{"line":224,"column":7}},"type":"if","locations":[{"start":{"line":219,"column":6},"end":{"line":224,"column":7}},{"start":{"line":221,"column":13},"end":{"line":224,"column":7}}]},"60":{"loc":{"start":{"line":238,"column":68},"end":{"line":238,"column":96}},"type":"cond-expr","locations":[{"start":{"line":238,"column":78},"end":{"line":238,"column":80}},{"start":{"line":238,"column":78},"end":{"line":238,"column":96}}]},"61":{"loc":{"start":{"line":238,"column":68},"end":{"line":238,"column":80}},"type":"binary-expr","locations":[{"start":{"line":238,"column":68},"end":{"line":238,"column":80}},{"start":{"line":238,"column":78},"end":{"line":238,"column":80}}]},"62":{"loc":{"start":{"line":238,"column":68},"end":{"line":238,"column":78}},"type":"cond-expr","locations":[{"start":{"line":238,"column":69},"end":{"line":238,"column":71}},{"start":{"line":238,"column":68},"end":{"line":238,"column":78}}]},"63":{"loc":{"start":{"line":238,"column":68},"end":{"line":238,"column":71}},"type":"binary-expr","locations":[{"start":{"line":238,"column":68},"end":{"line":238,"column":71}},{"start":{"line":238,"column":68},"end":{"line":238,"column":71}}]},"64":{"loc":{"start":{"line":241,"column":6},"end":{"line":241,"column":76}},"type":"if","locations":[{"start":{"line":241,"column":6},"end":{"line":241,"column":76}},{"start":{},"end":{}}]},"65":{"loc":{"start":{"line":244,"column":8},"end":{"line":244,"column":87}},"type":"if","locations":[{"start":{"line":244,"column":8},"end":{"line":244,"column":87}},{"start":{},"end":{}}]},"66":{"loc":{"start":{"line":262,"column":6},"end":{"line":265,"column":7}},"type":"if","locations":[{"start":{"line":262,"column":6},"end":{"line":265,"column":7}},{"start":{},"end":{}}]},"67":{"loc":{"start":{"line":285,"column":6},"end":{"line":290,"column":7}},"type":"if","locations":[{"start":{"line":285,"column":6},"end":{"line":290,"column":7}},{"start":{},"end":{}}]},"68":{"loc":{"start":{"line":292,"column":18},"end":{"line":292,"column":44}},"type":"binary-expr","locations":[{"start":{"line":292,"column":18},"end":{"line":292,"column":38}},{"start":{"line":292,"column":42},"end":{"line":292,"column":44}}]},"69":{"loc":{"start":{"line":293,"column":6},"end":{"line":295,"column":7}},"type":"if","locations":[{"start":{"line":293,"column":6},"end":{"line":295,"column":7}},{"start":{},"end":{}}]},"70":{"loc":{"start":{"line":293,"column":10},"end":{"line":293,"column":55}},"type":"binary-expr","locations":[{"start":{"line":293,"column":10},"end":{"line":293,"column":25}},{"start":{"line":293,"column":29},"end":{"line":293,"column":55}}]},"71":{"loc":{"start":{"line":316,"column":24},"end":{"line":316,"column":139}},"type":"binary-expr","locations":[{"start":{"line":316,"column":24},"end":{"line":316,"column":41}},{"start":{"line":316,"column":45},"end":{"line":316,"column":79}},{"start":{"line":316,"column":83},"end":{"line":316,"column":139}}]},"72":{"loc":{"start":{"line":316,"column":24},"end":{"line":316,"column":33}},"type":"cond-expr","locations":[{"start":{"line":316,"column":25},"end":{"line":316,"column":27}},{"start":{"line":316,"column":24},"end":{"line":316,"column":33}}]},"73":{"loc":{"start":{"line":316,"column":24},"end":{"line":316,"column":27}},"type":"binary-expr","locations":[{"start":{"line":316,"column":24},"end":{"line":316,"column":27}},{"start":{"line":316,"column":24},"end":{"line":316,"column":27}}]},"74":{"loc":{"start":{"line":316,"column":52},"end":{"line":316,"column":62}},"type":"cond-expr","locations":[{"start":{"line":316,"column":53},"end":{"line":316,"column":55}},{"start":{"line":316,"column":52},"end":{"line":316,"column":62}}]},"75":{"loc":{"start":{"line":316,"column":52},"end":{"line":316,"column":55}},"type":"binary-expr","locations":[{"start":{"line":316,"column":52},"end":{"line":316,"column":55}},{"start":{"line":316,"column":52},"end":{"line":316,"column":55}}]},"76":{"loc":{"start":{"line":316,"column":90},"end":{"line":316,"column":100}},"type":"cond-expr","locations":[{"start":{"line":316,"column":91},"end":{"line":316,"column":93}},{"start":{"line":316,"column":90},"end":{"line":316,"column":100}}]},"77":{"loc":{"start":{"line":316,"column":90},"end":{"line":316,"column":93}},"type":"binary-expr","locations":[{"start":{"line":316,"column":90},"end":{"line":316,"column":93}},{"start":{"line":316,"column":90},"end":{"line":316,"column":93}}]},"78":{"loc":{"start":{"line":317,"column":10},"end":{"line":317,"column":30}},"type":"if","locations":[{"start":{"line":317,"column":10},"end":{"line":317,"column":30}},{"start":{},"end":{}}]},"79":{"loc":{"start":{"line":322,"column":6},"end":{"line":324,"column":7}},"type":"if","locations":[{"start":{"line":322,"column":6},"end":{"line":324,"column":7}},{"start":{},"end":{}}]},"80":{"loc":{"start":{"line":327,"column":8},"end":{"line":329,"column":9}},"type":"if","locations":[{"start":{"line":327,"column":8},"end":{"line":329,"column":9}},{"start":{},"end":{}}]},"81":{"loc":{"start":{"line":353,"column":6},"end":{"line":356,"column":7}},"type":"if","locations":[{"start":{"line":353,"column":6},"end":{"line":356,"column":7}},{"start":{},"end":{}}]},"82":{"loc":{"start":{"line":358,"column":25},"end":{"line":360,"column":14}},"type":"cond-expr","locations":[{"start":{"line":359,"column":10},"end":{"line":359,"column":38}},{"start":{"line":360,"column":10},"end":{"line":360,"column":14}}]},"83":{"loc":{"start":{"line":378,"column":24},"end":{"line":378,"column":139}},"type":"binary-expr","locations":[{"start":{"line":378,"column":24},"end":{"line":378,"column":41}},{"start":{"line":378,"column":45},"end":{"line":378,"column":79}},{"start":{"line":378,"column":83},"end":{"line":378,"column":139}}]},"84":{"loc":{"start":{"line":378,"column":24},"end":{"line":378,"column":33}},"type":"cond-expr","locations":[{"start":{"line":378,"column":25},"end":{"line":378,"column":27}},{"start":{"line":378,"column":24},"end":{"line":378,"column":33}}]},"85":{"loc":{"start":{"line":378,"column":24},"end":{"line":378,"column":27}},"type":"binary-expr","locations":[{"start":{"line":378,"column":24},"end":{"line":378,"column":27}},{"start":{"line":378,"column":24},"end":{"line":378,"column":27}}]},"86":{"loc":{"start":{"line":378,"column":52},"end":{"line":378,"column":62}},"type":"cond-expr","locations":[{"start":{"line":378,"column":53},"end":{"line":378,"column":55}},{"start":{"line":378,"column":52},"end":{"line":378,"column":62}}]},"87":{"loc":{"start":{"line":378,"column":52},"end":{"line":378,"column":55}},"type":"binary-expr","locations":[{"start":{"line":378,"column":52},"end":{"line":378,"column":55}},{"start":{"line":378,"column":52},"end":{"line":378,"column":55}}]},"88":{"loc":{"start":{"line":378,"column":90},"end":{"line":378,"column":100}},"type":"cond-expr","locations":[{"start":{"line":378,"column":91},"end":{"line":378,"column":93}},{"start":{"line":378,"column":90},"end":{"line":378,"column":100}}]},"89":{"loc":{"start":{"line":378,"column":90},"end":{"line":378,"column":93}},"type":"binary-expr","locations":[{"start":{"line":378,"column":90},"end":{"line":378,"column":93}},{"start":{"line":378,"column":90},"end":{"line":378,"column":93}}]},"90":{"loc":{"start":{"line":379,"column":10},"end":{"line":382,"column":11}},"type":"if","locations":[{"start":{"line":379,"column":10},"end":{"line":382,"column":11}},{"start":{},"end":{}}]},"91":{"loc":{"start":{"line":383,"column":103},"end":{"line":383,"column":132}},"type":"cond-expr","locations":[{"start":{"line":383,"column":113},"end":{"line":383,"column":115}},{"start":{"line":383,"column":113},"end":{"line":383,"column":132}}]},"92":{"loc":{"start":{"line":383,"column":103},"end":{"line":383,"column":115}},"type":"binary-expr","locations":[{"start":{"line":383,"column":103},"end":{"line":383,"column":115}},{"start":{"line":383,"column":113},"end":{"line":383,"column":115}}]},"93":{"loc":{"start":{"line":383,"column":103},"end":{"line":383,"column":113}},"type":"cond-expr","locations":[{"start":{"line":383,"column":104},"end":{"line":383,"column":106}},{"start":{"line":383,"column":103},"end":{"line":383,"column":113}}]},"94":{"loc":{"start":{"line":383,"column":103},"end":{"line":383,"column":106}},"type":"binary-expr","locations":[{"start":{"line":383,"column":103},"end":{"line":383,"column":106}},{"start":{"line":383,"column":103},"end":{"line":383,"column":106}}]},"95":{"loc":{"start":{"line":388,"column":6},"end":{"line":391,"column":7}},"type":"if","locations":[{"start":{"line":388,"column":6},"end":{"line":391,"column":7}},{"start":{},"end":{}}]},"96":{"loc":{"start":{"line":389,"column":89},"end":{"line":389,"column":107}},"type":"cond-expr","locations":[{"start":{"line":389,"column":98},"end":{"line":389,"column":100}},{"start":{"line":389,"column":89},"end":{"line":389,"column":107}}]},"97":{"loc":{"start":{"line":389,"column":89},"end":{"line":389,"column":100}},"type":"binary-expr","locations":[{"start":{"line":389,"column":89},"end":{"line":389,"column":100}},{"start":{"line":389,"column":89},"end":{"line":389,"column":100}}]},"98":{"loc":{"start":{"line":393,"column":22},"end":{"line":393,"column":39}},"type":"cond-expr","locations":[{"start":{"line":393,"column":33},"end":{"line":393,"column":37}},{"start":{"line":393,"column":37},"end":{"line":393,"column":39}}]},"99":{"loc":{"start":{"line":393,"column":22},"end":{"line":393,"column":37}},"type":"binary-expr","locations":[{"start":{"line":393,"column":22},"end":{"line":393,"column":37}},{"start":{"line":393,"column":33},"end":{"line":393,"column":37}}]},"100":{"loc":{"start":{"line":414,"column":6},"end":{"line":417,"column":7}},"type":"if","locations":[{"start":{"line":414,"column":6},"end":{"line":417,"column":7}},{"start":{},"end":{}}]},"101":{"loc":{"start":{"line":419,"column":75},"end":{"line":419,"column":89}},"type":"cond-expr","locations":[{"start":{"line":419,"column":75},"end":{"line":419,"column":81}},{"start":{"line":419,"column":85},"end":{"line":419,"column":89}}]},"102":{"loc":{"start":{"line":419,"column":75},"end":{"line":419,"column":85}},"type":"binary-expr","locations":[{"start":{"line":419,"column":75},"end":{"line":419,"column":85}},{"start":{"line":419,"column":75},"end":{"line":419,"column":85}}]},"103":{"loc":{"start":{"line":420,"column":26},"end":{"line":420,"column":50}},"type":"cond-expr","locations":[{"start":{"line":420,"column":42},"end":{"line":420,"column":46}},{"start":{"line":420,"column":46},"end":{"line":420,"column":50}}]},"104":{"loc":{"start":{"line":420,"column":26},"end":{"line":420,"column":46}},"type":"binary-expr","locations":[{"start":{"line":420,"column":26},"end":{"line":420,"column":46}},{"start":{"line":420,"column":42},"end":{"line":420,"column":46}}]},"105":{"loc":{"start":{"line":420,"column":26},"end":{"line":420,"column":42}},"type":"cond-expr","locations":[{"start":{"line":420,"column":33},"end":{"line":420,"column":35}},{"start":{"line":420,"column":26},"end":{"line":420,"column":42}}]},"106":{"loc":{"start":{"line":420,"column":26},"end":{"line":420,"column":35}},"type":"binary-expr","locations":[{"start":{"line":420,"column":26},"end":{"line":420,"column":35}},{"start":{"line":420,"column":26},"end":{"line":420,"column":35}}]},"107":{"loc":{"start":{"line":437,"column":6},"end":{"line":440,"column":7}},"type":"if","locations":[{"start":{"line":437,"column":6},"end":{"line":440,"column":7}},{"start":{},"end":{}}]},"108":{"loc":{"start":{"line":437,"column":10},"end":{"line":437,"column":28}},"type":"binary-expr","locations":[{"start":{"line":437,"column":10},"end":{"line":437,"column":16}},{"start":{"line":437,"column":20},"end":{"line":437,"column":28}}]},"109":{"loc":{"start":{"line":445,"column":8},"end":{"line":445,"column":22}},"type":"cond-expr","locations":[{"start":{"line":445,"column":8},"end":{"line":445,"column":14}},{"start":{"line":445,"column":18},"end":{"line":445,"column":22}}]},"110":{"loc":{"start":{"line":445,"column":8},"end":{"line":445,"column":18}},"type":"binary-expr","locations":[{"start":{"line":445,"column":8},"end":{"line":445,"column":18}},{"start":{"line":445,"column":8},"end":{"line":445,"column":18}}]},"111":{"loc":{"start":{"line":465,"column":6},"end":{"line":468,"column":7}},"type":"if","locations":[{"start":{"line":465,"column":6},"end":{"line":468,"column":7}},{"start":{},"end":{}}]},"112":{"loc":{"start":{"line":465,"column":10},"end":{"line":465,"column":71}},"type":"binary-expr","locations":[{"start":{"line":465,"column":10},"end":{"line":465,"column":20}},{"start":{"line":465,"column":24},"end":{"line":465,"column":35}},{"start":{"line":465,"column":39},"end":{"line":465,"column":54}},{"start":{"line":465,"column":58},"end":{"line":465,"column":71}}]},"113":{"loc":{"start":{"line":471,"column":6},"end":{"line":474,"column":7}},"type":"if","locations":[{"start":{"line":471,"column":6},"end":{"line":474,"column":7}},{"start":{},"end":{}}]},"114":{"l
[...]
d":{"line":120,"column":null}}}},"branchMap":{"0":{"loc":{"start":{"line":17,"column":4},"end":{"line":19,"column":5}},"type":"if","locations":[{"start":{"line":17,"column":4},"end":{"line":19,"column":5}},{"start":{},"end":{}}]},"1":{"loc":{"start":{"line":38,"column":4},"end":{"line":40,"column":5}},"type":"if","locations":[{"start":{"line":38,"column":4},"end":{"line":40,"column":5}},{"start":{},"end":{}}]},"2":{"loc":{"start":{"line":38,"column":8},"end":{"line":38,"column":45}},"type":"binary-expr","locations":[{"start":{"line":38,"column":8},"end":{"line":38,"column":16}},{"start":{"line":38,"column":20},"end":{"line":38,"column":45}}]},"3":{"loc":{"start":{"line":55,"column":4},"end":{"line":55,"column":66}},"type":"if","locations":[{"start":{"line":55,"column":4},"end":{"line":55,"column":66}},{"start":{},"end":{}}]},"4":{"loc":{"start":{"line":74,"column":4},"end":{"line":74,"column":66}},"type":"if","locations":[{"start":{"line":74,"column":4},"end":{"line":74,"column":66}},{"start":{},"end":{}}]},"5":{"loc":{"start":{"line":77,"column":4},"end":{"line":79,"column":5}},"type":"if","locations":[{"start":{"line":77,"column":4},"end":{"line":79,"column":5}},{"start":{},"end":{}}]},"6":{"loc":{"start":{"line":77,"column":8},"end":{"line":77,"column":51}},"type":"binary-expr","locations":[{"start":{"line":77,"column":8},"end":{"line":77,"column":14}},{"start":{"line":77,"column":18},"end":{"line":77,"column":51}}]},"7":{"loc":{"start":{"line":89,"column":23},"end":{"line":89,"column":74}},"type":"cond-expr","locations":[{"start":{"line":89,"column":44},"end":{"line":89,"column":62}},{"start":{"line":89,"column":65},"end":{"line":89,"column":74}}]},"8":{"loc":{"start":{"line":100,"column":4},"end":{"line":102,"column":5}},"type":"if","locations":[{"start":{"line":100,"column":4},"end":{"line":102,"column":5}},{"start":{},"end":{}}]},"9":{"loc":{"start":{"line":100,"column":8},"end":{"line":100,"column":49}},"type":"binary-expr","locations":[{"start":{"line":100,"column":8},"end":{"line":100,"column":14}},{"start":{"line":100,"column":18},"end":{"line":100,"column":49}}]}},"s":{"0":1,"1":1,"2":1,"3":1,"4":1,"5":0,"6":1,"7":2,"8":1,"9":0,"10":1,"11":2,"12":1,"13":1,"14":0,"15":0,"16":0,"17":0,"18":0,"19":0,"20":0,"21":0,"22":0,"23":0,"24":0,"25":0,"26":0,"27":0,"28":0,"29":0,"30":0,"31":0,"32":0,"33":0,"34":0},"f":{"0":1,"1":0,"2":2,"3":2,"4":0,"5":0,"6":0,"7":0},"b":{"0":[0,1],"1":[0,0],"2":[0,0],"3":[0,0],"4":[0,0],"5":[0,0],"6":[0,0],"7":[0,0],"8":[0,0],"9":[0,0]}}
,"C:\\Users\\Roberto\\OneDrive\\Desktop\\Licenta\\backend\\src\\modules\\terrain\\geospatialService.ts": {"path":"C:\\Users\\Roberto\\OneDrive\\Desktop\\Licenta\\backend\\src\\modules\\terrain\\geospatialService.ts","statementMap":{"0":{"start":{"line":1,"column":0},"end":{"line":1,"column":26}},"1":{"start":{"line":2,"column":0},"end":{"line":2,"column":20}},"2":{"start":{"line":3,"column":0},"end":{"line":3,"column":24}},"3":{"start":{"line":4,"column":0},"end":{"line":4,"column":46}},"4":{"start":{"line":6,"column":21},"end":{"line":6,"column":112}},"5":{"start":{"line":7,"column":19},"end":{"line":7,"column":108}},"6":{"start":{"line":8,"column":19},"end":{"line":8,"column":108}},"7":{"start":{"line":10,"column":28},"end":{"line":10,"column":40}},"8":{"start":{"line":12,"column":13},"end":{"line":94,"column":2}},"9":{"start":{"line":15,"column":4},"end":{"line":66,"column":5}},"10":{"start":{"line":16,"column":18},"end":{"line":16,"column":59}},"11":{"start":{"line":18,"column":6},"end":{"line":25,"column":7}},"12":{"start":{"line":19,"column":8},"end":{"line":24,"column":9}},"13":{"start":{"line":20,"column":25},"end":{"line":20,"column":51}},"14":{"start":{"line":21,"column":10},"end":{"line":21,"column":48}},"15":{"start":{"line":21,"column":22},"end":{"line":21,"column":48}},"16":{"start":{"line":23,"column":10},"end":{"line":23,"column":69}},"17":{"start":{"line":28,"column":26},"end":{"line":28,"column":27}},"18":{"start":{"line":29,"column":20},"end":{"line":29,"column":21}},"19":{"start":{"line":30,"column":25},"end":{"line":30,"column":29}},"20":{"start":{"line":32,"column":6},"end":{"line":59,"column":7}},"21":{"start":{"line":33,"column":8},"end":{"line":58,"column":9}},"22":{"start":{"line":34,"column":22},"end":{"line":34,"column":184}},"23":{"start":{"line":35,"column":27},"end":{"line":35,"column":118}},"24":{"start":{"line":37,"column":23},"end":{"line":37,"column":50}},"25":{"start":{"line":38,"column":23},"end":{"line":38,"column":116}},"26":{"start":{"line":39,"column":10},"end":{"line":39,"column":81}},"27":{"start":{"line":40,"column":27},"end":{"line":40,"column":92}},"28":{"start":{"line":42,"column":25},"end":{"line":42,"column":45}},"29":{"start":{"line":44,"column":10},"end":{"line":50,"column":11}},"30":{"start":{"line":45,"column":12},"end":{"line":49,"column":13}},"31":{"start":{"line":46,"column":14},"end":{"line":46,"column":88}},"32":{"start":{"line":48,"column":14},"end":{"line":48,"column":72}},"33":{"start":{"line":52,"column":10},"end":{"line":52,"column":24}},"34":{"start":{"line":54,"column":10},"end":{"line":54,"column":24}},"35":{"start":{"line":55,"column":10},"end":{"line":55,"column":23}},"36":{"start":{"line":56,"column":24},"end":{"line":56,"column":50}},"37":{"start":{"line":57,"column":10},"end":{"line":57,"column":55}},"38":{"start":{"line":57,"column":33},"end":{"line":57,"column":53}},"39":{"start":{"line":61,"column":6},"end":{"line":61,"column":82}},"40":{"start":{"line":62,"column":6},"end":{"line":62,"column":18}},"41":{"start":{"line":64,"column":6},"end":{"line":64,"column":56}},"42":{"start":{"line":65,"column":6},"end":{"line":65,"column":18}},"43":{"start":{"line":70,"column":29},"end":{"line":70,"column":57}},"44":{"start":{"line":71,"column":17},"end":{"line":71,"column":42}},"45":{"start":{"line":72,"column":23},"end":{"line":72,"column":83}},"46":{"start":{"line":72,"column":38},"end":{"line":72,"column":82}},"47":{"start":{"line":73,"column":4},"end":{"line":73,"column":56}},"48":{"start":{"line":77,"column":29},"end":{"line":77,"column":57}},"49":{"start":{"line":78,"column":17},"end":{"line":78,"column":40}},"50":{"start":{"line":79,"column":23},"end":{"line":79,"column":83}},"51":{"start":{"line":79,"column":38},"end":{"line":79,"column":82}},"52":{"start":{"line":80,"column":4},"end":{"line":80,"column":54}},"53":{"start":{"line":84,"column":18},"end":{"line":84,"column":41}},"54":{"start":{"line":85,"column":4},"end":{"line":85,"column":25}},"55":{"start":{"line":85,"column":16},"end":{"line":85,"column":25}},"56":{"start":{"line":86,"column":4},"end":{"line":86,"column":52}},"57":{"start":{"line":90,"column":4},"end":{"line":92,"column":33}}},"fnMap":{"0":{"name":"(anonymous_8)","decl":{"start":{"line":14,"column":8},"end":{"line":14,"column":22}},"loc":{"start":{"line":14,"column":74},"end":{"line":67,"column":null}}},"1":{"name":"(anonymous_10)","decl":{"start":{"line":57,"column":28},"end":{"line":57,"column":29}},"loc":{"start":{"line":57,"column":33},"end":{"line":57,"column":53}}},"2":{"name":"(anonymous_11)","decl":{"start":{"line":69,"column":2},"end":{"line":69,"column":16}},"loc":{"start":{"line":69,"column":31},"end":{"line":74,"column":3}}},"3":{"name":"(anonymous_12)","decl":{"start":{"line":72,"column":33},"end":{"line":72,"column":34}},"loc":{"start":{"line":72,"column":38},"end":{"line":72,"column":82}}},"4":{"name":"(anonymous_13)","decl":{"start":{"line":76,"column":2},"end":{"line":76,"column":15}},"loc":{"start":{"line":76,"column":30},"end":{"line":81,"column":3}}},"5":{"name":"(anonymous_14)","decl":{"start":{"line":79,"column":33},"end":{"line":79,"column":34}},"loc":{"start":{"line":79,"column":38},"end":{"line":79,"column":82}}},"6":{"name":"(anonymous_15)","decl":{"start":{"line":83,"column":2},"end":{"line":83,"column":15}},"loc":{"start":{"line":83,"column":53},"end":{"line":87,"column":3}}},"7":{"name":"(anonymous_16)","decl":{"start":{"line":89,"column":2},"end":{"line":89,"column":17}},"loc":{"start":{"line":89,"column":29},"end":{"line":93,"column":3}}}},"branchMap":{"0":{"loc":{"start":{"line":18,"column":6},"end":{"line":25,"column":7}},"type":"if","locations":[{"start":{"line":18,"column":6},"end":{"line":25,"column":7}},{"start":{},"end":{}}]},"1":{"loc":{"start":{"line":21,"column":10},"end":{"line":21,"column":48}},"type":"if","locations":[{"start":{"line":21,"column":10},"end":{"line":21,"column":48}},{"start":{},"end":{}}]},"2":{"loc":{"start":{"line":34,"column":121},"end":{"line":34,"column":182}},"type":"cond-expr","locations":[{"start":{"line":34,"column":135},"end":{"line":34,"column":177}},{"start":{"line":34,"column":180},"end":{"line":34,"column":182}}]},"3":{"loc":{"start":{"line":34,"column":121},"end":{"line":34,"column":132}},"type":"cond-expr","locations":[{"start":{"line":34,"column":125},"end":{"line":34,"column":127}},{"start":{"line":34,"column":121},"end":{"line":34,"column":132}}]},"4":{"loc":{"start":{"line":34,"column":121},"end":{"line":34,"column":127}},"type":"binary-expr","locations":[{"start":{"line":34,"column":121},"end":{"line":34,"column":127}},{"start":{"line":34,"column":121},"end":{"line":34,"column":127}}]},"5":{"loc":{"start":{"line":37,"column":23},"end":{"line":37,"column":50}},"type":"binary-expr","locations":[{"start":{"line":37,"column":23},"end":{"line":37,"column":44}},{"start":{"line":37,"column":48},"end":{"line":37,"column":50}}]},"6":{"loc":{"start":{"line":38,"column":23},"end":{"line":38,"column":116}},"type":"binary-expr","locations":[{"start":{"line":38,"column":23},"end":{"line":38,"column":34}},{"start":{"line":38,"column":38},"end":{"line":38,"column":48}},{"start":{"line":38,"column":52},"end":{"line":38,"column":63}},{"start":{"line":38,"column":67},"end":{"line":38,"column":76}},{"start":{"line":38,"column":80},"end":{"line":38,"column":97}},{"start":{"line":38,"column":101},"end":{"line":38,"column":110}},{"start":{"line":38,"column":114},"end":{"line":38,"column":116}}]},"7":{"loc":{"start":{"line":40,"column":27},"end":{"line":40,"column":92}},"type":"binary-expr","locations":[{"start":{"line":40,"column":27},"end":{"line":40,"column":39}},{"start":{"line":40,"column":43},"end":{"line":40,"column":52}},{"start":{"line":40,"column":56},"end":{"line":40,"column":65}},{"start":{"line":40,"column":69},"end":{"line":40,"column":86}},{"start":{"line":40,"column":90},"end":{"line":40,"column":92}}]},"8":{"loc":{"start":{"line":44,"column":10},"end":{"line":50,"column":11}},"type":"if","locations":[{"start":{"line":44,"column":10},"end":{"line":50,"column":11}},{"start":{},"end":{}}]},"9":{"loc":{"start":{"line":73,"column":11},"end":{"line":73,"column":55}},"type":"cond-expr","locations":[{"start":{"line":73,"column":24},"end":{"line":73,"column":48}},{"start":{"line":73,"column":51},"end":{"line":73,"column":55}}]},"10":{"loc":{"start":{"line":80,"column":11},"end":{"line":80,"column":53}},"type":"cond-expr","locations":[{"start":{"line":80,"column":24},"end":{"line":80,"column":46}},{"start":{"line":80,"column":49},"end":{"line":80,"column":53}}]},"11":{"loc":{"start":{"line":85,"column":4},"end":{"line":85,"column":25}},"type":"if","locations":[{"start":{"line":85,"column":4},"end":{"line":85,"column":25}},{"start":{},"end":{}}]},"12":{"loc":{"start":{"line":86,"column":11},"end":{"line":86,"column":51}},"type":"binary-expr","locations":[{"start":{"line":86,"column":11},"end":{"line":86,"column":26}},{"start":{"line":86,"column":30},"end":{"line":86,"column":46}},{"start":{"line":86,"column":50},"end":{"line":86,"column":51}}]},"13":{"loc":{"start":{"line":90,"column":12},"end":{"line":90,"column":21}},"type":"binary-expr","locations":[{"start":{"line":90,"column":12},"end":{"line":90,"column":15}},{"start":{"line":90,"column":19},"end":{"line":90,"column":21}}]}},"s":{"0":0,"1":0,"2":0,"3":0,"4":0,"5":0,"6":0,"7":0,"8":0,"9":0,"10":0,"11":0,"12":0,"13":0,"14":0,"15":0,"16":0,"17":0,"18":0,"19":0,"20":0,"21":0,"22":0,"23":0,"24":0,"25":0,"26":0,"27":0,"28":0,"29":0,"30":0,"31":0,"32":0,"33":0,"34":0,"35":0,"36":0,"37":0,"38":0,"39":0,"40":0,"41":0,"42":0,"43":0,"44":0,"45":0,"46":0,"47":0,"48":0,"49":0,"50":0,"51":0,"52":0,"53":0,"54":0,"55":0,"56":0,"57":0},"f":{"0":0,"1":0,"2":0,"3":0,"4":0,"5":0,"6":0,"7":0},"b":{"0":[0,0],"1":[0,0],"2":[0,0],"3":[0,0],"4":[0,0],"5":[0,0],"6":[0,0,0,0,0,0,0],"7":[0,0,0,0,0],"8":[0,0],"9":[0,0],"10":[0,0],"11":[0,0],"12":[0,0,0],"13":[0,0]}}
,"C:\\Users\\Roberto\\OneDrive\\Desktop\\Licenta\\backend\\src\\modules\\terrain\\terrainController.ts": {"path":"C:\\Users\\Roberto\\OneDrive\\Desktop\\Licenta\\backend\\src\\modules\\terrain\\terrainController.ts","statementMap":{"0":{"start":{"line":2,"column":0},"end":{"line":2,"column":50}},"1":{"start":{"line":4,"column":31},"end":{"line":15,"column":2}},"2":{"start":{"line":4,"column":69},"end":{"line":15,"column":2}},"3":{"start":{"line":5,"column":2},"end":{"line":14,"column":3}},"4":{"start":{"line":6,"column":19},"end":{"line":6,"column":65}},"5":{"start":{"line":7,"column":4},"end":{"line":7,"column":69}},"6":{"start":{"line":9,"column":4},"end":{"line":11,"column":5}},"7":{"start":{"line":10,"column":6},"end":{"line":10,"column":79}},"8":{"start":{"line":12,"column":4},"end":{"line":12,"column":54}},"9":{"start":{"line":13,"column":4},"end":{"line":13,"column":88}},"10":{"start":{"line":4,"column":13},"end":{"line":4,"column":31}}},"fnMap":{"0":{"name":"(anonymous_7)","decl":{"start":{"line":4,"column":31},"end":{"line":4,"column":38}},"loc":{"start":{"line":4,"column":69},"end":{"line":15,"column":2}}},"1":{"name":"(anonymous_8)","decl":{"start":{"line":4,"column":69},"end":{"line":4,"column":null}},"loc":{"start":{"line":4,"column":69},"end":{"line":15,"column":1}}}},"branchMap":{"0":{"loc":{"start":{"line":9,"column":4},"end":{"line":11,"column":5}},"type":"if","locations":[{"start":{"line":9,"column":4},"end":{"line":11,"column":5}},{"start":{},"end":{}}]},"1":{"loc":{"start":{"line":9,"column":8},"end":{"line":9,"column":78}},"type":"binary-expr","locations":[{"start":{"line":9,"column":8},"end":{"line":9,"column":22}},{"start":{"line":9,"column":26},"end":{"line":9,"column":78}}]},"2":{"loc":{"start":{"line":9,"column":8},"end":{"line":9,"column":22}},"type":"cond-expr","locations":[{"start":{"line":9,"column":13},"end":{"line":9,"column":15}},{"start":{"line":9,"column":8},"end":{"line":9,"column":22}}]},"3":{"loc":{"start":{"line":9,"column":8},"end":{"line":9,"column":15}},"type":"binary-expr","locations":[{"start":{"line":9,"column":8},"end":{"line":9,"column":15}},{"start":{"line":9,"column":8},"end":{"line":9,"column":15}}]}},"s":{"0":0,"1":0,"2":0,"3":0,"4":0,"5":0,"6":0,"7":0,"8":0,"9":0,"10":0},"f":{"0":0,"1":0},"b":{"0":[0,0],"1":[0,0],"2":[0,0],"3":[0,0]}}
,"C:\\Users\\Roberto\\OneDrive\\Desktop\\Licenta\\backend\\src\\modules\\terrain\\terrainRepository.ts": {"path":"C:\\Users\\Roberto\\OneDrive\\Desktop\\Licenta\\backend\\src\\modules\\terrain\\terrainRepository.ts","statementMap":{"0":{"start":{"line":2,"column":0},"end":{"line":2,"column":42}},"1":{"start":{"line":4,"column":13},"end":{"line":11,"column":2}},"2":{"start":{"line":6,"column":4},"end":{"line":9,"column":7}}},"fnMap":{"0":{"name":"(anonymous_7)","decl":{"start":{"line":5,"column":8},"end":{"line":5,"column":25}},"loc":{"start":{"line":5,"column":61},"end":{"line":10,"column":null}}}},"branchMap":{},"s":{"0":0,"1":0,"2":0},"f":{"0":0},"b":{}}
,"C:\\Users\\Roberto\\OneDrive\\Desktop\\Licenta\\backend\\src\\modules\\terrain\\terrainRoutes.ts": {"path":"C:\\Users\\Roberto\\OneDrive\\Desktop\\Licenta\\backend\\src\\modules\\terrain\\terrainRoutes.ts","statementMap":{"0":{"start":{"line":1,"column":0},"end":{"line":1,"column":33}},"1":{"start":{"line":2,"column":0},"end":{"line":2,"column":54}},"2":{"start":{"line":3,"column":0},"end":{"line":3,"column":90}},"3":{"start":{"line":5,"column":15},"end":{"line":5,"column":23}},"4":{"start":{"line":8,"column":0},"end":{"line":8,"column":82}},"5":{"start":{"line":10,"column":0},"end":{"line":10,"column":22}}},"fnMap":{},"branchMap":{},"s":{"0":0,"1":0,"2":0,"3":0,"4":0,"5":0},"f":{},"b":{}}
,"C:\\Users\\Roberto\\OneDrive\\Desktop\\Licenta\\backend\\src\\modules\\terrain\\terrainService.ts": {"path":"C:\\Users\\Roberto\\OneDrive\\Desktop\\Licenta\\backend\\src\\modules\\terrain\\terrainService.ts","statementMap":{"0":{"start":{"line":1,"column":0},"end":{"line":1,"column":56}},"1":{"start":{"line":4,"column":13},"end":{"line":32,"column":2}},"2":{"start":{"line":6,"column":25},"end":{"line":6,"column":30}},"3":{"start":{"line":7,"column":17},"end":{"line":7,"column":35}},"4":{"start":{"line":8,"column":19},"end":{"line":8,"column":21}},"5":{"start":{"line":10,"column":4},"end":{"line":16,"column":5}},"6":{"start":{"line":11,"column":22},"end":{"line":11,"column":86}},"7":{"start":{"line":12,"column":6},"end":{"line":15,"column":7}},"8":{"start":{"line":13,"column":8},"end":{"line":13,"column":42}},"9":{"start":{"line":14,"column":8},"end":{"line":14,"column":36}},"10":{"start":{"line":18,"column":4},"end":{"line":20,"column":5}},"11":{"start":{"line":19,"column":6},"end":{"line":19,"column":79}},"12":{"start":{"line":22,"column":20},"end":{"line":22,"column":60}},"13":{"start":{"line":23,"column":18},"end":{"line":23,"column":57}},"14":{"start":{"line":25,"column":4},"end":{"line":30,"column":6}}},"fnMap":{"0":{"name":"(anonymous_7)","decl":{"start":{"line":5,"column":8},"end":{"line":5,"column":23}},"loc":{"start":{"line":5,"column":99},"end":{"line":31,"column":null}}}},"branchMap":{"0":{"loc":{"start":{"line":7,"column":17},"end":{"line":7,"column":35}},"type":"binary-expr","locations":[{"start":{"line":7,"column":17},"end":{"line":7,"column":29}},{"start":{"line":7,"column":33},"end":{"line":7,"column":35}}]},"1":{"loc":{"start":{"line":10,"column":4},"end":{"line":16,"column":5}},"type":"if","locations":[{"start":{"line":10,"column":4},"end":{"line":16,"column":5}},{"start":{},"end":{}}]},"2":{"loc":{"start":{"line":10,"column":8},"end":{"line":10,"column":34}},"type":"binary-expr","locations":[{"start":{"line":10,"column":8},"end":{"line":10,"column":19}},{"start":{"line":10,"column":23},"end":{"line":10,"column":34}}]},"3":{"loc":{"start":{"line":12,"column":6},"end":{"line":15,"column":7}},"type":"if","locations":[{"start":{"line":12,"column":6},"end":{"line":15,"column":7}},{"start":{},"end":{}}]},"4":{"loc":{"start":{"line":13,"column":17},"end":{"line":13,"column":41}},"type":"binary-expr","locations":[{"start":{"line":13,"column":17},"end":{"line":13,"column":23}},{"start":{"line":13,"column":27},"end":{"line":13,"column":41}}]},"5":{"loc":{"start":{"line":18,"column":4},"end":{"line":20,"column":5}},"type":"if","locations":[{"start":{"line":18,"column":4},"end":{"line":20,"column":5}},{"start":{},"end":{}}]},"6":{"loc":{"start":{"line":28,"column":19},"end":{"line":28,"column":41}},"type":"binary-expr","locations":[{"start":{"line":28,"column":19},"end":{"line":28,"column":30}},{"start":{"line":28,"column":34},"end":{"line":28,"column":41}}]},"7":{"loc":{"start":{"line":28,"column":19},"end":{"line":28,"column":30}},"type":"cond-expr","locations":[{"start":{"line":28,"column":26},"end":{"line":28,"column":28}},{"start":{"line":28,"column":19},"end":{"line":28,"column":30}}]},"8":{"loc":{"start":{"line":28,"column":19},"end":{"line":28,"column":28}},"type":"binary-expr","locations":[{"start":{"line":28,"column":19},"end":{"line":28,"column":28}},{"start":{"line":28,"column":19},"end":{"line":28,"column":28}}]},"9":{"loc":{"start":{"line":29,"column":20},"end":{"line":29,"column":31}},"type":"binary-expr","locations":[{"start":{"line":29,"column":20},"end":{"line":29,"column":25}},{"start":{"line":29,"column":29},"end":{"line":29,"column":31}}]}},"s":{"0":0,"1":0,"2":0,"3":0,"4":0,"5":0,"6":0,"7":0,"8":0,"9":0,"10":0,"11":0,"12":0,"13":0,"14":0},"f":{"0":0},"b":{"0":[0,0],"1":[0,0],"2":[0,0],"3":[0,0],"4":[0,0],"5":[0,0],"6":[0,0],"7":[0,0],"8":[0,0],"9":[0,0]}}
}
