TN:
SF:src\modules\admin\adminController.ts
FN:7,(anonymous_8)
FN:7,(anonymous_9)
FN:21,(anonymous_10)
FN:21,(anonymous_11)
FN:78,(anonymous_12)
FN:78,(anonymous_13)
FN:122,(anonymous_14)
FN:122,(anonymous_15)
FN:132,(anonymous_16)
FN:133,(anonymous_17)
FN:133,(anonymous_18)
FN:198,(anonymous_19)
FN:208,(anonymous_20)
FN:208,(anonymous_21)
FN:228,(anonymous_22)
FN:228,(anonymous_23)
FN:240,(anonymous_24)
FN:240,(anonymous_25)
FN:257,(anonymous_26)
FN:257,(anonymous_27)
FN:272,(anonymous_28)
FN:272,(anonymous_29)
FNF:22
FNH:0
FNDA:0,(anonymous_8)
FNDA:0,(anonymous_9)
FNDA:0,(anonymous_10)
FNDA:0,(anonymous_11)
FNDA:0,(anonymous_12)
FNDA:0,(anonymous_13)
FNDA:0,(anonymous_14)
FNDA:0,(anonymous_15)
FNDA:0,(anonymous_16)
FNDA:0,(anonymous_17)
FNDA:0,(anonymous_18)
FNDA:0,(anonymous_19)
FNDA:0,(anonymous_20)
FNDA:0,(anonymous_21)
FNDA:0,(anonymous_22)
FNDA:0,(anonymous_23)
FNDA:0,(anonymous_24)
FNDA:0,(anonymous_25)
FNDA:0,(anonymous_26)
FNDA:0,(anonymous_27)
FNDA:0,(anonymous_28)
FNDA:0,(anonymous_29)
DA:2,0
DA:3,0
DA:4,0
DA:5,0
DA:7,0
DA:8,0
DA:9,0
DA:10,0
DA:16,0
DA:17,0
DA:21,0
DA:22,0
DA:23,0
DA:25,0
DA:26,0
DA:27,0
DA:30,0
DA:32,0
DA:33,0
DA:34,0
DA:37,0
DA:38,0
DA:39,0
DA:42,0
DA:63,0
DA:71,0
DA:73,0
DA:74,0
DA:78,0
DA:79,0
DA:84,0
DA:86,0
DA:87,0
DA:88,0
DA:91,0
DA:107,0
DA:115,0
DA:117,0
DA:118,0
DA:122,0
DA:123,0
DA:124,0
DA:125,0
DA:126,0
DA:129,0
DA:130,0
DA:132,0
DA:133,0
DA:134,0
DA:135,0
DA:137,0
DA:138,0
DA:139,0
DA:140,0
DA:141,0
DA:144,0
DA:186,0
DA:188,0
DA:189,0
DA:194,0
DA:196,0
DA:199,0
DA:200,0
DA:204,0
DA:205,0
DA:208,0
DA:209,0
DA:210,0
DA:221,0
DA:223,0
DA:224,0
DA:228,0
DA:229,0
DA:230,0
DA:233,0
DA:235,0
DA:236,0
DA:240,0
DA:241,0
DA:242,0
DA:243,0
DA:245,0
DA:250,0
DA:252,0
DA:253,0
DA:257,0
DA:258,0
DA:259,0
DA:261,0
DA:265,0
DA:267,0
DA:268,0
DA:272,0
DA:273,0
DA:276,0
DA:281,0
DA:282,0
LF:97
LH:0
BRDA:25,0,0,0
BRDA:25,0,1,0
BRDA:25,1,0,0
BRDA:25,1,1,0
BRDA:25,1,2,0
BRDA:25,1,3,0
BRDA:25,1,4,0
BRDA:32,2,0,0
BRDA:32,2,1,0
BRDA:37,3,0,0
BRDA:37,3,1,0
BRDA:37,4,0,0
BRDA:37,4,1,0
BRDA:54,5,0,0
BRDA:54,5,1,0
BRDA:55,6,0,0
BRDA:55,6,1,0
BRDA:56,7,0,0
BRDA:56,7,1,0
BRDA:57,8,0,0
BRDA:57,8,1,0
BRDA:86,9,0,0
BRDA:86,9,1,0
BRDA:86,10,0,0
BRDA:86,10,1,0
BRDA:86,10,2,0
BRDA:86,10,3,0
BRDA:86,10,4,0
BRDA:96,11,0,0
BRDA:96,11,1,0
BRDA:97,12,0,0
BRDA:97,12,1,0
BRDA:98,13,0,0
BRDA:98,13,1,0
BRDA:99,14,0,0
BRDA:99,14,1,0
BRDA:100,15,0,0
BRDA:100,15,1,0
BRDA:101,16,0,0
BRDA:101,16,1,0
BRDA:103,17,0,0
BRDA:103,17,1,0
BRDA:124,18,0,0
BRDA:124,18,1,0
BRDA:139,19,0,0
BRDA:139,19,1,0
BRDA:139,20,0,0
BRDA:139,20,1,0
BRDA:139,20,2,0
BRDA:139,20,3,0
BRDA:139,20,4,0
BRDA:149,21,0,0
BRDA:149,21,1,0
BRDA:152,22,0,0
BRDA:152,22,1,0
BRDA:153,23,0,0
BRDA:153,23,1,0
BRDA:154,24,0,0
BRDA:154,24,1,0
BRDA:155,25,0,0
BRDA:155,25,1,0
BRDA:156,26,0,0
BRDA:156,26,1,0
BRDA:157,27,0,0
BRDA:157,27,1,0
BRDA:158,28,0,0
BRDA:158,28,1,0
BRDA:159,29,0,0
BRDA:159,29,1,0
BRDA:160,30,0,0
BRDA:160,30,1,0
BRDA:161,31,0,0
BRDA:161,31,1,0
BRDA:162,32,0,0
BRDA:162,32,1,0
BRDA:163,33,0,0
BRDA:163,33,1,0
BRDA:169,34,0,0
BRDA:169,34,1,0
BRDA:172,35,0,0
BRDA:172,35,1,0
BRDA:173,36,0,0
BRDA:173,36,1,0
BRDA:174,37,0,0
BRDA:174,37,1,0
BRDA:175,38,0,0
BRDA:175,38,1,0
BRDA:176,39,0,0
BRDA:176,39,1,0
BRDA:177,40,0,0
BRDA:177,40,1,0
BRDA:178,41,0,0
BRDA:178,41,1,0
BRDA:179,42,0,0
BRDA:179,42,1,0
BRDA:180,43,0,0
BRDA:180,43,1,0
BRDA:181,44,0,0
BRDA:181,44,1,0
BRDA:182,45,0,0
BRDA:182,45,1,0
BRDA:183,46,0,0
BRDA:183,46,1,0
BRF:103
BRH:0
end_of_record
TN:
SF:src\modules\admin\adminRoutes.ts
FNF:0
FNH:0
DA:1,0
DA:2,0
DA:3,0
DA:14,0
DA:15,0
DA:17,0
DA:18,0
DA:21,0
DA:24,0
DA:27,0
DA:29,0
DA:30,0
DA:31,0
DA:32,0
DA:33,0
DA:34,0
DA:35,0
DA:37,0
DA:39,0
LF:19
LH:0
BRF:0
BRH:0
end_of_record
TN:
SF:src\modules\ai\aiController.ts
FN:11,(anonymous_23)
FN:22,(anonymous_24)
FN:37,(anonymous_26)
FN:43,(anonymous_27)
FN:79,(anonymous_28)
FN:91,(anonymous_30)
FN:96,(anonymous_31)
FN:108,(anonymous_32)
FN:135,(anonymous_33)
FN:140,(anonymous_34)
FN:144,(anonymous_35)
FN:222,(anonymous_36)
FN:259,(anonymous_37)
FN:272,(anonymous_39)
FN:278,(anonymous_40)
FN:279,(anonymous_41)
FN:294,(anonymous_42)
FN:349,(anonymous_43)
FN:407,(anonymous_45)
FN:432,(anonymous_47)
FN:461,(anonymous_49)
FN:517,validateMaterialOverride
FN:536,(anonymous_53)
FN:542,(anonymous_54)
FN:559,(anonymous_55)
FNF:25
FNH:11
FNDA:2,(anonymous_23)
FNDA:2,(anonymous_24)
FNDA:0,(anonymous_26)
FNDA:1,(anonymous_27)
FNDA:3,(anonymous_28)
FNDA:0,(anonymous_30)
FNDA:3,(anonymous_31)
FNDA:0,(anonymous_32)
FNDA:0,(anonymous_33)
FNDA:0,(anonymous_34)
FNDA:0,(anonymous_35)
FNDA:2,(anonymous_36)
FNDA:1,(anonymous_37)
FNDA:0,(anonymous_39)
FNDA:0,(anonymous_40)
FNDA:0,(anonymous_41)
FNDA:0,(anonymous_42)
FNDA:1,(anonymous_43)
FNDA:1,(anonymous_45)
FNDA:2,(anonymous_47)
FNDA:3,(anonymous_49)
FNDA:0,validateMaterialOverride
FNDA:0,(anonymous_53)
FNDA:0,(anonymous_54)
FNDA:0,(anonymous_55)
DA:2,1
DA:3,1
DA:4,1
DA:5,1
DA:6,1
DA:7,1
DA:10,1
DA:11,1
DA:12,2
DA:13,2
DA:16,1
DA:23,2
DA:24,2
DA:26,2
DA:27,1
DA:28,1
DA:32,1
DA:33,1
DA:34,1
DA:35,1
DA:37,1
DA:38,0
DA:39,0
DA:40,0
DA:43,1
DA:46,1
DA:55,5
DA:56,2
DA:57,2
DA:61,1
DA:62,1
DA:63,1
DA:66,0
DA:67,0
DA:68,0
DA:72,0
DA:74,0
DA:75,0
DA:83,3
DA:85,3
DA:86,3
DA:87,3
DA:88,3
DA:89,3
DA:91,3
DA:92,0
DA:93,0
DA:94,0
DA:96,3
DA:100,3
DA:101,1
DA:102,1
DA:103,1
DA:104,1
DA:105,1
DA:106,1
DA:108,0
DA:110,0
DA:127,0
DA:128,0
DA:129,0
DA:130,0
DA:131,0
DA:135,0
DA:136,0
DA:137,0
DA:139,0
DA:140,0
DA:144,0
DA:145,0
DA:146,0
DA:147,0
DA:148,0
DA:149,0
DA:150,0
DA:158,0
DA:199,2
DA:200,2
DA:201,2
DA:202,1
DA:203,1
DA:204,1
DA:205,1
DA:207,1
DA:214,1
DA:215,1
DA:216,1
DA:217,1
DA:219,1
DA:220,0
DA:222,2
DA:223,1
DA:226,1
DA:227,1
DA:228,1
DA:229,1
DA:230,1
DA:235,1
DA:237,0
DA:238,0
DA:241,1
DA:243,3
DA:244,1
DA:247,1
DA:248,1
DA:249,1
DA:251,0
DA:252,0
DA:253,0
DA:254,0
DA:260,1
DA:261,1
DA:262,1
DA:263,1
DA:264,1
DA:267,0
DA:268,0
DA:269,0
DA:270,0
DA:272,0
DA:273,0
DA:274,0
DA:275,0
DA:278,0
DA:279,0
DA:280,0
DA:285,0
DA:286,0
DA:287,0
DA:288,0
DA:289,0
DA:292,0
DA:293,0
DA:294,0
DA:297,0
DA:304,0
DA:305,0
DA:307,0
DA:308,0
DA:309,0
DA:313,0
DA:315,0
DA:316,0
DA:317,0
DA:318,0
DA:322,0
DA:323,0
DA:326,0
DA:327,0
DA:328,0
DA:332,0
DA:333,0
DA:334,0
DA:336,0
DA:337,0
DA:338,0
DA:339,0
DA:350,1
DA:351,1
DA:353,1
DA:354,0
DA:355,0
DA:358,1
DA:362,1
DA:363,1
DA:365,1
DA:366,1
DA:367,1
DA:375,1
DA:377,0
DA:378,0
DA:379,0
DA:380,0
DA:381,0
DA:383,0
DA:384,0
DA:388,1
DA:389,0
DA:390,0
DA:393,1
DA:394,1
DA:397,0
DA:398,0
DA:408,1
DA:410,1
DA:411,1
DA:412,1
DA:414,1
DA:415,0
DA:416,0
DA:419,1
DA:420,1
DA:422,0
DA:423,0
DA:433,2
DA:435,2
DA:437,2
DA:438,1
DA:439,1
DA:442,1
DA:448,1
DA:450,0
DA:451,0
DA:462,3
DA:463,3
DA:465,3
DA:466,0
DA:467,0
DA:470,3
DA:471,3
DA:472,1
DA:473,1
DA:476,2
DA:477,2
DA:478,0
DA:479,0
DA:483,2
DA:484,2
DA:485,1
DA:486,1
DA:489,1
DA:501,1
DA:503,0
DA:504,0
DA:517,1
DA:518,0
DA:524,0
DA:526,0
DA:527,0
DA:528,0
DA:531,0
DA:532,0
DA:533,0
DA:534,0
DA:536,0
DA:537,0
DA:538,0
DA:539,0
DA:542,0
DA:545,0
DA:546,0
DA:547,0
DA:548,0
DA:550,0
DA:551,0
DA:552,0
DA:553,0
DA:554,0
DA:555,0
DA:558,0
DA:559,0
DA:562,0
DA:566,0
DA:585,0
DA:586,0
DA:588,0
DA:589,0
DA:590,0
DA:595,0
DA:597,0
DA:598,0
DA:599,0
DA:600,0
DA:601,0
DA:603,0
DA:604,0
DA:608,0
DA:609,0
DA:610,0
DA:613,0
DA:614,0
DA:615,0
DA:616,0
DA:620,0
DA:621,0
DA:622,0
DA:625,0
DA:626,0
DA:627,0
DA:628,0
LF:280
LH:119
BRDA:12,0,0,1
BRDA:12,0,1,1
BRDA:26,1,0,1
BRDA:26,1,1,1
BRDA:48,2,0,1
BRDA:48,2,1,1
BRDA:49,3,0,1
BRDA:49,3,1,1
BRDA:51,4,0,0
BRDA:51,4,1,1
BRDA:51,5,0,1
BRDA:51,5,1,1
BRDA:56,6,0,2
BRDA:56,6,1,0
BRDA:67,7,0,0
BRDA:67,7,1,0
BRDA:67,8,0,0
BRDA:67,8,1,0
BRDA:67,8,2,0
BRDA:67,9,0,0
BRDA:67,9,1,0
BRDA:67,10,0,0
BRDA:67,10,1,0
BRDA:67,11,0,0
BRDA:67,11,1,0
BRDA:67,12,0,0
BRDA:67,12,1,0
BRDA:67,13,0,0
BRDA:67,13,1,0
BRDA:67,14,0,0
BRDA:67,14,1,0
BRDA:100,15,0,1
BRDA:100,15,1,2
BRDA:102,16,0,1
BRDA:102,16,1,0
BRDA:102,17,0,1
BRDA:102,17,1,0
BRDA:102,17,2,0
BRDA:127,18,0,0
BRDA:127,18,1,0
BRDA:127,19,0,0
BRDA:127,19,1,0
BRDA:127,19,2,0
BRDA:136,20,0,0
BRDA:136,20,1,0
BRDA:146,21,0,0
BRDA:146,21,1,0
BRDA:155,22,0,0
BRDA:155,22,1,0
BRDA:155,23,0,0
BRDA:155,23,1,0
BRDA:161,24,0,0
BRDA:161,24,1,0
BRDA:161,25,0,0
BRDA:161,25,1,0
BRDA:161,26,0,0
BRDA:161,26,1,0
BRDA:161,27,0,0
BRDA:161,27,1,0
BRDA:162,28,0,0
BRDA:162,28,1,0
BRDA:162,29,0,0
BRDA:162,29,1,0
BRDA:163,30,0,0
BRDA:163,30,1,0
BRDA:163,31,0,0
BRDA:163,31,1,0
BRDA:164,32,0,0
BRDA:164,32,1,0
BRDA:164,33,0,0
BRDA:164,33,1,0
BRDA:165,34,0,0
BRDA:165,34,1,0
BRDA:165,35,0,0
BRDA:165,35,1,0
BRDA:165,36,0,0
BRDA:165,36,1,0
BRDA:165,37,0,0
BRDA:165,37,1,0
BRDA:166,38,0,0
BRDA:166,38,1,0
BRDA:166,39,0,0
BRDA:166,39,1,0
BRDA:171,40,0,0
BRDA:171,40,1,0
BRDA:171,41,0,0
BRDA:171,41,1,0
BRDA:173,42,0,0
BRDA:173,42,1,0
BRDA:173,43,0,0
BRDA:173,43,1,0
BRDA:174,44,0,0
BRDA:174,44,1,0
BRDA:174,45,0,0
BRDA:174,45,1,0
BRDA:179,46,0,0
BRDA:179,46,1,0
BRDA:179,47,0,0
BRDA:179,47,1,0
BRDA:181,48,0,0
BRDA:181,48,1,0
BRDA:181,49,0,0
BRDA:181,49,1,0
BRDA:182,50,0,0
BRDA:182,50,1,0
BRDA:182,51,0,0
BRDA:182,51,1,0
BRDA:185,52,0,0
BRDA:185,52,1,0
BRDA:189,53,0,0
BRDA:189,53,1,0
BRDA:189,54,0,0
BRDA:189,54,1,0
BRDA:189,55,0,0
BRDA:189,55,1,0
BRDA:189,56,0,0
BRDA:189,56,1,0
BRDA:201,57,0,1
BRDA:201,57,1,1
BRDA:201,58,0,2
BRDA:201,58,1,1
BRDA:219,59,0,0
BRDA:219,59,1,1
BRDA:238,60,0,0
BRDA:238,60,1,0
BRDA:238,61,0,0
BRDA:238,61,1,0
BRDA:238,62,0,0
BRDA:238,62,1,0
BRDA:238,63,0,0
BRDA:238,63,1,0
BRDA:241,64,0,0
BRDA:241,64,1,1
BRDA:244,65,0,1
BRDA:244,65,1,0
BRDA:262,66,0,1
BRDA:262,66,1,0
BRDA:285,67,0,0
BRDA:285,67,1,0
BRDA:292,68,0,0
BRDA:292,68,1,0
BRDA:293,69,0,0
BRDA:293,69,1,0
BRDA:293,70,0,0
BRDA:293,70,1,0
BRDA:316,71,0,0
BRDA:316,71,1,0
BRDA:316,71,2,0
BRDA:316,72,0,0
BRDA:316,72,1,0
BRDA:316,73,0,0
BRDA:316,73,1,0
BRDA:316,74,0,0
BRDA:316,74,1,0
BRDA:316,75,0,0
BRDA:316,75,1,0
BRDA:316,76,0,0
BRDA:316,76,1,0
BRDA:316,77,0,0
BRDA:316,77,1,0
BRDA:317,78,0,0
BRDA:317,78,1,0
BRDA:322,79,0,0
BRDA:322,79,1,0
BRDA:327,80,0,0
BRDA:327,80,1,0
BRDA:353,81,0,0
BRDA:353,81,1,1
BRDA:358,82,0,0
BRDA:358,82,1,1
BRDA:378,83,0,0
BRDA:378,83,1,0
BRDA:378,83,2,0
BRDA:378,84,0,0
BRDA:378,84,1,0
BRDA:378,85,0,0
BRDA:378,85,1,0
BRDA:378,86,0,0
BRDA:378,86,1,0
BRDA:378,87,0,0
BRDA:378,87,1,0
BRDA:378,88,0,0
BRDA:378,88,1,0
BRDA:378,89,0,0
BRDA:378,89,1,0
BRDA:379,90,0,0
BRDA:379,90,1,0
BRDA:383,91,0,0
BRDA:383,91,1,0
BRDA:383,92,0,0
BRDA:383,92,1,0
BRDA:383,93,0,0
BRDA:383,93,1,0
BRDA:383,94,0,0
BRDA:383,94,1,0
BRDA:388,95,0,0
BRDA:388,95,1,1
BRDA:389,96,0,0
BRDA:389,96,1,0
BRDA:389,97,0,0
BRDA:389,97,1,0
BRDA:393,98,0,1
BRDA:393,98,1,0
BRDA:393,99,0,1
BRDA:393,99,1,1
BRDA:414,100,0,0
BRDA:414,100,1,1
BRDA:419,101,0,1
BRDA:419,101,1,0
BRDA:419,102,0,1
BRDA:419,102,1,1
BRDA:420,103,0,1
BRDA:420,103,1,0
BRDA:420,104,0,1
BRDA:420,104,1,1
BRDA:420,105,0,0
BRDA:420,105,1,1
BRDA:420,106,0,1
BRDA:420,106,1,1
BRDA:437,107,0,1
BRDA:437,107,1,1
BRDA:437,108,0,2
BRDA:437,108,1,1
BRDA:445,109,0,0
BRDA:445,109,1,1
BRDA:445,110,0,1
BRDA:445,110,1,1
BRDA:465,111,0,0
BRDA:465,111,1,3
BRDA:465,112,0,3
BRDA:465,112,1,3
BRDA:465,112,2,3
BRDA:465,112,3,3
BRDA:471,113,0,1
BRDA:471,113,1,2
BRDA:477,114,0,0
BRDA:477,114,1,2
BRDA:477,115,0,2
BRDA:477,115,1,2
BRDA:477,115,2,2
BRDA:484,116,0,1
BRDA:484,116,1,1
BRDA:491,117,0,1
BRDA:491,117,1,0
BRDA:491,118,0,1
BRDA:491,118,1,1
BRDA:492,119,0,0
BRDA:492,119,1,1
BRDA:492,120,0,1
BRDA:492,120,1,1
BRDA:493,121,0,0
BRDA:493,121,1,1
BRDA:493,122,0,1
BRDA:493,122,1,1
BRDA:495,123,0,0
BRDA:495,123,1,1
BRDA:495,124,0,1
BRDA:495,124,1,1
BRDA:498,125,0,0
BRDA:498,125,1,1
BRDA:498,126,0,1
BRDA:498,126,1,1
BRDA:504,127,0,0
BRDA:504,127,1,0
BRDA:504,128,0,0
BRDA:504,128,1,0
BRDA:526,129,0,0
BRDA:526,129,1,0
BRDA:526,130,0,0
BRDA:526,130,1,0
BRDA:526,130,2,0
BRDA:550,131,0,0
BRDA:550,131,1,0
BRDA:562,132,0,0
BRDA:562,132,1,0
BRDA:598,133,0,0
BRDA:598,133,1,0
BRDA:598,133,2,0
BRDA:598,134,0,0
BRDA:598,134,1,0
BRDA:598,135,0,0
BRDA:598,135,1,0
BRDA:598,136,0,0
BRDA:598,136,1,0
BRDA:598,137,0,0
BRDA:598,137,1,0
BRDA:598,138,0,0
BRDA:598,138,1,0
BRDA:598,139,0,0
BRDA:598,139,1,0
BRDA:599,140,0,0
BRDA:599,140,1,0
BRDA:603,141,0,0
BRDA:603,141,1,0
BRDA:603,142,0,0
BRDA:603,142,1,0
BRDA:603,143,0,0
BRDA:603,143,1,0
BRDA:603,144,0,0
BRDA:603,144,1,0
BRDA:608,145,0,0
BRDA:608,145,1,0
BRDA:609,146,0,0
BRDA:609,146,1,0
BRDA:609,147,0,0
BRDA:609,147,1,0
BRDA:614,148,0,0
BRDA:614,148,1,0
BRDA:614,149,0,0
BRDA:614,149,1,0
BRDA:615,150,0,0
BRDA:615,150,1,0
BRF:312
BRH:75
end_of_record
TN:
SF:src\modules\ai\aiRoutes.ts
FNF:0
FNH:0
DA:1,0
DA:2,0
DA:3,0
DA:4,0
DA:5,0
DA:7,0
DA:11,0
DA:14,0
DA:17,0
DA:20,0
DA:23,0
DA:27,0
DA:31,0
DA:35,0
DA:39,0
DA:41,0
LF:16
LH:0
BRF:0
BRH:0
end_of_record
TN:
SF:src\modules\ai\chatSummaryRepository.ts
FN:8,(anonymous_7)
FN:21,(anonymous_9)
FN:35,(anonymous_11)
FNF:3
FNH:3
FNDA:1,(anonymous_7)
FNDA:1,(anonymous_9)
FNDA:1,(anonymous_11)
DA:1,2
DA:3,2
DA:9,1
DA:22,1
DA:41,1
LF:5
LH:5
BRF:0
BRH:0
end_of_record
TN:
SF:src\modules\ai\normativeChunkRepository.ts
FN:16,(anonymous_7)
FN:33,(anonymous_9)
FN:46,(anonymous_11)
FN:56,(anonymous_13)
FNF:4
FNH:4
FNDA:1,(anonymous_7)
FNDA:1,(anonymous_9)
FNDA:1,(anonymous_11)
FNDA:1,(anonymous_13)
DA:2,1
DA:14,1
DA:17,1
DA:34,1
DA:47,1
DA:57,1
LF:6
LH:6
BRF:0
BRH:0
end_of_record
TN:
SF:src\modules\ai\services\agentOrchestrator.ts
FN:13,(anonymous_16)
FN:14,(anonymous_17)
FN:44,(anonymous_18)
FN:66,(anonymous_19)
FN:103,(anonymous_20)
FN:118,suggestRoomProgram
FN:129,(anonymous_23)
FN:129,(anonymous_24)
FN:137,(anonymous_25)
FN:187,(anonymous_26)
FN:194,(anonymous_27)
FNF:11
FNH:7
FNDA:5,(anonymous_16)
FNDA:5,(anonymous_17)
FNDA:0,(anonymous_18)
FNDA:0,(anonymous_19)
FNDA:1,(anonymous_20)
FNDA:3,suggestRoomProgram
FNDA:3,(anonymous_23)
FNDA:3,(anonymous_24)
FNDA:0,(anonymous_25)
FNDA:0,(anonymous_26)
FNDA:1,(anonymous_27)
DA:2,4
DA:3,4
DA:6,4
DA:7,4
DA:8,4
DA:9,4
DA:10,4
DA:12,4
DA:14,5
DA:30,5
DA:31,1
DA:32,1
DA:36,4
DA:37,4
DA:38,4
DA:41,4
DA:42,4
DA:43,0
DA:44,0
DA:45,0
DA:46,0
DA:48,0
DA:52,4
DA:58,4
DA:60,4
DA:61,4
DA:62,0
DA:66,0
DA:71,4
DA:83,4
DA:85,4
DA:86,6
DA:87,7
DA:88,7
DA:92,3
DA:94,4
DA:95,4
DA:100,4
DA:101,1
DA:102,1
DA:103,1
DA:104,1
DA:107,3
DA:108,3
DA:113,1
DA:114,1
DA:118,4
DA:119,3
DA:123,3
DA:125,3
DA:126,3
DA:128,3
DA:129,3
DA:130,3
DA:131,3
DA:133,3
DA:134,3
DA:136,0
DA:137,0
DA:140,0
DA:144,3
DA:148,3
DA:155,3
DA:157,3
DA:158,4
DA:159,5
DA:160,5
DA:169,4
DA:170,4
DA:172,3
DA:173,3
DA:176,2
DA:177,2
DA:182,2
DA:184,2
DA:185,0
DA:186,0
DA:187,0
DA:188,0
DA:191,2
DA:192,1
DA:193,1
DA:194,1
DA:195,1
DA:198,1
DA:199,1
DA:204,0
DA:205,0
LF:88
LH:72
BRDA:16,0,0,5
BRDA:30,1,0,1
BRDA:30,1,1,4
BRDA:36,2,0,0
BRDA:36,2,1,4
BRDA:36,3,0,4
BRDA:36,3,1,4
BRDA:42,4,0,0
BRDA:42,4,1,4
BRDA:55,5,0,0
BRDA:55,5,1,4
BRDA:55,6,0,4
BRDA:55,6,1,4
BRDA:61,7,0,0
BRDA:61,7,1,4
BRDA:61,8,0,4
BRDA:61,8,1,4
BRDA:66,9,0,0
BRDA:66,9,1,0
BRDA:95,10,0,4
BRDA:95,10,1,3
BRDA:95,10,2,3
BRDA:95,10,3,3
BRDA:95,11,0,0
BRDA:95,11,1,4
BRDA:95,12,0,4
BRDA:95,12,1,4
BRDA:96,13,0,3
BRDA:96,13,1,0
BRDA:96,14,0,3
BRDA:96,14,1,3
BRDA:96,15,0,0
BRDA:96,15,1,3
BRDA:96,16,0,3
BRDA:96,16,1,3
BRDA:97,17,0,3
BRDA:97,17,1,0
BRDA:97,18,0,3
BRDA:97,18,1,3
BRDA:97,19,0,0
BRDA:97,19,1,3
BRDA:97,20,0,3
BRDA:97,20,1,3
BRDA:98,21,0,3
BRDA:98,21,1,0
BRDA:98,22,0,3
BRDA:98,22,1,3
BRDA:98,23,0,0
BRDA:98,23,1,3
BRDA:98,24,0,3
BRDA:98,24,1,3
BRDA:100,25,0,1
BRDA:100,25,1,3
BRDA:100,26,0,4
BRDA:100,26,1,1
BRDA:107,27,0,0
BRDA:107,27,1,3
BRDA:107,28,0,3
BRDA:107,28,1,3
BRDA:107,29,0,0
BRDA:107,29,1,3
BRDA:107,30,0,3
BRDA:107,30,1,3
BRDA:113,31,0,0
BRDA:113,31,1,1
BRDA:113,32,0,1
BRDA:113,32,1,1
BRDA:123,33,0,0
BRDA:123,33,1,3
BRDA:123,34,0,3
BRDA:123,34,1,3
BRDA:130,35,0,3
BRDA:130,35,1,0
BRDA:130,36,0,0
BRDA:130,36,1,3
BRDA:130,37,0,3
BRDA:130,37,1,3
BRDA:131,38,0,0
BRDA:131,38,1,3
BRDA:134,39,0,3
BRDA:134,39,1,0
BRDA:144,40,0,0
BRDA:144,40,1,3
BRDA:169,41,0,4
BRDA:169,41,1,0
BRDA:169,42,0,4
BRDA:169,42,1,4
BRDA:177,43,0,2
BRDA:177,43,1,2
BRDA:177,43,2,2
BRDA:177,43,3,2
BRDA:177,44,0,0
BRDA:177,44,1,2
BRDA:177,45,0,2
BRDA:177,45,1,2
BRDA:178,46,0,2
BRDA:178,46,1,0
BRDA:178,47,0,2
BRDA:178,47,1,2
BRDA:178,48,0,0
BRDA:178,48,1,2
BRDA:178,49,0,2
BRDA:178,49,1,2
BRDA:179,50,0,2
BRDA:179,50,1,0
BRDA:179,51,0,2
BRDA:179,51,1,2
BRDA:179,52,0,0
BRDA:179,52,1,2
BRDA:179,53,0,2
BRDA:179,53,1,2
BRDA:180,54,0,2
BRDA:180,54,1,0
BRDA:180,55,0,2
BRDA:180,55,1,2
BRDA:180,56,0,0
BRDA:180,56,1,2
BRDA:180,57,0,2
BRDA:180,57,1,2
BRDA:182,58,0,2
BRDA:182,58,1,1
BRDA:182,59,0,2
BRDA:182,59,1,0
BRDA:182,60,0,2
BRDA:182,60,1,2
BRDA:182,61,0,0
BRDA:182,61,1,2
BRDA:182,62,0,2
BRDA:182,62,1,2
BRDA:182,63,0,1
BRDA:182,63,1,0
BRDA:182,64,0,1
BRDA:182,64,1,1
BRDA:182,65,0,0
BRDA:182,65,1,1
BRDA:182,66,0,1
BRDA:182,66,1,1
BRDA:184,67,0,0
BRDA:184,67,1,2
BRDA:184,68,0,2
BRDA:184,68,1,0
BRDA:191,69,0,1
BRDA:191,69,1,1
BRDA:191,70,0,2
BRDA:191,70,1,1
BRDA:193,71,0,0
BRDA:193,71,1,1
BRDA:193,72,0,1
BRDA:193,72,1,1
BRDA:198,73,0,0
BRDA:198,73,1,1
BRDA:198,74,0,1
BRDA:198,74,1,1
BRDA:198,75,0,0
BRDA:198,75,1,1
BRDA:198,76,0,1
BRDA:198,76,1,1
BRDA:204,77,0,0
BRDA:204,77,1,0
BRDA:204,78,0,0
BRDA:204,78,1,0
BRF:161
BRH:118
end_of_record
TN:
SF:src\modules\ai\services\agentRouter.ts
FN:18,cosineSimilarity
FN:39,isOffTopic
FN:40,(anonymous_9)
FN:56,detectRequiredAgents
FN:124,(anonymous_12)
FNF:5
FNH:5
FNDA:54,cosineSimilarity
FNDA:3,isOffTopic
FNDA:9,(anonymous_9)
FNDA:8,detectRequiredAgents
FNDA:4,(anonymous_12)
DA:2,5
DA:4,5
DA:16,5
DA:19,54
DA:20,54
DA:21,54
DA:22,54
DA:23,162
DA:24,162
DA:25,162
DA:27,54
DA:30,5
DA:39,5
DA:40,9
DA:43,5
DA:56,5
DA:60,8
DA:61,8
DA:63,8
DA:64,1
DA:66,8
DA:67,0
DA:69,8
DA:70,1
DA:72,8
DA:73,0
DA:75,8
DA:76,0
DA:78,8
DA:79,1
DA:80,1
DA:82,8
DA:83,0
DA:85,8
DA:86,0
DA:88,8
DA:89,0
DA:92,8
DA:93,6
DA:94,6
DA:95,1
DA:96,1
DA:97,9
DA:101,6
DA:102,6
DA:104,6
DA:105,54
DA:106,54
DA:107,3
DA:108,3
DA:109,3
DA:111,3
DA:115,6
DA:116,2
DA:119,0
DA:123,8
DA:124,4
DA:125,2
DA:129,8
DA:130,1
DA:133,8
DA:134,2
DA:137,8
LF:63
LH:56
BRDA:63,0,0,1
BRDA:63,0,1,7
BRDA:66,1,0,0
BRDA:66,1,1,8
BRDA:69,2,0,1
BRDA:69,2,1,7
BRDA:72,3,0,0
BRDA:72,3,1,8
BRDA:75,4,0,0
BRDA:75,4,1,8
BRDA:78,5,0,1
BRDA:78,5,1,7
BRDA:82,6,0,0
BRDA:82,6,1,8
BRDA:85,7,0,0
BRDA:85,7,1,8
BRDA:88,8,0,0
BRDA:88,8,1,8
BRDA:92,9,0,6
BRDA:92,9,1,2
BRDA:94,10,0,1
BRDA:94,10,1,5
BRDA:106,11,0,3
BRDA:106,11,1,51
BRDA:111,12,0,1
BRDA:111,12,1,2
BRDA:115,13,0,2
BRDA:115,13,1,4
BRDA:123,14,0,2
BRDA:123,14,1,6
BRDA:123,15,0,8
BRDA:123,15,1,4
BRDA:123,15,2,4
BRDA:129,16,0,1
BRDA:129,16,1,7
BRDA:133,17,0,2
BRDA:133,17,1,6
BRF:37
BRH:31
end_of_record
TN:
SF:src\modules\ai\services\aiClient.ts
FN:5,(anonymous_0)
FNF:1
FNH:1
FNDA:2,(anonymous_0)
DA:1,6
DA:3,6
DA:5,6
DA:6,2
DA:7,2
DA:10,6
DA:11,6
DA:12,6
LF:8
LH:8
BRDA:6,0,0,1
BRDA:6,0,1,1
BRF:2
BRH:2
end_of_record
TN:
SF:src\modules\ai\services\chatPromptBuilder.ts
FN:15,buildScreenSpecificBlock
FN:69,buildOffTopicRefusalStream
FN:70,refusalStream
FN:79,buildChatPrompt
FN:84,(anonymous_18)
FNF:5
FNH:5
FNDA:10,buildScreenSpecificBlock
FNDA:1,buildOffTopicRefusalStream
FNDA:1,refusalStream
FNDA:10,buildChatPrompt
FNDA:2,(anonymous_18)
DA:2,4
DA:16,10
DA:17,5
DA:26,5
DA:27,1
DA:36,4
DA:37,1
DA:46,3
DA:47,1
DA:53,2
DA:54,1
DA:66,1
DA:69,4
DA:71,1
DA:72,1
DA:73,1
DA:76,1
DA:79,4
DA:80,10
DA:84,2
DA:89,10
DA:93,10
DA:94,10
DA:96,10
LF:24
LH:24
BRDA:16,0,0,5
BRDA:16,0,1,5
BRDA:26,1,0,1
BRDA:26,1,1,4
BRDA:36,2,0,1
BRDA:36,2,1,3
BRDA:46,3,0,1
BRDA:46,3,1,2
BRDA:53,4,0,1
BRDA:53,4,1,1
BRDA:80,5,0,1
BRDA:80,5,1,9
BRDA:80,6,0,10
BRDA:80,6,1,1
BRDA:84,7,0,1
BRDA:84,7,1,1
BRDA:89,8,0,1
BRDA:89,8,1,9
BRDA:93,9,0,6
BRDA:93,9,1,4
BRDA:93,10,0,10
BRDA:93,10,1,10
BRF:22
BRH:22
end_of_record
TN:
SF:src\modules\ai\services\embeddingService.ts
FN:6,(anonymous_7)
FN:16,(anonymous_8)
FNF:2
FNH:2
FNDA:7,(anonymous_7)
FNDA:6,(anonymous_8)
DA:1,7
DA:5,7
DA:6,7
DA:7,7
DA:8,7
DA:11,7
DA:17,6
DA:18,2
DA:21,4
DA:22,4
DA:27,4
DA:29,4
DA:30,7
DA:31,7
DA:40,2
DA:41,2
DA:42,2
DA:45,0
DA:47,5
DA:48,5
DA:49,5
DA:50,5
DA:51,5
DA:52,1
DA:53,1
DA:58,1
DA:59,1
LF:27
LH:26
BRDA:7,0,0,1
BRDA:7,0,1,6
BRDA:17,1,0,2
BRDA:17,1,1,4
BRDA:17,2,0,6
BRDA:17,2,1,5
BRDA:21,3,0,4
BRDA:21,3,1,4
BRDA:40,4,0,2
BRDA:40,4,1,0
BRDA:40,5,0,2
BRDA:40,5,1,2
BRDA:40,5,2,2
BRDA:42,6,0,2
BRDA:42,6,1,0
BRDA:48,7,0,5
BRDA:48,7,1,0
BRDA:48,8,0,0
BRDA:48,8,1,5
BRDA:48,9,0,5
BRDA:48,9,1,5
BRDA:49,10,0,0
BRDA:49,10,1,5
BRDA:49,11,0,5
BRDA:49,11,1,5
BRDA:50,12,0,5
BRDA:50,12,1,1
BRDA:50,12,2,1
BRDA:51,13,0,1
BRDA:51,13,1,4
BRF:30
BRH:25
end_of_record
TN:
SF:src\modules\ai\services\materialAnalyzer.ts
FN:5,(anonymous_7)
FN:72,(anonymous_8)
FN:79,(anonymous_10)
FNF:3
FNH:3
FNDA:3,(anonymous_7)
FNDA:3,(anonymous_8)
FNDA:2,(anonymous_10)
DA:1,1
DA:2,1
DA:4,1
DA:5,1
DA:6,3
DA:7,3
DA:23,1
DA:71,1
DA:73,3
DA:76,3
DA:79,3
DA:81,3
DA:95,3
DA:96,3
DA:106,2
DA:107,2
DA:109,1
DA:110,1
DA:112,1
DA:113,1
DA:118,1
LF:21
LH:21
BRDA:6,0,0,1
BRDA:6,0,1,2
BRDA:107,1,0,1
BRDA:107,1,1,1
BRF:4
BRH:4
end_of_record
TN:
SF:src\modules\ai\services\normativeCache.ts
FN:20,(anonymous_8)
FN:24,(anonymous_10)
FN:25,(anonymous_11)
FN:60,(anonymous_12)
FNF:4
FNH:4
FNDA:6,(anonymous_8)
FNDA:21,(anonymous_10)
FNDA:21,(anonymous_11)
FNDA:5,(anonymous_12)
DA:1,1
DA:2,1
DA:4,1
DA:6,1
DA:21,6
DA:23,5
DA:24,21
DA:25,21
DA:28,5
DA:31,4
DA:34,4
DA:37,4
DA:40,4
DA:43,4
DA:50,4
DA:52,4
DA:54,1
DA:55,1
DA:61,5
LF:19
LH:19
BRDA:21,0,0,1
BRDA:21,0,1,5
BRF:2
BRH:2
end_of_record
TN:
SF:src\modules\ai\services\promptBuilder.ts
FN:6,rewriteShortQuery
FN:19,buildRAGContext
FN:39,(anonymous_19)
FN:39,(anonymous_20)
FN:41,(anonymous_21)
FN:58,(anonymous_22)
FN:93,agentLabel
FN:107,(anonymous_24)
FN:110,getStatusDisclaimer
FNF:9
FNH:9
FNDA:8,rewriteShortQuery
FNDA:2,buildRAGContext
FNDA:2,(anonymous_19)
FNDA:2,(anonymous_20)
FNDA:1,(anonymous_21)
FNDA:1,(anonymous_22)
FNDA:12,agentLabel
FNDA:13,(anonymous_24)
FNDA:5,getStatusDisclaimer
DA:1,5
DA:2,5
DA:3,5
DA:4,5
DA:6,5
DA:7,8
DA:8,8
DA:9,7
DA:10,6
DA:11,4
DA:12,3
DA:13,2
DA:14,1
DA:16,1
DA:19,5
DA:33,2
DA:34,2
DA:36,2
DA:38,2
DA:39,2
DA:40,2
DA:41,2
DA:42,1
DA:43,1
DA:44,1
DA:47,1
DA:48,1
DA:50,1
DA:52,1
DA:54,1
DA:55,1
DA:57,1
DA:58,1
DA:61,1
DA:65,2
DA:67,2
DA:74,2
DA:86,2
DA:93,5
DA:94,12
DA:107,13
DA:110,5
DA:111,5
DA:112,5
DA:113,2
DA:115,5
DA:116,3
DA:118,5
LF:48
LH:48
BRDA:8,0,0,7
BRDA:8,0,1,1
BRDA:8,1,0,8
BRDA:8,1,1,1
BRDA:9,2,0,1
BRDA:9,2,1,6
BRDA:10,3,0,2
BRDA:10,3,1,4
BRDA:11,4,0,1
BRDA:11,4,1,3
BRDA:12,5,0,1
BRDA:12,5,1,2
BRDA:13,6,0,1
BRDA:13,6,1,1
BRDA:14,7,0,1
BRDA:14,7,1,0
BRDA:34,8,0,2
BRDA:34,8,1,0
BRDA:40,9,0,1
BRDA:40,9,1,1
BRDA:43,10,0,0
BRDA:43,10,1,1
BRDA:47,11,0,0
BRDA:47,11,1,1
BRDA:47,12,0,1
BRDA:47,12,1,1
BRDA:48,13,0,1
BRDA:48,13,1,0
BRDA:48,14,0,0
BRDA:48,14,1,1
BRDA:48,15,0,1
BRDA:48,15,1,1
BRDA:50,16,0,0
BRDA:50,16,1,1
BRDA:55,17,0,0
BRDA:55,17,1,1
BRDA:76,18,0,1
BRDA:76,18,1,1
BRDA:77,19,0,0
BRDA:77,19,1,2
BRDA:78,20,0,1
BRDA:78,20,1,1
BRDA:79,21,0,1
BRDA:79,21,1,1
BRDA:80,22,0,0
BRDA:80,22,1,2
BRDA:81,23,0,0
BRDA:81,23,1,2
BRDA:82,24,0,0
BRDA:82,24,1,2
BRDA:83,25,0,1
BRDA:83,25,1,1
BRDA:107,26,0,13
BRDA:107,26,1,1
BRDA:112,27,0,2
BRDA:112,27,1,3
BRDA:115,28,0,3
BRDA:115,28,1,2
BRDA:115,29,0,5
BRDA:115,29,1,3
BRF:60
BRH:48
end_of_record
TN:
SF:src\modules\ai\services\ragService.ts
FN:23,searchHybrid
FN:24,(anonymous_8)
FN:116,(anonymous_9)
FN:123,searchMaterialsHybrid
FN:124,(anonymous_11)
FN:170,(anonymous_12)
FN:170,(anonymous_13)
FN:179,(anonymous_14)
FN:192,(anonymous_15)
FN:192,(anonymous_16)
FN:197,(anonymous_17)
FNF:11
FNH:10
FNDA:5,searchHybrid
FNDA:5,(anonymous_8)
FNDA:3,(anonymous_9)
FNDA:2,searchMaterialsHybrid
FNDA:2,(anonymous_11)
FNDA:2,(anonymous_12)
FNDA:2,(anonymous_13)
FNDA:1,(anonymous_14)
FNDA:1,(anonymous_15)
FNDA:1,(anonymous_16)
FNDA:0,(anonymous_17)
DA:2,6
DA:3,6
DA:21,6
DA:23,6
DA:24,5
DA:31,5
DA:33,5
DA:34,1
DA:35,1
DA:41,4
DA:42,3
DA:45,3
DA:47,3
DA:49,3
DA:103,3
DA:109,3
DA:115,3
DA:116,3
DA:119,3
DA:120,3
DA:123,6
DA:124,2
DA:127,2
DA:128,1
DA:130,1
DA:156,1
DA:157,1
DA:165,6
DA:170,2
DA:171,2
DA:172,2
DA:174,1
DA:175,0
DA:178,1
DA:179,1
DA:180,1
DA:182,1
DA:184,1
DA:185,1
DA:192,1
DA:193,1
DA:194,1
DA:195,0
DA:196,0
DA:197,0
DA:198,0
DA:200,0
DA:202,1
DA:203,1
LF:49
LH:43
BRDA:26,0,0,0
BRDA:28,1,0,2
BRDA:31,2,0,1
BRDA:31,2,1,4
BRDA:31,3,0,5
BRDA:31,3,1,5
BRDA:33,4,0,1
BRDA:33,4,1,4
BRDA:47,5,0,3
BRDA:47,5,1,0
BRDA:49,6,0,2
BRDA:49,6,1,1
BRDA:103,7,0,2
BRDA:103,7,1,1
BRDA:109,8,0,2
BRDA:109,8,1,1
BRDA:111,9,0,0
BRDA:111,9,1,1
BRDA:125,10,0,0
BRDA:170,11,0,2
BRDA:174,12,0,0
BRDA:174,12,1,1
BRDA:174,13,0,1
BRDA:174,13,1,1
BRDA:192,14,0,1
BRDA:195,15,0,0
BRDA:195,15,1,0
BRDA:195,16,0,0
BRDA:195,16,1,0
BRF:29
BRH:20
end_of_record
TN:
SF:src\modules\ai\services\roomProgramPrompt.ts
FN:8,buildRoomProgramPrompt
FN:19,(anonymous_2)
FN:40,(anonymous_3)
FN:80,normalizeLabel
FN:84,validateRoomSuggestion
FN:94,(anonymous_6)
FNF:6
FNH:6
FNDA:5,buildRoomProgramPrompt
FNDA:6,(anonymous_2)
FNDA:10,(anonymous_3)
FNDA:4,normalizeLabel
FNDA:4,validateRoomSuggestion
FNDA:4,(anonymous_6)
DA:1,4
DA:4,4
DA:5,4
DA:6,4
DA:8,4
DA:14,5
DA:16,5
DA:19,6
DA:22,5
DA:40,10
DA:81,4
DA:84,4
DA:85,4
DA:86,1
DA:89,3
DA:90,1
DA:93,2
DA:94,4
DA:95,3
DA:96,2
DA:100,2
LF:21
LH:21
BRDA:17,0,0,1
BRDA:17,0,1,4
BRDA:43,1,0,1
BRDA:43,1,1,4
BRDA:45,2,0,3
BRDA:45,2,1,1
BRDA:81,3,0,4
BRDA:81,3,1,0
BRDA:81,4,0,4
BRDA:81,4,1,4
BRDA:85,5,0,1
BRDA:85,5,1,3
BRDA:85,6,0,4
BRDA:85,6,1,3
BRDA:85,6,2,3
BRDA:89,7,0,1
BRDA:89,7,1,2
BRDA:95,8,0,2
BRDA:95,8,1,1
BRDA:95,9,0,3
BRDA:95,9,1,3
BRDA:95,9,2,3
BRF:22
BRH:21
end_of_record
TN:
SF:src\modules\auth\authController.ts
FN:15,(anonymous_8)
FN:15,(anonymous_9)
FN:72,(anonymous_10)
FN:72,(anonymous_11)
FN:100,(anonymous_12)
FN:100,(anonymous_13)
FN:150,(anonymous_14)
FN:150,(anonymous_15)
FN:210,(anonymous_16)
FN:210,(anonymous_17)
FN:231,(anonymous_18)
FN:253,(anonymous_19)
FN:253,(anonymous_20)
FN:274,(anonymous_21)
FN:274,(anonymous_22)
FN:308,(anonymous_23)
FN:308,(anonymous_24)
FN:336,(anonymous_25)
FN:336,(anonymous_26)
FN:380,(anonymous_27)
FN:380,(anonymous_28)
FN:407,(anonymous_29)
FN:407,(anonymous_30)
FNF:23
FNH:13
FNDA:3,(anonymous_8)
FNDA:3,(anonymous_9)
FNDA:0,(anonymous_10)
FNDA:0,(anonymous_11)
FNDA:0,(anonymous_12)
FNDA:0,(anonymous_13)
FNDA:14,(anonymous_14)
FNDA:14,(anonymous_15)
FNDA:4,(anonymous_16)
FNDA:4,(anonymous_17)
FNDA:2,(anonymous_18)
FNDA:1,(anonymous_19)
FNDA:1,(anonymous_20)
FNDA:3,(anonymous_21)
FNDA:3,(anonymous_22)
FNDA:1,(anonymous_23)
FNDA:1,(anonymous_24)
FNDA:0,(anonymous_25)
FNDA:0,(anonymous_26)
FNDA:0,(anonymous_27)
FNDA:0,(anonymous_28)
FNDA:0,(anonymous_29)
FNDA:0,(anonymous_30)
DA:2,2
DA:3,2
DA:4,2
DA:5,2
DA:6,2
DA:8,2
DA:10,2
DA:11,2
DA:15,3
DA:16,3
DA:17,3
DA:19,3
DA:20,1
DA:21,1
DA:25,2
DA:30,2
DA:31,0
DA:32,0
DA:35,2
DA:36,2
DA:37,1
DA:38,1
DA:41,1
DA:43,1
DA:50,1
DA:51,1
DA:53,1
DA:59,1
DA:61,1
DA:67,0
DA:68,0
DA:72,2
DA:73,0
DA:74,0
DA:76,0
DA:77,0
DA:78,0
DA:81,0
DA:86,0
DA:87,0
DA:88,0
DA:91,0
DA:92,0
DA:93,0
DA:94,0
DA:97,0
DA:100,0
DA:101,0
DA:111,0
DA:123,0
DA:126,0
DA:127,0
DA:129,0
DA:135,0
DA:137,0
DA:143,0
DA:144,0
DA:150,14
DA:151,14
DA:152,14
DA:154,14
DA:155,0
DA:156,0
DA:159,14
DA:160,14
DA:161,12
DA:162,12
DA:165,2
DA:166,2
DA:167,0
DA:168,0
DA:171,2
DA:172,0
DA:173,0
DA:177,2
DA:183,2
DA:189,2
DA:191,2
DA:198,2
DA:204,0
DA:205,0
DA:210,4
DA:211,4
DA:212,4
DA:214,4
DA:215,0
DA:216,0
DA:219,4
DA:221,4
DA:223,4
DA:224,2
DA:225,2
DA:228,2
DA:232,2
DA:233,1
DA:237,1
DA:243,1
DA:248,0
DA:249,0
DA:253,2
DA:254,1
DA:255,1
DA:256,1
DA:257,0
DA:258,0
DA:261,1
DA:263,1
DA:265,1
DA:266,1
DA:269,0
DA:270,0
DA:274,3
DA:275,3
DA:278,3
DA:282,3
DA:283,3
DA:284,3
DA:287,2
DA:288,2
DA:293,2
DA:299,2
DA:301,2
DA:303,0
DA:304,0
DA:308,2
DA:309,1
DA:311,1
DA:312,0
DA:315,1
DA:316,0
DA:319,1
DA:324,1
DA:326,1
DA:327,1
DA:330,0
DA:331,0
DA:333,0
DA:336,2
DA:337,0
DA:339,0
DA:340,0
DA:343,0
DA:344,0
DA:346,0
DA:347,0
DA:350,0
DA:352,0
DA:358,0
DA:364,0
DA:366,0
DA:373,0
DA:380,2
DA:381,0
DA:383,0
DA:384,0
DA:385,0
DA:388,0
DA:389,0
DA:392,0
DA:393,0
DA:395,0
DA:401,0
DA:403,0
DA:407,2
DA:408,0
DA:409,0
DA:410,0
DA:412,0
DA:413,0
DA:414,0
DA:417,0
DA:418,0
DA:419,0
DA:420,0
DA:423,0
DA:424,0
DA:425,0
DA:426,0
DA:430,0
DA:432,0
DA:433,0
DA:435,0
DA:436,0
LF:183
LH:88
BRDA:19,0,0,1
BRDA:19,0,1,2
BRDA:19,1,0,3
BRDA:19,1,1,2
BRDA:25,2,0,2
BRDA:25,2,1,2
BRDA:25,2,2,2
BRDA:25,2,3,2
BRDA:30,3,0,0
BRDA:30,3,1,2
BRDA:36,4,0,1
BRDA:36,4,1,1
BRDA:76,5,0,0
BRDA:76,5,1,0
BRDA:76,6,0,0
BRDA:76,6,1,0
BRDA:76,6,2,0
BRDA:76,6,3,0
BRDA:76,6,4,0
BRDA:81,7,0,0
BRDA:81,7,1,0
BRDA:81,7,2,0
BRDA:81,7,3,0
BRDA:86,8,0,0
BRDA:86,8,1,0
BRDA:92,9,0,0
BRDA:92,9,1,0
BRDA:117,10,0,0
BRDA:117,10,1,0
BRDA:118,11,0,0
BRDA:118,11,1,0
BRDA:154,12,0,0
BRDA:154,12,1,14
BRDA:154,13,0,14
BRDA:154,13,1,14
BRDA:160,14,0,12
BRDA:160,14,1,2
BRDA:166,15,0,0
BRDA:166,15,1,2
BRDA:171,16,0,0
BRDA:171,16,1,2
BRDA:214,17,0,0
BRDA:214,17,1,4
BRDA:214,18,0,0
BRDA:214,18,1,4
BRDA:214,19,0,4
BRDA:214,19,1,4
BRDA:223,20,0,2
BRDA:223,20,1,2
BRDA:232,21,0,1
BRDA:232,21,1,1
BRDA:232,22,0,2
BRDA:232,22,1,1
BRDA:256,23,0,0
BRDA:256,23,1,1
BRDA:256,24,0,0
BRDA:256,24,1,1
BRDA:256,25,0,1
BRDA:256,25,1,1
BRDA:284,26,0,1
BRDA:284,26,1,2
BRDA:311,27,0,0
BRDA:311,27,1,1
BRDA:311,28,0,1
BRDA:311,28,1,1
BRDA:311,28,2,1
BRDA:315,29,0,0
BRDA:315,29,1,1
BRDA:326,30,0,1
BRDA:326,30,1,0
BRDA:326,31,0,1
BRDA:326,31,1,0
BRDA:339,32,0,0
BRDA:339,32,1,0
BRDA:339,33,0,0
BRDA:339,33,1,0
BRDA:346,34,0,0
BRDA:346,34,1,0
BRDA:346,35,0,0
BRDA:346,35,1,0
BRDA:384,36,0,0
BRDA:384,36,1,0
BRDA:388,37,0,0
BRDA:388,37,1,0
BRDA:412,38,0,0
BRDA:412,38,1,0
BRDA:418,39,0,0
BRDA:418,39,1,0
BRDA:424,40,0,0
BRDA:424,40,1,0
BRF:90
BRH:41
end_of_record
TN:
SF:src\modules\auth\authRoutes.ts
FNF:0
FNH:0
DA:1,1
DA:2,1
DA:14,1
DA:15,1
DA:16,1
DA:18,1
DA:27,1
DA:28,1
DA:29,1
DA:33,1
DA:36,1
DA:37,1
DA:40,1
DA:41,1
DA:44,1
DA:47,1
DA:49,1
LF:17
LH:17
BRF:0
BRH:0
end_of_record
TN:
SF:src\modules\auth\emailService.ts
FN:4,(anonymous_7)
FN:10,sendPasswordResetEmail
FN:47,sendVerificationEmail
FNF:3
FNH:3
FNDA:3,(anonymous_7)
FNDA:1,sendPasswordResetEmail
FNDA:2,sendVerificationEmail
DA:1,3
DA:4,3
DA:5,3
DA:6,3
DA:7,2
DA:10,3
DA:14,1
DA:16,1
DA:47,3
DA:51,2
DA:53,1
LF:11
LH:11
BRDA:6,0,0,1
BRDA:6,0,1,2
BRF:2
BRH:2
end_of_record
TN:
SF:src\modules\auth\userRepository.ts
FN:5,(anonymous_7)
FN:8,(anonymous_9)
FN:11,(anonymous_11)
FN:14,(anonymous_13)
FN:20,(anonymous_15)
FN:26,(anonymous_17)
FN:36,(anonymous_19)
FN:45,(anonymous_21)
FN:56,(anonymous_23)
FN:66,(anonymous_25)
FN:75,(anonymous_27)
FNF:11
FNH:11
FNDA:13,(anonymous_7)
FNDA:1,(anonymous_9)
FNDA:1,(anonymous_11)
FNDA:1,(anonymous_13)
FNDA:1,(anonymous_15)
FNDA:2,(anonymous_17)
FNDA:2,(anonymous_19)
FNDA:1,(anonymous_21)
FNDA:1,(anonymous_23)
FNDA:1,(anonymous_25)
FNDA:1,(anonymous_27)
DA:2,3
DA:4,3
DA:6,13
DA:9,1
DA:12,1
DA:15,1
DA:21,1
DA:27,2
DA:37,2
DA:46,1
DA:57,1
DA:67,1
DA:76,1
LF:13
LH:13
BRF:0
BRH:0
end_of_record
TN:
SF:src\modules\bom\bomController.ts
FN:55,(anonymous_14)
FN:60,detectPhaseFromMessage
FN:68,phaseOrder
FN:72,isConfirmationMessage
FN:76,normalizePhaseKey
FN:83,loadPhaseState
FN:90,(anonymous_21)
FN:91,(anonymous_22)
FN:97,savePhaseState
FN:101,classifyPhaseWithAI
FN:122,formatIntroFallback
FN:141,withTimeout
FN:142,(anonymous_30)
FN:143,(anonymous_31)
FN:145,(anonymous_32)
FN:149,(anonymous_33)
FN:156,(anonymous_34)
FN:156,(anonymous_35)
FN:171,(anonymous_36)
FN:171,(anonymous_37)
FN:195,(anonymous_38)
FN:195,(anonymous_39)
FN:287,(anonymous_40)
FN:287,(anonymous_41)
FN:307,(anonymous_42)
FN:307,(anonymous_43)
FN:338,(anonymous_44)
FN:338,(anonymous_45)
FN:384,(anonymous_46)
FNF:29
FNH:4
FNDA:0,(anonymous_14)
FNDA:0,detectPhaseFromMessage
FNDA:0,phaseOrder
FNDA:0,isConfirmationMessage
FNDA:0,normalizePhaseKey
FNDA:0,loadPhaseState
FNDA:0,(anonymous_21)
FNDA:0,(anonymous_22)
FNDA:0,savePhaseState
FNDA:0,classifyPhaseWithAI
FNDA:0,formatIntroFallback
FNDA:0,withTimeout
FNDA:0,(anonymous_30)
FNDA:0,(anonymous_31)
FNDA:0,(anonymous_32)
FNDA:0,(anonymous_33)
FNDA:1,(anonymous_34)
FNDA:1,(anonymous_35)
FNDA:2,(anonymous_36)
FNDA:2,(anonymous_37)
FNDA:0,(anonymous_38)
FNDA:0,(anonymous_39)
FNDA:0,(anonymous_40)
FNDA:0,(anonymous_41)
FNDA:0,(anonymous_42)
FNDA:0,(anonymous_43)
FNDA:0,(anonymous_44)
FNDA:0,(anonymous_45)
FNDA:0,(anonymous_46)
DA:2,1
DA:3,1
DA:4,1
DA:5,1
DA:6,1
DA:7,1
DA:9,1
DA:21,1
DA:33,1
DA:46,1
DA:48,1
DA:49,1
DA:54,1
DA:55,1
DA:56,0
DA:57,0
DA:61,0
DA:62,0
DA:63,0
DA:65,0
DA:69,0
DA:73,0
DA:77,0
DA:78,0
DA:79,0
DA:80,0
DA:84,0
DA:85,0
DA:87,0
DA:88,0
DA:90,0
DA:91,0
DA:94,0
DA:98,0
DA:102,0
DA:106,0
DA:107,0
DA:112,0
DA:113,0
DA:114,0
DA:115,0
DA:116,0
DA:118,0
DA:129,0
DA:137,0
DA:138,0
DA:142,0
DA:143,0
DA:144,0
DA:146,0
DA:147,0
DA:150,0
DA:151,0
DA:156,1
DA:157,1
DA:158,1
DA:159,1
DA:160,0
DA:161,0
DA:163,1
DA:164,1
DA:166,0
DA:167,0
DA:171,2
DA:172,2
DA:173,2
DA:174,2
DA:175,0
DA:176,0
DA:178,2
DA:179,2
DA:180,1
DA:181,1
DA:183,1
DA:184,1
DA:186,0
DA:187,0
DA:195,1
DA:196,0
DA:197,0
DA:198,0
DA:199,0
DA:200,0
DA:203,0
DA:215,0
DA:216,0
DA:217,0
DA:220,0
DA:221,0
DA:222,0
DA:223,0
DA:224,0
DA:225,0
DA:229,0
DA:238,0
DA:249,0
DA:251,0
DA:252,0
DA:253,0
DA:264,0
DA:265,0
DA:271,0
DA:272,0
DA:275,0
DA:276,0
DA:278,0
DA:279,0
DA:287,1
DA:288,0
DA:289,0
DA:290,0
DA:291,0
DA:292,0
DA:295,0
DA:296,0
DA:298,0
DA:299,0
DA:307,1
DA:308,0
DA:309,0
DA:310,0
DA:311,0
DA:312,0
DA:315,0
DA:316,0
DA:317,0
DA:318,0
DA:321,0
DA:323,0
DA:324,0
DA:338,1
DA:339,0
DA:340,0
DA:341,0
DA:342,0
DA:343,0
DA:346,0
DA:347,0
DA:348,0
DA:349,0
DA:353,0
DA:363,0
DA:364,0
DA:365,0
DA:369,0
DA:379,0
DA:384,0
DA:385,0
DA:386,0
DA:387,0
DA:388,0
DA:391,0
DA:396,0
DA:397,0
DA:398,0
DA:399,0
DA:402,0
DA:403,0
DA:404,0
DA:406,0
DA:407,0
DA:410,0
DA:411,0
DA:415,0
DA:418,0
DA:419,0
DA:420,0
DA:421,0
DA:423,0
DA:425,0
DA:426,0
DA:430,0
DA:431,0
DA:434,0
DA:435,0
DA:436,0
DA:437,0
DA:440,0
DA:441,0
DA:445,0
DA:450,0
DA:451,0
DA:457,0
DA:473,0
DA:474,0
DA:475,0
DA:476,0
DA:480,0
DA:481,0
DA:482,0
DA:485,0
DA:486,0
DA:487,0
DA:488,0
LF:194
LH:34
BRDA:56,0,0,0
BRDA:56,0,1,0
BRDA:63,1,0,0
BRDA:63,1,1,0
BRDA:77,2,0,0
BRDA:77,2,1,0
BRDA:79,3,0,0
BRDA:79,3,1,0
BRDA:80,4,0,0
BRDA:80,4,1,0
BRDA:80,5,0,0
BRDA:80,5,1,0
BRDA:85,6,0,0
BRDA:85,6,1,0
BRDA:87,7,0,0
BRDA:87,7,1,0
BRDA:87,8,0,0
BRDA:87,8,1,0
BRDA:88,9,0,0
BRDA:88,9,1,0
BRDA:112,10,0,0
BRDA:112,10,1,0
BRDA:112,11,0,0
BRDA:112,11,1,0
BRDA:114,12,0,0
BRDA:114,12,1,0
BRDA:114,13,0,0
BRDA:114,13,1,0
BRDA:114,14,0,0
BRDA:114,14,1,0
BRDA:114,15,0,0
BRDA:114,15,1,0
BRDA:115,16,0,0
BRDA:115,16,1,0
BRDA:115,17,0,0
BRDA:115,17,1,0
BRDA:116,18,0,0
BRDA:116,18,1,0
BRDA:130,19,0,0
BRDA:130,19,1,0
BRDA:131,20,0,0
BRDA:131,20,1,0
BRDA:132,21,0,0
BRDA:132,21,1,0
BRDA:133,22,0,0
BRDA:133,22,1,0
BRDA:134,23,0,0
BRDA:134,23,1,0
BRDA:137,24,0,0
BRDA:137,24,1,0
BRDA:159,25,0,0
BRDA:159,25,1,1
BRDA:167,26,0,0
BRDA:167,26,1,0
BRDA:167,27,0,0
BRDA:167,27,1,0
BRDA:167,28,0,0
BRDA:167,28,1,0
BRDA:167,29,0,0
BRDA:167,29,1,0
BRDA:167,30,0,0
BRDA:167,30,1,0
BRDA:174,31,0,0
BRDA:174,31,1,2
BRDA:179,32,0,1
BRDA:179,32,1,1
BRDA:179,33,0,2
BRDA:179,33,1,2
BRDA:187,34,0,0
BRDA:187,34,1,0
BRDA:198,35,0,0
BRDA:198,35,1,0
BRDA:215,36,0,0
BRDA:215,36,1,0
BRDA:221,37,0,0
BRDA:221,37,1,0
BRDA:223,38,0,0
BRDA:223,38,1,0
BRDA:230,39,0,0
BRDA:230,39,1,0
BRDA:231,40,0,0
BRDA:231,40,1,0
BRDA:232,41,0,0
BRDA:232,41,1,0
BRDA:233,42,0,0
BRDA:233,42,1,0
BRDA:234,43,0,0
BRDA:234,43,1,0
BRDA:235,44,0,0
BRDA:235,44,1,0
BRDA:264,45,0,0
BRDA:264,45,1,0
BRDA:264,46,0,0
BRDA:264,46,1,0
BRDA:265,47,0,0
BRDA:265,47,1,0
BRDA:271,48,0,0
BRDA:271,48,1,0
BRDA:290,49,0,0
BRDA:290,49,1,0
BRDA:310,50,0,0
BRDA:310,50,1,0
BRDA:316,51,0,0
BRDA:316,51,1,0
BRDA:341,52,0,0
BRDA:341,52,1,0
BRDA:347,53,0,0
BRDA:347,53,1,0
BRDA:363,54,0,0
BRDA:363,54,1,0
BRDA:370,55,0,0
BRDA:370,55,1,0
BRDA:371,56,0,0
BRDA:371,56,1,0
BRDA:372,57,0,0
BRDA:372,57,1,0
BRDA:373,58,0,0
BRDA:373,58,1,0
BRDA:374,59,0,0
BRDA:374,59,1,0
BRDA:375,60,0,0
BRDA:375,60,1,0
BRDA:376,61,0,0
BRDA:376,61,1,0
BRDA:385,62,0,0
BRDA:385,62,1,0
BRDA:385,63,0,0
BRDA:385,63,1,0
BRDA:385,64,0,0
BRDA:385,64,1,0
BRDA:386,65,0,0
BRDA:386,65,1,0
BRDA:387,66,0,0
BRDA:387,66,1,0
BRDA:387,67,0,0
BRDA:387,67,1,0
BRDA:387,68,0,0
BRDA:387,68,1,0
BRDA:388,69,0,0
BRDA:388,69,1,0
BRDA:388,70,0,0
BRDA:388,70,1,0
BRDA:388,71,0,0
BRDA:388,71,1,0
BRDA:388,72,0,0
BRDA:388,72,1,0
BRDA:388,73,0,0
BRDA:388,73,1,0
BRDA:391,74,0,0
BRDA:391,74,1,0
BRDA:406,75,0,0
BRDA:406,75,1,0
BRDA:406,76,0,0
BRDA:406,76,1,0
BRDA:410,77,0,0
BRDA:410,77,1,0
BRDA:410,78,0,0
BRDA:410,78,1,0
BRDA:418,79,0,0
BRDA:418,79,1,0
BRDA:423,80,0,0
BRDA:423,80,1,0
BRDA:423,81,0,0
BRDA:423,81,1,0
BRDA:440,82,0,0
BRDA:440,82,1,0
BRDA:440,83,0,0
BRDA:440,83,1,0
BRDA:440,83,2,0
BRDA:460,84,0,0
BRDA:460,84,1,0
BRDA:462,85,0,0
BRDA:462,85,1,0
BRDA:462,86,0,0
BRDA:462,86,1,0
BRDA:474,87,0,0
BRDA:474,87,1,0
BRF:177
BRH:6
end_of_record
TN:
SF:src\modules\bom\bomIntroCacheRepository.ts
FN:4,(anonymous_7)
FN:8,(anonymous_9)
FNF:2
FNH:2
FNDA:2,(anonymous_7)
FNDA:1,(anonymous_9)
DA:1,2
DA:3,2
DA:5,2
DA:9,1
LF:4
LH:4
BRF:0
BRH:0
end_of_record
TN:
SF:src\modules\bom\bomPhaseProgressRepository.ts
FN:20,(anonymous_7)
FN:24,(anonymous_9)
FNF:2
FNH:2
FNDA:1,(anonymous_7)
FNDA:1,(anonymous_9)
DA:1,2
DA:19,2
DA:21,1
DA:25,1
LF:4
LH:4
BRF:0
BRH:0
end_of_record
TN:
SF:src\modules\bom\bomRepository.ts
FN:5,(anonymous_7)
FN:11,(anonymous_9)
FN:17,(anonymous_11)
FNF:3
FNH:3
FNDA:1,(anonymous_7)
FNDA:1,(anonymous_9)
FNDA:1,(anonymous_11)
DA:1,4
DA:6,1
DA:12,1
DA:18,1
DA:30,4
LF:5
LH:5
BRF:0
BRH:0
end_of_record
TN:
SF:src\modules\bom\bomRoutes.ts
FNF:0
FNH:0
DA:1,1
DA:2,1
DA:3,1
DA:4,1
DA:6,1
DA:9,1
DA:10,1
DA:12,1
DA:13,1
DA:14,1
DA:15,1
DA:16,1
DA:19,1
DA:21,1
LF:14
LH:14
BRF:0
BRH:0
end_of_record
TN:
SF:src\modules\bom\bomService.ts
FN:58,calcFoundationSpec
FN:95,evaluateFormula
FN:135,(anonymous_10)
FN:142,(anonymous_11)
FN:155,(anonymous_12)
FN:170,(anonymous_14)
FN:283,(anonymous_16)
FN:285,(anonymous_17)
FN:304,(anonymous_18)
FN:304,(anonymous_19)
FN:324,(anonymous_20)
FN:345,(anonymous_22)
FN:378,buildBOMItem
FNF:13
FNH:3
FNDA:0,calcFoundationSpec
FNDA:7,evaluateFormula
FNDA:0,(anonymous_10)
FNDA:0,(anonymous_11)
FNDA:1,(anonymous_12)
FNDA:0,(anonymous_14)
FNDA:0,(anonymous_16)
FNDA:0,(anonymous_17)
FNDA:0,(anonymous_18)
FNDA:0,(anonymous_19)
FNDA:2,(anonymous_20)
FNDA:0,(anonymous_22)
FNDA:0,buildBOMItem
DA:14,4
DA:15,4
DA:16,4
DA:18,4
DA:20,4
DA:21,4
DA:22,4
DA:58,4
DA:62,0
DA:63,0
DA:64,0
DA:65,0
DA:66,0
DA:69,0
DA:95,4
DA:97,7
DA:116,7
DA:117,2
DA:120,5
DA:121,5
DA:122,0
DA:124,5
DA:131,4
DA:139,0
DA:143,0
DA:157,1
DA:158,1
DA:159,1
DA:161,0
DA:163,0
DA:164,0
DA:166,0
DA:172,0
DA:173,0
DA:175,0
DA:178,0
DA:187,0
DA:190,0
DA:194,0
DA:195,0
DA:197,0
DA:205,0
DA:212,0
DA:213,0
DA:233,0
DA:234,0
DA:235,0
DA:238,0
DA:239,0
DA:242,0
DA:243,0
DA:246,0
DA:247,0
DA:249,0
DA:251,0
DA:253,0
DA:254,0
DA:255,0
DA:257,0
DA:258,0
DA:261,0
DA:262,0
DA:265,0
DA:266,0
DA:268,0
DA:270,0
DA:271,0
DA:272,0
DA:274,0
DA:275,0
DA:276,0
DA:279,0
DA:283,0
DA:284,0
DA:285,0
DA:286,0
DA:289,0
DA:290,0
DA:291,0
DA:294,0
DA:295,0
DA:296,0
DA:299,0
DA:304,0
DA:305,0
DA:306,0
DA:307,0
DA:309,0
DA:318,0
DA:319,0
DA:325,2
DA:329,2
DA:330,1
DA:333,1
DA:340,1
DA:353,0
DA:362,0
DA:388,0
DA:391,0
DA:400,0
DA:404,0
LF:101
LH:24
BRDA:62,0,0,0
BRDA:62,0,1,0
BRDA:62,1,0,0
BRDA:62,1,1,0
BRDA:64,2,0,0
BRDA:64,2,1,0
BRDA:66,3,0,0
BRDA:66,3,1,0
BRDA:116,4,0,2
BRDA:116,4,1,5
BRDA:121,5,0,0
BRDA:121,5,1,5
BRDA:121,6,0,5
BRDA:121,6,1,5
BRDA:157,7,0,1
BRDA:157,7,1,0
BRDA:173,8,0,0
BRDA:173,8,1,0
BRDA:175,9,0,0
BRDA:175,9,1,0
BRDA:194,10,0,0
BRDA:194,10,1,0
BRDA:198,11,0,0
BRDA:198,11,1,0
BRDA:198,12,0,0
BRDA:198,12,1,0
BRDA:198,13,0,0
BRDA:198,13,1,0
BRDA:198,14,0,0
BRDA:198,14,1,0
BRDA:233,15,0,0
BRDA:233,15,1,0
BRDA:233,16,0,0
BRDA:233,16,1,0
BRDA:233,17,0,0
BRDA:233,17,1,0
BRDA:233,18,0,0
BRDA:233,18,1,0
BRDA:233,19,0,0
BRDA:233,19,1,0
BRDA:233,20,0,0
BRDA:233,20,1,0
BRDA:235,21,0,0
BRDA:235,21,1,0
BRDA:251,22,0,0
BRDA:251,22,1,0
BRDA:255,23,0,0
BRDA:255,23,1,0
BRDA:255,24,0,0
BRDA:255,24,1,0
BRDA:257,25,0,0
BRDA:257,25,1,0
BRDA:268,26,0,0
BRDA:268,26,1,0
BRDA:271,27,0,0
BRDA:271,27,1,0
BRDA:272,28,0,0
BRDA:272,28,1,0
BRDA:275,29,0,0
BRDA:275,29,1,0
BRDA:279,30,0,0
BRDA:279,30,1,0
BRDA:284,31,0,0
BRDA:284,31,1,0
BRDA:286,32,0,0
BRDA:286,32,1,0
BRDA:289,33,0,0
BRDA:289,33,1,0
BRDA:306,34,0,0
BRDA:306,34,1,0
BRDA:329,35,0,1
BRDA:329,35,1,1
BRDA:393,36,0,0
BRDA:393,36,1,0
BRDA:393,37,0,0
BRDA:393,37,1,0
BRDA:393,38,0,0
BRDA:393,38,1,0
BRDA:393,39,0,0
BRDA:393,39,1,0
BRDA:394,40,0,0
BRDA:394,40,1,0
BRDA:395,41,0,0
BRDA:395,41,1,0
BRDA:396,42,0,0
BRDA:396,42,1,0
BRDA:400,43,0,0
BRDA:400,43,1,0
BRF:88
BRH:8
end_of_record
TN:
SF:src\modules\bom\materialSelector.ts
FNF:0
FNH:0
DA:1,4
DA:18,4
DA:26,6
DA:27,2
DA:28,1
DA:30,1
DA:34,1
DA:38,4
DA:42,4
DA:43,0
DA:47,4
DA:49,2
DA:50,1
DA:52,2
DA:53,1
DA:55,2
DA:56,1
DA:68,4
DA:72,4
DA:77,4
DA:78,1
DA:82,3
DA:83,1
DA:86,2
LF:24
LH:23
BRDA:26,0,0,2
BRDA:26,0,1,4
BRDA:27,1,0,1
BRDA:27,1,1,1
BRDA:42,2,0,0
BRDA:42,2,1,4
BRDA:47,3,0,2
BRDA:47,3,1,2
BRDA:49,4,0,1
BRDA:49,4,1,1
BRDA:49,5,0,1
BRDA:49,5,1,1
BRDA:49,6,0,2
BRDA:49,6,1,2
BRDA:52,7,0,1
BRDA:52,7,1,1
BRDA:52,8,0,1
BRDA:52,8,1,1
BRDA:52,9,0,2
BRDA:52,9,1,2
BRDA:55,10,0,1
BRDA:55,10,1,1
BRDA:68,11,0,3
BRDA:68,11,1,1
BRDA:77,12,0,1
BRDA:77,12,1,3
BRDA:82,13,0,1
BRDA:82,13,1,2
BRF:28
BRH:27
end_of_record
TN:
SF:src\modules\construction\constructionController.ts
FN:5,(anonymous_7)
FN:5,(anonymous_8)
FN:30,(anonymous_9)
FN:30,(anonymous_10)
FNF:4
FNH:4
FNDA:2,(anonymous_7)
FNDA:2,(anonymous_8)
FNDA:5,(anonymous_9)
FNDA:5,(anonymous_10)
DA:2,1
DA:5,2
DA:6,2
DA:7,2
DA:8,2
DA:9,0
DA:10,0
DA:13,2
DA:14,1
DA:15,1
DA:18,1
DA:19,1
DA:21,0
DA:22,0
DA:23,0
DA:25,0
DA:26,0
DA:30,5
DA:31,5
DA:32,5
DA:33,5
DA:35,5
DA:36,2
DA:37,2
DA:40,3
DA:41,1
DA:43,2
DA:44,1
DA:45,1
DA:47,1
DA:48,1
DA:49,1
DA:51,0
DA:52,0
LF:34
LH:25
BRDA:8,0,0,0
BRDA:8,0,1,2
BRDA:13,1,0,1
BRDA:13,1,1,1
BRDA:13,2,0,0
BRDA:13,2,1,2
BRDA:13,3,0,2
BRDA:13,3,1,2
BRDA:21,4,0,0
BRDA:21,4,1,0
BRDA:21,5,0,0
BRDA:21,5,1,0
BRDA:35,6,0,2
BRDA:35,6,1,3
BRDA:35,7,0,5
BRDA:35,7,1,5
BRDA:35,7,2,5
BRDA:43,8,0,1
BRDA:43,8,1,1
BRDA:47,9,0,1
BRDA:47,9,1,0
BRF:21
BRH:14
end_of_record
TN:
SF:src\modules\construction\constructionRepository.ts
FN:5,(anonymous_7)
FN:12,(anonymous_9)
FN:18,(anonymous_11)
FN:24,(anonymous_13)
FNF:4
FNH:4
FNDA:5,(anonymous_7)
FNDA:1,(anonymous_9)
FNDA:1,(anonymous_11)
FNDA:3,(anonymous_13)
DA:1,3
DA:6,5
DA:13,1
DA:19,1
DA:25,3
DA:40,3
LF:6
LH:6
BRF:0
BRH:0
end_of_record
TN:
SF:src\modules\construction\constructionRoutes.ts
FNF:0
FNH:0
DA:1,1
DA:2,1
DA:3,1
DA:4,1
DA:6,1
DA:8,1
DA:10,1
DA:11,1
DA:13,1
LF:9
LH:9
BRF:0
BRH:0
end_of_record
TN:
SF:src\modules\construction\constructionService.ts
FN:6,(anonymous_8)
FN:19,(anonymous_10)
FN:33,(anonymous_11)
FN:41,(anonymous_13)
FN:43,(anonymous_15)
FN:54,(anonymous_16)
FNF:6
FNH:6
FNDA:4,(anonymous_8)
FNDA:1,(anonymous_10)
FNDA:3,(anonymous_11)
FNDA:8,(anonymous_13)
FNDA:17,(anonymous_15)
FNDA:6,(anonymous_16)
DA:1,2
DA:2,2
DA:3,2
DA:5,2
DA:7,4
DA:8,4
DA:9,1
DA:13,3
DA:14,3
DA:16,1
DA:19,2
DA:27,2
DA:28,2
DA:30,2
DA:34,3
DA:35,3
DA:36,1
DA:38,3
DA:42,8
DA:43,17
DA:45,8
DA:46,2
DA:49,6
DA:50,1
DA:53,5
DA:54,6
DA:55,4
DA:56,2
DA:60,3
LF:29
LH:29
BRDA:8,0,0,1
BRDA:8,0,1,3
BRDA:35,1,0,1
BRDA:35,1,1,2
BRDA:45,2,0,2
BRDA:45,2,1,6
BRDA:49,3,0,1
BRDA:49,3,1,5
BRDA:53,4,0,4
BRDA:53,4,1,1
BRDA:55,5,0,2
BRDA:55,5,1,2
BRDA:55,6,0,4
BRDA:55,6,1,4
BRF:14
BRH:14
end_of_record
TN:
SF:src\modules\contractor\contractorController.ts
FN:5,(anonymous_7)
FN:5,(anonymous_8)
FN:18,(anonymous_9)
FN:18,(anonymous_10)
FN:36,(anonymous_11)
FN:36,(anonymous_12)
FN:50,(anonymous_13)
FN:50,(anonymous_14)
FN:61,(anonymous_15)
FN:61,(anonymous_16)
FN:98,(anonymous_17)
FN:98,(anonymous_18)
FNF:12
FNH:6
FNDA:0,(anonymous_7)
FNDA:0,(anonymous_8)
FNDA:1,(anonymous_9)
FNDA:1,(anonymous_10)
FNDA:1,(anonymous_11)
FNDA:1,(anonymous_12)
FNDA:0,(anonymous_13)
FNDA:0,(anonymous_14)
FNDA:7,(anonymous_15)
FNDA:7,(anonymous_16)
FNDA:0,(anonymous_17)
FNDA:0,(anonymous_18)
DA:2,1
DA:5,1
DA:6,0
DA:7,0
DA:8,0
DA:10,0
DA:11,0
DA:13,0
DA:14,0
DA:18,1
DA:19,1
DA:20,1
DA:21,1
DA:22,1
DA:25,0
DA:26,0
DA:27,0
DA:29,0
DA:31,0
DA:32,0
DA:36,1
DA:37,1
DA:38,1
DA:39,1
DA:40,1
DA:41,0
DA:43,1
DA:45,0
DA:46,0
DA:50,1
DA:51,0
DA:52,0
DA:53,0
DA:54,0
DA:56,0
DA:57,0
DA:61,7
DA:62,7
DA:63,7
DA:64,7
DA:65,7
DA:66,0
DA:69,7
DA:71,7
DA:72,3
DA:75,4
DA:76,2
DA:79,2
DA:80,2
DA:81,1
DA:84,1
DA:85,1
DA:87,0
DA:88,0
DA:89,0
DA:91,0
DA:92,0
DA:94,0
DA:98,1
DA:99,0
DA:100,0
DA:101,0
DA:102,0
DA:104,0
DA:105,0
LF:65
LH:30
BRDA:8,0,0,0
BRDA:8,0,1,0
BRDA:21,1,0,1
BRDA:21,1,1,0
BRDA:26,2,0,0
BRDA:26,2,1,0
BRDA:40,3,0,0
BRDA:40,3,1,1
BRDA:65,4,0,0
BRDA:65,4,1,7
BRDA:71,5,0,3
BRDA:71,5,1,4
BRDA:71,6,0,7
BRDA:71,6,1,6
BRDA:71,6,2,5
BRDA:71,6,3,5
BRDA:75,7,0,2
BRDA:75,7,1,2
BRDA:75,8,0,4
BRDA:75,8,1,4
BRDA:75,8,2,4
BRDA:75,8,3,3
BRDA:80,9,0,1
BRDA:80,9,1,1
BRDA:88,10,0,0
BRDA:88,10,1,0
BRDA:91,11,0,0
BRDA:91,11,1,0
BRF:28
BRH:17
end_of_record
TN:
SF:src\modules\contractor\contractorRoutes.ts
FNF:0
FNH:0
DA:1,1
DA:2,1
DA:3,1
DA:4,1
DA:7,1
DA:9,1
DA:12,1
DA:15,1
DA:16,1
DA:17,1
DA:20,1
DA:21,1
DA:23,1
LF:13
LH:13
BRF:0
BRH:0
end_of_record
TN:
SF:src\modules\contractor\contractorService.ts
FN:4,(anonymous_7)
FN:31,(anonymous_9)
FN:46,(anonymous_11)
FN:61,(anonymous_13)
FN:70,(anonymous_15)
FN:111,(anonymous_17)
FN:129,(anonymous_18)
FN:149,(anonymous_20)
FNF:8
FNH:8
FNDA:4,(anonymous_7)
FNDA:1,(anonymous_9)
FNDA:1,(anonymous_11)
FNDA:2,(anonymous_13)
FNDA:5,(anonymous_15)
FNDA:5,(anonymous_17)
FNDA:2,(anonymous_18)
FNDA:1,(anonymous_20)
DA:1,2
DA:3,2
DA:5,4
DA:10,4
DA:11,2
DA:14,4
DA:15,1
DA:20,4
DA:32,1
DA:47,1
DA:62,2
DA:72,5
DA:82,5
DA:83,1
DA:87,4
DA:91,4
DA:92,1
DA:96,3
DA:107,3
DA:111,5
DA:112,3
DA:114,3
DA:122,3
DA:131,2
DA:132,2
DA:134,1
DA:149,1
LF:27
LH:27
BRDA:10,0,0,2
BRDA:10,0,1,2
BRDA:14,1,0,1
BRDA:14,1,1,3
BRDA:14,2,0,4
BRDA:14,2,1,1
BRDA:82,3,0,1
BRDA:82,3,1,4
BRDA:91,4,0,1
BRDA:91,4,1,3
BRDA:132,5,0,1
BRDA:132,5,1,1
BRDA:151,6,0,1
BRDA:151,6,1,0
BRDA:151,7,0,1
BRDA:151,7,1,1
BRDA:152,8,0,1
BRDA:152,8,1,0
BRDA:152,9,0,1
BRDA:152,9,1,1
BRDA:153,10,0,1
BRDA:153,10,1,0
BRDA:153,11,0,1
BRDA:153,11,1,1
BRDA:154,12,0,1
BRDA:154,12,1,0
BRDA:154,13,0,1
BRDA:154,13,1,1
BRF:28
BRH:24
end_of_record
TN:
SF:src\modules\editor\editorController.ts
FN:11,(anonymous_14)
FN:11,(anonymous_15)
FN:36,(anonymous_16)
FN:36,(anonymous_17)
FN:59,(anonymous_18)
FN:59,(anonymous_19)
FN:89,(anonymous_20)
FN:89,(anonymous_21)
FN:112,(anonymous_22)
FN:112,(anonymous_23)
FN:145,(anonymous_24)
FN:145,(anonymous_25)
FN:172,(anonymous_26)
FN:172,(anonymous_27)
FN:198,(anonymous_28)
FN:198,(anonymous_29)
FN:214,(anonymous_30)
FN:248,(anonymous_31)
FN:248,(anonymous_32)
FN:276,(anonymous_33)
FN:276,(anonymous_34)
FNF:21
FNH:7
FNDA:0,(anonymous_14)
FNDA:0,(anonymous_15)
FNDA:0,(anonymous_16)
FNDA:0,(anonymous_17)
FNDA:1,(anonymous_18)
FNDA:1,(anonymous_19)
FNDA:0,(anonymous_20)
FNDA:0,(anonymous_21)
FNDA:2,(anonymous_22)
FNDA:2,(anonymous_23)
FNDA:0,(anonymous_24)
FNDA:0,(anonymous_25)
FNDA:0,(anonymous_26)
FNDA:0,(anonymous_27)
FNDA:1,(anonymous_28)
FNDA:1,(anonymous_29)
FNDA:1,(anonymous_30)
FNDA:0,(anonymous_31)
FNDA:0,(anonymous_32)
FNDA:0,(anonymous_33)
FNDA:0,(anonymous_34)
DA:2,1
DA:3,1
DA:4,1
DA:11,1
DA:12,0
DA:13,0
DA:14,0
DA:16,0
DA:17,0
DA:18,0
DA:21,0
DA:22,0
DA:24,0
DA:25,0
DA:27,0
DA:28,0
DA:36,1
DA:37,0
DA:38,0
DA:39,0
DA:40,0
DA:41,0
DA:43,0
DA:44,0
DA:45,0
DA:47,0
DA:48,0
DA:50,0
DA:51,0
DA:59,1
DA:60,1
DA:61,1
DA:62,1
DA:63,1
DA:64,1
DA:65,1
DA:68,0
DA:69,0
DA:70,0
DA:73,0
DA:74,0
DA:75,0
DA:76,0
DA:78,0
DA:80,0
DA:81,0
DA:89,1
DA:90,0
DA:91,0
DA:92,0
DA:93,0
DA:94,0
DA:96,0
DA:97,0
DA:98,0
DA:100,0
DA:101,0
DA:103,0
DA:104,0
DA:112,2
DA:113,2
DA:114,2
DA:115,2
DA:116,2
DA:118,2
DA:119,0
DA:120,0
DA:123,2
DA:124,0
DA:125,0
DA:128,2
DA:129,2
DA:130,2
DA:133,0
DA:134,0
DA:136,0
DA:137,0
DA:145,1
DA:146,0
DA:147,0
DA:148,0
DA:149,0
DA:150,0
DA:151,0
DA:154,0
DA:155,0
DA:156,0
DA:159,0
DA:160,0
DA:162,0
DA:163,0
DA:172,1
DA:173,0
DA:174,0
DA:180,0
DA:181,0
DA:182,0
DA:185,0
DA:186,0
DA:188,0
DA:189,0
DA:198,1
DA:199,1
DA:200,1
DA:201,1
DA:202,1
DA:204,1
DA:205,1
DA:207,1
DA:208,0
DA:209,0
DA:210,0
DA:213,1
DA:214,1
DA:217,1
DA:219,1
DA:226,5
DA:227,2
DA:228,2
DA:232,1
DA:233,1
DA:235,0
DA:236,0
DA:237,0
DA:238,0
DA:246,1
DA:248,1
DA:249,0
DA:250,0
DA:252,0
DA:253,0
DA:254,0
DA:257,0
DA:263,0
DA:265,0
DA:266,0
DA:274,1
DA:276,1
DA:277,0
DA:278,0
DA:280,0
DA:281,0
DA:282,0
DA:285,0
DA:287,0
DA:289,0
DA:290,0
LF:147
LH:46
BRDA:16,0,0,0
BRDA:16,0,1,0
BRDA:16,1,0,0
BRDA:16,1,1,0
BRDA:22,2,0,0
BRDA:22,2,1,0
BRDA:39,3,0,0
BRDA:39,3,1,0
BRDA:45,4,0,0
BRDA:45,4,1,0
BRDA:45,5,0,0
BRDA:45,5,1,0
BRDA:61,6,0,0
BRDA:61,6,1,1
BRDA:61,7,0,1
BRDA:61,7,1,1
BRDA:63,8,0,1
BRDA:63,8,1,0
BRDA:68,9,0,0
BRDA:68,9,1,0
BRDA:74,10,0,0
BRDA:74,10,1,0
BRDA:92,11,0,0
BRDA:92,11,1,0
BRDA:98,12,0,0
BRDA:98,12,1,0
BRDA:98,13,0,0
BRDA:98,13,1,0
BRDA:101,14,0,0
BRDA:101,14,1,0
BRDA:101,15,0,0
BRDA:101,15,1,0
BRDA:114,16,0,0
BRDA:114,16,1,2
BRDA:114,17,0,2
BRDA:114,17,1,2
BRDA:118,18,0,0
BRDA:118,18,1,2
BRDA:123,19,0,0
BRDA:123,19,1,2
BRDA:128,20,0,2
BRDA:128,20,1,0
BRDA:147,21,0,0
BRDA:147,21,1,0
BRDA:147,22,0,0
BRDA:147,22,1,0
BRDA:149,23,0,0
BRDA:149,23,1,0
BRDA:154,24,0,0
BRDA:154,24,1,0
BRDA:180,25,0,0
BRDA:180,25,1,0
BRDA:180,26,0,0
BRDA:180,26,1,0
BRDA:207,27,0,0
BRDA:207,27,1,1
BRDA:207,28,0,1
BRDA:207,28,1,1
BRDA:207,28,2,1
BRDA:227,29,0,2
BRDA:227,29,1,0
BRDA:252,30,0,0
BRDA:252,30,1,0
BRDA:252,31,0,0
BRDA:252,31,1,0
BRDA:252,31,2,0
BRDA:280,32,0,0
BRDA:280,32,1,0
BRDA:280,33,0,0
BRDA:280,33,1,0
BRDA:280,33,2,0
BRDA:285,34,0,0
BRDA:285,34,1,0
BRF:73
BRH:15
end_of_record
TN:
SF:src\modules\editor\editorRepository.ts
FN:9,(anonymous_7)
FN:9,(anonymous_8)
FN:26,(anonymous_9)
FN:45,(anonymous_11)
FN:53,(anonymous_13)
FN:70,(anonymous_15)
FN:82,(anonymous_17)
FN:108,(anonymous_19)
FN:116,(anonymous_21)
FN:116,(anonymous_22)
FN:125,(anonymous_23)
FNF:11
FNH:4
FNDA:0,(anonymous_7)
FNDA:0,(anonymous_8)
FNDA:0,(anonymous_9)
FNDA:0,(anonymous_11)
FNDA:7,(anonymous_13)
FNDA:0,(anonymous_15)
FNDA:0,(anonymous_17)
FNDA:0,(anonymous_19)
FNDA:4,(anonymous_21)
FNDA:4,(anonymous_22)
FNDA:161,(anonymous_23)
DA:1,3
DA:5,3
DA:9,0
DA:11,0
DA:16,0
DA:18,0
DA:27,0
DA:46,0
DA:54,7
DA:59,7
DA:60,5
DA:61,4
DA:63,2
DA:71,0
DA:83,0
DA:88,0
DA:93,0
DA:102,0
DA:109,0
DA:116,4
DA:117,4
DA:123,4
DA:125,161
DA:126,3
LF:24
LH:12
BRDA:9,0,0,0
BRDA:16,1,0,0
BRDA:16,1,1,0
BRDA:16,2,0,0
BRDA:16,2,1,0
BRDA:16,3,0,0
BRDA:16,3,1,0
BRDA:16,4,0,0
BRDA:16,4,1,0
BRDA:28,5,0,0
BRDA:28,5,1,0
BRDA:59,6,0,2
BRDA:59,6,1,5
BRDA:60,7,0,1
BRDA:60,7,1,4
BRDA:61,8,0,2
BRDA:61,8,1,2
BRDA:61,9,0,4
BRDA:61,9,1,3
BRDA:72,10,0,0
BRDA:72,10,1,0
BRDA:116,11,0,0
BRDA:123,12,0,3
BRDA:123,12,1,1
BRF:24
BRH:10
end_of_record
TN:
SF:src\modules\editor\editorRoutes.ts
FNF:0
FNH:0
DA:1,1
DA:2,1
DA:3,1
DA:4,1
DA:16,1
DA:18,1
DA:21,1
DA:24,1
DA:25,1
DA:26,1
DA:27,1
DA:28,1
DA:29,1
DA:32,1
DA:33,1
DA:36,1
DA:37,1
DA:39,1
LF:18
LH:18
BRF:0
BRH:0
end_of_record
TN:
SF:src\modules\editor\editorService.ts
FN:8,(anonymous_7)
FN:8,(anonymous_8)
FN:18,(anonymous_9)
FN:25,(anonymous_11)
FN:32,(anonymous_13)
FN:39,(anonymous_15)
FN:46,(anonymous_17)
FN:53,(anonymous_19)
FNF:8
FNH:8
FNDA:1,(anonymous_7)
FNDA:1,(anonymous_8)
FNDA:1,(anonymous_9)
FNDA:1,(anonymous_11)
FNDA:3,(anonymous_13)
FNDA:1,(anonymous_15)
FNDA:1,(anonymous_17)
FNDA:1,(anonymous_19)
DA:1,2
DA:3,2
DA:8,1
DA:9,1
DA:10,1
DA:11,1
DA:19,1
DA:26,1
DA:33,3
DA:40,1
DA:47,1
DA:54,1
LF:12
LH:12
BRDA:8,0,0,0
BRF:1
BRH:0
end_of_record
TN:
SF:src\modules\export\exportController.ts
FN:5,(anonymous_7)
FN:37,(anonymous_9)
FNF:2
FNH:2
FNDA:6,(anonymous_7)
FNDA:1,(anonymous_9)
DA:2,2
DA:4,2
DA:6,6
DA:7,6
DA:9,6
DA:10,1
DA:11,1
DA:14,5
DA:15,5
DA:20,5
DA:21,1
DA:24,1
DA:27,4
DA:28,4
DA:29,4
DA:30,4
DA:32,0
DA:33,0
DA:38,1
DA:39,1
DA:40,1
DA:42,1
DA:43,0
DA:44,0
DA:47,1
DA:48,1
DA:54,1
DA:55,0
DA:58,0
DA:61,1
DA:62,1
DA:63,1
DA:64,1
DA:66,0
DA:67,0
LF:35
LH:27
BRDA:9,0,0,1
BRDA:9,0,1,5
BRDA:17,1,0,0
BRDA:17,1,1,5
BRDA:17,2,0,5
BRDA:17,2,1,5
BRDA:20,3,0,1
BRDA:20,3,1,4
BRDA:39,4,0,0
BRDA:39,4,1,1
BRDA:39,5,0,1
BRDA:39,5,1,1
BRDA:42,6,0,0
BRDA:42,6,1,1
BRDA:51,7,0,0
BRDA:51,7,1,1
BRDA:51,8,0,1
BRDA:51,8,1,1
BRDA:54,9,0,0
BRDA:54,9,1,1
BRF:20
BRH:15
end_of_record
TN:
SF:src\modules\export\exportRoutes.ts
FN:18,(anonymous_0)
FNF:1
FNH:1
FNDA:2,(anonymous_0)
DA:9,1
DA:10,1
DA:11,1
DA:12,1
DA:14,1
DA:16,1
DA:18,2
DA:20,1
DA:25,1
DA:27,1
DA:31,1
DA:33,1
LF:12
LH:12
BRF:0
BRH:0
end_of_record
TN:
SF:src\modules\export\exportService.ts
FN:40,pxToMeters
FN:44,computeUsableSqm
FN:70,escapeHtml
FN:84,buildHtmlTemplate
FN:91,(anonymous_12)
FN:92,(anonymous_13)
FN:96,(anonymous_14)
FN:282,buildContractorHtmlTemplate
FN:289,(anonymous_16)
FN:373,(anonymous_17)
FN:402,(anonymous_19)
FN:403,(anonymous_20)
FN:410,(anonymous_21)
FN:412,(anonymous_22)
FN:468,(anonymous_23)
FNF:15
FNH:8
FNDA:8,pxToMeters
FNDA:3,computeUsableSqm
FNDA:5,escapeHtml
FNDA:4,buildHtmlTemplate
FNDA:2,(anonymous_12)
FNDA:2,(anonymous_13)
FNDA:2,(anonymous_14)
FNDA:0,buildContractorHtmlTemplate
FNDA:0,(anonymous_16)
FNDA:4,(anonymous_17)
FNDA:0,(anonymous_19)
FNDA:0,(anonymous_20)
FNDA:0,(anonymous_21)
FNDA:0,(anonymous_22)
FNDA:0,(anonymous_23)
DA:19,3
DA:20,3
DA:21,3
DA:38,3
DA:41,8
DA:51,3
DA:52,2
DA:54,1
DA:55,1
DA:56,1
DA:57,1
DA:60,3
DA:61,3
DA:62,3
DA:63,3
DA:65,3
DA:66,3
DA:67,3
DA:71,5
DA:72,5
DA:91,4
DA:92,4
DA:93,4
DA:95,4
DA:98,2
DA:103,2
DA:111,4
DA:283,0
DA:284,0
DA:285,0
DA:287,0
DA:288,0
DA:289,0
DA:299,0
DA:367,3
DA:377,4
DA:381,3
DA:382,2
DA:387,2
DA:390,1
DA:401,1
DA:402,0
DA:403,0
DA:409,1
DA:410,1
DA:412,1
DA:419,1
DA:423,1
DA:439,1
DA:444,1
DA:445,1
DA:446,1
DA:447,1
DA:453,0
DA:457,0
DA:459,0
DA:461,1
DA:474,0
DA:479,0
DA:482,0
DA:489,0
DA:495,0
DA:498,0
DA:503,0
DA:504,0
DA:505,0
DA:506,0
DA:512,0
DA:513,0
DA:515,0
DA:517,0
DA:522,3
LF:72
LH:46
BRDA:47,0,0,0
BRDA:51,1,0,2
BRDA:51,1,1,1
BRDA:71,2,0,0
BRDA:71,2,1,5
BRDA:98,3,0,1
BRDA:98,3,1,1
BRDA:100,4,0,0
BRDA:100,4,1,1
BRDA:181,5,0,0
BRDA:181,5,1,4
BRDA:181,6,0,4
BRDA:181,6,1,0
BRDA:181,7,0,0
BRDA:181,7,1,4
BRDA:181,8,0,4
BRDA:181,8,1,0
BRDA:185,9,0,0
BRDA:185,9,1,4
BRDA:185,10,0,4
BRDA:185,10,1,0
BRDA:189,11,0,0
BRDA:189,11,1,4
BRDA:189,12,0,0
BRDA:189,12,1,0
BRDA:189,13,0,0
BRDA:189,13,1,0
BRDA:203,14,0,1
BRDA:203,14,1,3
BRDA:203,15,0,3
BRDA:203,15,1,1
BRDA:204,16,0,3
BRDA:204,16,1,1
BRDA:230,17,0,2
BRDA:230,17,1,2
BRDA:265,18,0,4
BRDA:265,18,1,3
BRDA:269,19,0,1
BRDA:269,19,1,3
BRDA:270,20,0,1
BRDA:270,20,1,0
BRDA:285,21,0,0
BRDA:285,21,1,0
BRDA:288,22,0,0
BRDA:288,22,1,0
BRDA:288,23,0,0
BRDA:288,23,1,0
BRDA:292,24,0,0
BRDA:292,24,1,0
BRDA:292,25,0,0
BRDA:292,25,1,0
BRDA:292,26,0,0
BRDA:292,26,1,0
BRDA:293,27,0,0
BRDA:293,27,1,0
BRDA:293,28,0,0
BRDA:293,28,1,0
BRDA:293,29,0,0
BRDA:293,29,1,0
BRDA:294,30,0,0
BRDA:294,30,1,0
BRDA:326,31,0,0
BRDA:326,31,1,0
BRDA:327,32,0,0
BRDA:327,32,1,0
BRDA:328,33,0,0
BRDA:328,33,1,0
BRDA:337,34,0,0
BRDA:337,34,1,0
BRDA:381,35,0,1
BRDA:381,35,1,2
BRDA:387,36,0,1
BRDA:387,36,1,1
BRDA:401,37,0,0
BRDA:401,37,1,1
BRDA:401,38,0,1
BRDA:401,38,1,1
BRDA:405,39,0,0
BRDA:405,39,1,0
BRDA:405,40,0,0
BRDA:405,40,1,0
BRDA:406,41,0,0
BRDA:406,41,1,0
BRDA:406,42,0,0
BRDA:406,42,1,0
BRDA:406,43,0,0
BRDA:406,43,1,0
BRDA:406,44,0,0
BRDA:406,44,1,0
BRDA:406,45,0,0
BRDA:406,45,1,0
BRDA:406,46,0,0
BRDA:406,46,1,0
BRDA:415,47,0,0
BRDA:415,47,1,0
BRDA:415,48,0,0
BRDA:415,48,1,0
BRDA:415,49,0,0
BRDA:415,49,1,0
BRDA:415,50,0,0
BRDA:415,50,1,0
BRDA:428,51,0,0
BRDA:428,51,1,1
BRDA:428,52,0,1
BRDA:428,52,1,0
BRDA:429,53,0,0
BRDA:429,53,1,1
BRDA:429,54,0,1
BRDA:429,54,1,0
BRDA:430,55,0,0
BRDA:430,55,1,1
BRDA:430,56,0,1
BRDA:430,56,1,0
BRDA:479,57,0,0
BRDA:479,57,1,0
BRF:115
BRH:39
end_of_record
TN:
SF:src\modules\market\marketController.ts
FN:17,(anonymous_7)
FN:32,(anonymous_9)
FN:48,(anonymous_11)
FNF:3
FNH:1
FNDA:0,(anonymous_7)
FNDA:2,(anonymous_9)
FNDA:0,(anonymous_11)
DA:9,1
DA:11,1
DA:18,0
DA:19,0
DA:20,0
DA:22,0
DA:23,0
DA:33,2
DA:34,2
DA:35,1
DA:37,1
DA:38,1
DA:49,0
DA:50,0
DA:51,0
DA:53,0
DA:54,0
LF:17
LH:7
BRF:0
BRH:0
end_of_record
TN:
SF:src\modules\market\marketRepository.ts
FN:22,(anonymous_7)
FN:33,(anonymous_9)
FN:43,(anonymous_11)
FN:56,(anonymous_13)
FN:58,(anonymous_14)
FN:65,(anonymous_15)
FN:76,(anonymous_17)
FN:90,(anonymous_19)
FN:101,(anonymous_21)
FN:102,(anonymous_23)
FN:102,(anonymous_24)
FNF:11
FNH:5
FNDA:0,(anonymous_7)
FNDA:0,(anonymous_9)
FNDA:0,(anonymous_11)
FNDA:0,(anonymous_13)
FNDA:0,(anonymous_14)
FNDA:0,(anonymous_15)
FNDA:8,(anonymous_17)
FNDA:2,(anonymous_19)
FNDA:4,(anonymous_21)
FNDA:3,(anonymous_23)
FNDA:3,(anonymous_24)
DA:8,4
DA:17,4
DA:23,0
DA:34,0
DA:44,0
DA:50,0
DA:51,0
DA:52,0
DA:53,0
DA:56,0
DA:58,0
DA:66,0
DA:77,8
DA:82,8
DA:91,2
DA:102,4
DA:104,3
DA:110,3
LF:18
LH:8
BRDA:52,0,0,0
BRDA:52,0,1,0
BRF:2
BRH:0
end_of_record
TN:
SF:src\modules\market\marketRoutes.ts
FNF:0
FNH:0
DA:7,1
DA:8,1
DA:9,1
DA:11,1
DA:14,1
DA:17,1
DA:20,1
DA:22,1
LF:8
LH:8
BRF:0
BRH:0
end_of_record
TN:
SF:src\modules\market\marketService.ts
FN:80,monthLabel
FN:90,linearRegression
FN:95,(anonymous_10)
FN:98,(anonymous_11)
FN:99,(anonymous_12)
FN:100,(anonymous_13)
FN:101,(anonymous_14)
FN:107,(anonymous_15)
FN:108,(anonymous_16)
FN:117,computeYoY
FN:122,(anonymous_18)
FN:123,(anonymous_19)
FN:135,(anonymous_20)
FN:155,(anonymous_22)
FN:164,(anonymous_23)
FN:195,(anonymous_25)
FN:203,(anonymous_27)
FN:235,(anonymous_28)
FN:246,(anonymous_29)
FN:256,(anonymous_31)
FN:268,(anonymous_32)
FN:326,(anonymous_33)
FN:366,(anonymous_35)
FNF:23
FNH:20
FNDA:0,monthLabel
FNDA:9,linearRegression
FNDA:18,(anonymous_10)
FNDA:18,(anonymous_11)
FNDA:18,(anonymous_12)
FNDA:18,(anonymous_13)
FNDA:18,(anonymous_14)
FNDA:18,(anonymous_15)
FNDA:18,(anonymous_16)
FNDA:7,computeYoY
FNDA:14,(anonymous_18)
FNDA:10,(anonymous_19)
FNDA:0,(anonymous_20)
FNDA:0,(anonymous_22)
FNDA:5,(anonymous_23)
FNDA:1,(anonymous_25)
FNDA:4,(anonymous_27)
FNDA:1,(anonymous_28)
FNDA:4,(anonymous_29)
FNDA:6,(anonymous_31)
FNDA:6,(anonymous_32)
FNDA:6,(anonymous_33)
FNDA:3,(anonymous_35)
DA:11,3
DA:12,3
DA:13,3
DA:14,3
DA:19,3
DA:22,3
DA:75,3
DA:81,0
DA:90,3
DA:91,9
DA:92,9
DA:95,18
DA:96,7
DA:98,18
DA:99,18
DA:100,18
DA:101,18
DA:103,7
DA:104,7
DA:107,18
DA:108,18
DA:109,7
DA:111,7
DA:122,14
DA:123,10
DA:124,7
DA:125,4
DA:130,3
DA:136,0
DA:139,0
DA:141,0
DA:142,0
DA:143,0
DA:144,0
DA:150,0
DA:151,0
DA:155,0
DA:156,0
DA:166,5
DA:167,5
DA:168,4
DA:170,4
DA:171,3
DA:172,3
DA:174,2
DA:181,4
DA:184,3
DA:189,3
DA:196,1
DA:200,1
DA:202,1
DA:203,4
DA:206,1
DA:208,1
DA:209,4
DA:210,4
DA:211,4
DA:212,4
DA:214,4
DA:215,4
DA:223,1
DA:226,1
DA:227,1
DA:228,1
DA:236,1
DA:241,1
DA:248,4
DA:249,4
DA:250,4
DA:252,4
DA:253,1
DA:256,6
DA:257,3
DA:260,3
DA:261,3
DA:265,3
DA:266,3
DA:268,3
DA:270,6
DA:271,6
DA:274,6
DA:275,6
DA:278,6
DA:279,6
DA:281,6
DA:285,6
DA:290,6
DA:291,6
DA:292,6
DA:294,6
DA:304,3
DA:305,3
DA:307,3
DA:308,3
DA:311,3
DA:315,3
DA:317,3
DA:331,6
DA:343,6
DA:344,6
DA:345,6
DA:346,16
DA:347,16
DA:352,4
DA:353,4
DA:354,1
DA:356,15
DA:363,5
DA:367,3
DA:368,3
DA:369,2
DA:370,2
LF:112
LH:101
BRDA:92,0,0,2
BRDA:92,0,1,7
BRDA:122,1,0,14
BRDA:122,1,1,10
BRDA:123,2,0,10
BRDA:123,2,1,4
BRDA:124,3,0,3
BRDA:124,3,1,4
BRDA:124,4,0,7
BRDA:124,4,1,7
BRDA:124,4,2,4
BRDA:143,5,0,0
BRDA:143,5,1,0
BRDA:156,6,0,0
BRDA:156,6,1,0
BRDA:167,7,0,4
BRDA:167,7,1,1
BRDA:170,8,0,3
BRDA:170,8,1,1
BRDA:186,9,0,3
BRDA:186,9,1,0
BRDA:186,10,0,3
BRDA:186,10,1,3
BRDA:212,11,0,0
BRDA:212,11,1,4
BRDA:219,12,0,4
BRDA:219,12,1,0
BRDA:230,13,0,1
BRDA:230,13,1,0
BRDA:230,14,0,1
BRDA:230,14,1,1
BRDA:230,15,0,0
BRDA:230,15,1,1
BRDA:230,16,0,1
BRDA:230,16,1,1
BRDA:230,17,0,0
BRDA:230,17,1,1
BRDA:230,18,0,1
BRDA:230,18,1,1
BRDA:230,19,0,1
BRDA:230,19,1,0
BRDA:230,20,0,1
BRDA:230,20,1,1
BRDA:230,21,0,0
BRDA:230,21,1,1
BRDA:230,22,0,1
BRDA:230,22,1,1
BRDA:231,23,0,1
BRDA:231,23,1,0
BRDA:231,24,0,0
BRDA:231,24,1,1
BRDA:231,25,0,1
BRDA:231,25,1,1
BRDA:231,26,0,1
BRDA:231,26,1,0
BRDA:232,27,0,1
BRDA:232,27,1,0
BRDA:232,28,0,1
BRDA:232,28,1,1
BRDA:232,29,0,0
BRDA:232,29,1,1
BRDA:232,30,0,1
BRDA:232,30,1,1
BRDA:232,31,0,1
BRDA:232,31,1,0
BRDA:232,32,0,0
BRDA:232,32,1,1
BRDA:232,33,0,1
BRDA:232,33,1,1
BRDA:232,34,0,1
BRDA:232,34,1,0
BRDA:233,35,0,1
BRDA:233,35,1,0
BRDA:233,36,0,0
BRDA:233,36,1,1
BRDA:233,37,0,1
BRDA:233,37,1,1
BRDA:236,38,0,1
BRDA:236,38,1,0
BRDA:252,39,0,1
BRDA:252,39,1,3
BRDA:265,40,0,3
BRDA:265,40,1,0
BRDA:265,41,0,3
BRDA:265,41,1,3
BRDA:265,42,0,0
BRDA:265,42,1,3
BRDA:265,43,0,3
BRDA:265,43,1,3
BRDA:266,44,0,3
BRDA:266,44,1,0
BRDA:266,45,0,3
BRDA:266,45,1,3
BRDA:266,46,0,0
BRDA:266,46,1,3
BRDA:266,47,0,3
BRDA:266,47,1,3
BRDA:274,48,0,3
BRDA:274,48,1,3
BRDA:281,49,0,0
BRDA:281,49,1,6
BRDA:282,50,0,0
BRDA:282,50,1,0
BRDA:282,51,0,0
BRDA:282,51,1,0
BRDA:282,52,0,0
BRDA:282,52,1,0
BRDA:282,53,0,0
BRDA:282,53,1,0
BRDA:282,54,0,0
BRDA:282,54,1,0
BRDA:282,55,0,0
BRDA:282,55,1,0
BRDA:285,56,0,6
BRDA:285,56,1,0
BRDA:305,57,0,3
BRDA:305,57,1,0
BRDA:307,58,0,3
BRDA:307,58,1,0
BRDA:307,59,0,3
BRDA:307,59,1,3
BRDA:307,60,0,0
BRDA:307,60,1,3
BRDA:307,61,0,3
BRDA:307,61,1,3
BRDA:311,62,0,3
BRDA:311,62,1,0
BRDA:311,63,0,3
BRDA:311,63,1,3
BRDA:311,64,0,0
BRDA:311,64,1,3
BRDA:311,65,0,3
BRDA:311,65,1,3
BRDA:312,66,0,0
BRDA:312,66,1,3
BRDA:334,67,0,3
BRDA:334,67,1,3
BRDA:334,68,0,6
BRDA:334,68,1,6
BRDA:334,69,0,3
BRDA:334,69,1,3
BRDA:334,70,0,6
BRDA:334,70,1,6
BRDA:335,71,0,3
BRDA:335,71,1,3
BRDA:335,72,0,6
BRDA:335,72,1,6
BRDA:335,73,0,3
BRDA:335,73,1,3
BRDA:335,74,0,6
BRDA:335,74,1,6
BRDA:336,75,0,3
BRDA:336,75,1,3
BRDA:352,76,0,4
BRDA:352,76,1,3
BRDA:352,77,0,0
BRDA:352,77,1,4
BRDA:352,78,0,4
BRDA:352,78,1,4
BRDA:353,79,0,3
BRDA:353,79,1,1
BRDA:367,80,0,3
BRDA:367,80,1,0
BRDA:367,81,0,3
BRDA:367,81,1,3
BRDA:367,82,0,0
BRDA:367,82,1,3
BRDA:367,83,0,3
BRDA:367,83,1,3
BRDA:368,84,0,1
BRDA:368,84,1,2
BRDA:369,85,0,0
BRDA:369,85,1,2
BRF:173
BRH:122
end_of_record
TN:
SF:src\modules\materials\materialController.ts
FN:4,(anonymous_7)
FN:4,(anonymous_8)
FN:7,(anonymous_9)
FN:18,(anonymous_10)
FN:18,(anonymous_11)
FNF:5
FNH:5
FNDA:3,(anonymous_7)
FNDA:3,(anonymous_8)
FNDA:3,(anonymous_9)
FNDA:5,(anonymous_10)
FNDA:5,(anonymous_11)
DA:2,2
DA:4,3
DA:5,3
DA:6,3
DA:7,3
DA:11,2
DA:13,1
DA:14,1
DA:18,5
DA:19,5
DA:20,5
DA:22,5
DA:24,4
DA:25,1
DA:26,1
DA:29,3
DA:31,1
DA:32,1
LF:18
LH:18
BRDA:24,0,0,1
BRDA:24,0,1,3
BRDA:29,1,0,3
BRDA:29,1,1,1
BRF:4
BRH:4
end_of_record
TN:
SF:src\modules\materials\materialRepository.ts
FN:5,(anonymous_7)
FN:9,(anonymous_9)
FNF:2
FNH:2
FNDA:2,(anonymous_7)
FNDA:4,(anonymous_9)
DA:2,3
DA:4,3
DA:6,2
DA:10,4
LF:4
LH:4
BRF:0
BRH:0
end_of_record
TN:
SF:src\modules\materials\materialRoutes.ts
FNF:0
FNH:0
DA:1,1
DA:2,1
DA:3,1
DA:5,1
DA:9,1
DA:10,1
DA:12,1
LF:7
LH:7
BRF:0
BRH:0
end_of_record
TN:
SF:src\modules\project\projectController.ts
FN:6,(anonymous_7)
FN:6,(anonymous_8)
FN:19,(anonymous_9)
FN:19,(anonymous_10)
FN:31,(anonymous_11)
FN:31,(anonymous_12)
FN:38,(anonymous_13)
FN:38,(anonymous_14)
FN:55,(anonymous_15)
FN:55,(anonymous_16)
FNF:10
FNH:10
FNDA:4,(anonymous_7)
FNDA:4,(anonymous_8)
FNDA:3,(anonymous_9)
FNDA:3,(anonymous_10)
FNDA:1,(anonymous_11)
FNDA:1,(anonymous_12)
FNDA:3,(anonymous_13)
FNDA:3,(anonymous_14)
FNDA:2,(anonymous_15)
FNDA:2,(anonymous_16)
DA:3,2
DA:6,4
DA:7,4
DA:8,4
DA:9,4
DA:10,4
DA:11,3
DA:13,1
DA:14,1
DA:19,3
DA:20,3
DA:21,3
DA:22,2
DA:24,1
DA:25,1
DA:31,2
DA:33,1
DA:38,3
DA:39,3
DA:40,3
DA:41,3
DA:42,1
DA:44,2
DA:45,1
DA:47,1
DA:48,1
DA:55,2
DA:56,2
DA:57,2
DA:58,2
DA:59,1
DA:61,1
DA:62,1
LF:33
LH:33
BRDA:9,0,0,4
BRDA:9,0,1,2
BRDA:9,1,0,0
BRDA:9,1,1,4
BRDA:9,2,0,4
BRDA:9,2,1,4
BRDA:44,3,0,1
BRDA:44,3,1,1
BRF:8
BRH:7
end_of_record
TN:
SF:src\modules\project\projectRepository.ts
FN:5,(anonymous_7)
FN:17,(anonymous_9)
FN:26,(anonymous_11)
FN:29,(anonymous_13)
FN:32,(anonymous_15)
FNF:5
FNH:5
FNDA:13,(anonymous_7)
FNDA:2,(anonymous_9)
FNDA:2,(anonymous_11)
FNDA:1,(anonymous_13)
FNDA:1,(anonymous_15)
DA:2,8
DA:4,8
DA:6,13
DA:18,2
DA:27,2
DA:30,1
DA:33,1
LF:7
LH:7
BRF:0
BRH:0
end_of_record
TN:
SF:src\modules\project\projectRoutes.ts
FNF:0
FNH:0
DA:1,1
DA:2,1
DA:9,1
DA:10,1
DA:12,1
DA:15,1
DA:18,1
DA:23,1
DA:28,1
LF:9
LH:9
BRF:0
BRH:0
end_of_record
TN:
SF:src\modules\project\projectService.ts
FN:6,(anonymous_16)
FN:12,(anonymous_17)
FN:16,(anonymous_19)
FN:25,(anonymous_21)
FN:60,(anonymous_23)
FN:79,(anonymous_24)
FNF:6
FNH:6
FNDA:5,(anonymous_16)
FNDA:2,(anonymous_17)
FNDA:2,(anonymous_19)
FNDA:7,(anonymous_21)
FNDA:10,(anonymous_23)
FNDA:1,(anonymous_24)
DA:1,3
DA:2,3
DA:5,3
DA:7,5
DA:8,5
DA:9,5
DA:13,2
DA:17,2
DA:26,7
DA:27,7
DA:30,6
DA:35,1
DA:38,6
DA:40,6
DA:41,6
DA:49,6
DA:50,126
DA:51,4
DA:55,6
DA:56,6
DA:58,6
DA:59,3
DA:60,10
DA:61,2
DA:62,1
DA:64,2
DA:65,2
DA:66,2
DA:68,1
DA:72,6
DA:80,1
LF:31
LH:31
BRDA:7,0,0,5
BRDA:7,0,1,0
BRDA:7,1,0,5
BRDA:7,1,1,5
BRDA:8,2,0,5
BRDA:8,2,1,0
BRDA:8,3,0,5
BRDA:8,3,1,5
BRDA:9,4,0,5
BRDA:9,4,1,0
BRDA:9,5,0,5
BRDA:9,5,1,2
BRDA:26,6,0,6
BRDA:26,6,1,1
BRDA:26,7,0,7
BRDA:26,7,1,7
BRDA:27,8,0,1
BRDA:27,8,1,6
BRDA:30,9,0,1
BRDA:30,9,1,5
BRDA:31,10,0,6
BRDA:31,10,1,5
BRDA:31,10,2,5
BRDA:38,11,0,1
BRDA:38,11,1,5
BRDA:50,12,0,4
BRDA:50,12,1,122
BRDA:55,13,0,1
BRDA:55,13,1,5
BRDA:56,14,0,1
BRDA:56,14,1,5
BRDA:58,15,0,3
BRDA:58,15,1,3
BRDA:58,16,0,6
BRDA:58,16,1,4
BRDA:58,16,2,4
BRDA:61,17,0,1
BRDA:61,17,1,1
BRDA:61,18,0,2
BRDA:61,18,1,2
BRF:40
BRH:37
end_of_record
TN:
SF:src\modules\quote\quoteController.ts
FN:5,(anonymous_7)
FN:5,(anonymous_8)
FN:25,(anonymous_9)
FN:25,(anonymous_10)
FN:39,(anonymous_11)
FN:39,(anonymous_12)
FN:51,(anonymous_13)
FN:51,(anonymous_14)
FN:66,(anonymous_15)
FN:66,(anonymous_16)
FNF:10
FNH:10
FNDA:6,(anonymous_7)
FNDA:6,(anonymous_8)
FNDA:4,(anonymous_9)
FNDA:4,(anonymous_10)
FNDA:3,(anonymous_11)
FNDA:3,(anonymous_12)
FNDA:5,(anonymous_13)
FNDA:5,(anonymous_14)
FNDA:4,(anonymous_15)
FNDA:4,(anonymous_16)
DA:3,2
DA:5,6
DA:6,6
DA:7,6
DA:8,6
DA:9,1
DA:12,5
DA:13,3
DA:14,2
DA:16,1
DA:19,2
DA:20,2
DA:21,1
DA:25,4
DA:26,4
DA:27,4
DA:28,4
DA:29,4
DA:30,2
DA:32,2
DA:33,2
DA:34,1
DA:35,0
DA:39,3
DA:40,3
DA:41,3
DA:42,3
DA:43,1
DA:45,2
DA:46,2
DA:47,1
DA:51,5
DA:52,5
DA:53,5
DA:54,5
DA:55,5
DA:56,2
DA:58,3
DA:59,3
DA:60,2
DA:61,1
DA:62,0
DA:66,4
DA:67,4
DA:68,4
DA:69,4
DA:70,4
DA:71,2
DA:73,2
DA:74,2
DA:75,1
DA:76,0
DA:77,0
LF:53
LH:49
BRDA:8,0,0,1
BRDA:8,0,1,5
BRDA:8,1,0,6
BRDA:8,1,1,6
BRDA:8,1,2,5
BRDA:13,2,0,2
BRDA:13,2,1,1
BRDA:20,3,0,1
BRDA:20,3,1,1
BRDA:33,4,0,1
BRDA:33,4,1,1
BRDA:34,5,0,1
BRDA:34,5,1,0
BRDA:46,6,0,1
BRDA:46,6,1,1
BRDA:59,7,0,1
BRDA:59,7,1,2
BRDA:60,8,0,1
BRDA:60,8,1,1
BRDA:61,9,0,1
BRDA:61,9,1,0
BRDA:74,10,0,1
BRDA:74,10,1,1
BRDA:75,11,0,1
BRDA:75,11,1,0
BRDA:76,12,0,0
BRDA:76,12,1,0
BRF:27
BRH:22
end_of_record
TN:
SF:src\modules\quote\quoteRoutes.ts
FNF:0
FNH:0
DA:1,1
DA:2,1
DA:3,1
DA:4,1
DA:5,1
DA:7,1
DA:10,1
DA:11,1
DA:12,1
DA:15,1
DA:16,1
DA:18,1
LF:12
LH:12
BRF:0
BRH:0
end_of_record
TN:
SF:src\modules\quote\quoteService.ts
FN:5,(anonymous_7)
FN:14,(anonymous_9)
FN:15,(anonymous_10)
FN:21,(anonymous_11)
FN:35,(anonymous_12)
FN:53,(anonymous_14)
FN:72,(anonymous_16)
FN:103,(anonymous_18)
FN:120,(anonymous_20)
FN:120,(anonymous_21)
FNF:10
FNH:10
FNDA:5,(anonymous_7)
FNDA:4,(anonymous_9)
FNDA:10,(anonymous_10)
FNDA:6,(anonymous_11)
FNDA:4,(anonymous_12)
FNDA:3,(anonymous_14)
FNDA:8,(anonymous_16)
FNDA:6,(anonymous_18)
FNDA:2,(anonymous_20)
FNDA:2,(anonymous_21)
DA:1,3
DA:2,3
DA:4,3
DA:7,5
DA:14,5
DA:15,10
DA:17,5
DA:18,1
DA:21,6
DA:28,4
DA:32,4
DA:36,4
DA:37,4
DA:38,3
DA:39,1
DA:42,2
DA:54,3
DA:55,3
DA:57,2
DA:73,8
DA:74,2
DA:77,6
DA:78,6
DA:80,5
DA:81,5
DA:82,4
DA:83,1
DA:86,3
DA:87,1
DA:90,2
DA:104,6
DA:109,6
DA:110,5
DA:111,1
DA:114,4
DA:116,1
DA:120,3
DA:121,2
DA:127,2
DA:136,2
LF:40
LH:40
BRDA:17,0,0,1
BRDA:17,0,1,4
BRDA:37,1,0,1
BRDA:37,1,1,3
BRDA:38,2,0,1
BRDA:38,2,1,2
BRDA:55,3,0,1
BRDA:55,3,1,2
BRDA:73,4,0,2
BRDA:73,4,1,6
BRDA:73,5,0,8
BRDA:73,5,1,8
BRDA:78,6,0,1
BRDA:78,6,1,5
BRDA:81,7,0,1
BRDA:81,7,1,4
BRDA:82,8,0,1
BRDA:82,8,1,3
BRDA:86,9,0,1
BRDA:86,9,1,2
BRDA:98,10,0,0
BRDA:98,10,1,2
BRDA:109,11,0,1
BRDA:109,11,1,5
BRDA:110,12,0,1
BRDA:110,12,1,4
BRDA:114,13,0,1
BRDA:114,13,1,3
BRF:28
BRH:27
end_of_record
TN:
SF:src\modules\terrain\geospatialService.ts
FN:14,(anonymous_8)
FN:61,(anonymous_10)
FN:73,(anonymous_11)
FN:76,(anonymous_12)
FN:80,(anonymous_13)
FN:83,(anonymous_14)
FN:87,(anonymous_15)
FN:93,(anonymous_16)
FNF:8
FNH:7
FNDA:6,(anonymous_8)
FNDA:6,(anonymous_10)
FNDA:1,(anonymous_11)
FNDA:1,(anonymous_12)
FNDA:1,(anonymous_13)
FNDA:13,(anonymous_14)
FNDA:0,(anonymous_15)
FNDA:17,(anonymous_16)
DA:1,3
DA:2,3
DA:3,3
DA:4,3
DA:6,3
DA:7,3
DA:8,3
DA:10,3
DA:12,3
DA:15,6
DA:16,6
DA:18,6
DA:19,6
DA:20,6
DA:21,5
DA:23,1
DA:28,5
DA:29,5
DA:30,5
DA:32,5
DA:33,9
DA:34,9
DA:35,9
DA:37,2
DA:38,2
DA:39,2
DA:40,2
DA:42,2
DA:44,2
DA:45,2
DA:46,2
DA:48,0
DA:52,2
DA:54,7
DA:55,7
DA:56,1
DA:57,1
DA:59,6
DA:60,6
DA:61,6
DA:65,3
DA:66,3
DA:68,0
DA:69,0
DA:74,1
DA:75,1
DA:76,1
DA:77,1
DA:81,1
DA:82,1
DA:83,13
DA:84,1
DA:88,0
DA:89,0
DA:90,0
DA:94,17
LF:56
LH:50
BRDA:18,0,0,6
BRDA:18,0,1,0
BRDA:21,1,0,1
BRDA:21,1,1,4
BRDA:34,2,0,0
BRDA:34,2,1,9
BRDA:34,3,0,9
BRDA:34,3,1,0
BRDA:34,4,0,9
BRDA:34,4,1,9
BRDA:37,5,0,2
BRDA:37,5,1,0
BRDA:38,6,0,2
BRDA:38,6,1,0
BRDA:38,6,2,0
BRDA:38,6,3,0
BRDA:38,6,4,0
BRDA:38,6,5,0
BRDA:38,6,6,0
BRDA:40,7,0,2
BRDA:40,7,1,1
BRDA:40,7,2,1
BRDA:40,7,3,0
BRDA:40,7,4,0
BRDA:44,8,0,2
BRDA:44,8,1,0
BRDA:55,9,0,1
BRDA:55,9,1,6
BRDA:55,10,0,7
BRDA:55,10,1,1
BRDA:55,10,2,1
BRDA:77,11,0,1
BRDA:77,11,1,0
BRDA:84,12,0,1
BRDA:84,12,1,0
BRDA:89,13,0,0
BRDA:89,13,1,0
BRDA:90,14,0,0
BRDA:90,14,1,0
BRDA:90,14,2,0
BRDA:94,15,0,17
BRDA:94,15,1,0
BRF:42
BRH:21
end_of_record
TN:
SF:src\modules\terrain\terrainController.ts
FN:4,(anonymous_7)
FN:4,(anonymous_8)
FNF:2
FNH:2
FNDA:9,(anonymous_7)
FNDA:9,(anonymous_8)
DA:2,2
DA:4,9
DA:5,9
DA:6,9
DA:7,5
DA:9,4
DA:10,3
DA:12,1
DA:13,1
LF:9
LH:9
BRDA:9,0,0,3
BRDA:9,0,1,1
BRDA:9,1,0,4
BRDA:9,1,1,4
BRDA:9,2,0,0
BRDA:9,2,1,4
BRDA:9,3,0,4
BRDA:9,3,1,4
BRF:8
BRH:7
end_of_record
TN:
SF:src\modules\terrain\terrainRepository.ts
FN:5,(anonymous_7)
FNF:1
FNH:0
FNDA:0,(anonymous_7)
DA:2,0
DA:4,0
DA:6,0
LF:3
LH:0
BRF:0
BRH:0
end_of_record
TN:
SF:src\modules\terrain\terrainRoutes.ts
FNF:0
FNH:0
DA:1,1
DA:2,1
DA:3,1
DA:5,1
DA:8,1
DA:10,1
LF:6
LH:6
BRF:0
BRH:0
end_of_record
TN:
SF:src\modules\terrain\terrainService.ts
FN:5,(anonymous_7)
FNF:1
FNH:1
FNDA:10,(anonymous_7)
DA:1,3
DA:4,3
DA:6,10
DA:7,10
DA:8,10
DA:10,10
DA:11,5
DA:12,1
DA:14,4
DA:15,4
DA:16,3
DA:17,3
DA:21,9
DA:22,2
DA:25,7
DA:26,7
DA:28,7
LF:17
LH:17
BRDA:7,0,0,10
BRDA:7,0,1,5
BRDA:10,1,0,5
BRDA:10,1,1,5
BRDA:10,2,0,10
BRDA:10,2,1,5
BRDA:11,3,0,1
BRDA:11,3,1,4
BRDA:11,4,0,5
BRDA:11,4,1,1
BRDA:15,5,0,3
BRDA:15,5,1,1
BRDA:16,6,0,3
BRDA:16,6,1,2
BRDA:21,7,0,2
BRDA:21,7,1,7
BRDA:31,8,0,7
BRDA:31,8,1,3
BRDA:31,9,0,3
BRDA:31,9,1,4
BRDA:31,10,0,7
BRDA:31,10,1,4
BRDA:32,11,0,7
BRDA:32,11,1,3
BRF:24
BRH:24
end_of_record
